[2022-08-14 11:55:27,668 [group-thread-qcc]  WARN Sekiro:?]  [sekiroGroup:qcc][clientId:group:qcc:system-fake] pool queue empty
[2022-08-14 11:57:17,206 [group-thread-qcc]  WARN Sekiro:?]  [sekiroGroup:qcc][clientId:group:qcc:system-fake] pool queue empty
[2022-08-14 13:53:47,957 [group-thread-qcc]  WARN Sekiro:?]  [sekiroGroup:qcc][clientId:group:qcc:system-fake] pool queue empty
[2022-08-14 13:55:39,697 [group-thread-qcc]  WARN Sekiro:?]  [sekiroGroup:qcc][clientId:group:qcc:system-fake] pool queue empty
[2022-08-14 13:57:10,749 [group-thread-qcc]  WARN Sekiro:?]  [sekiroGroup:qcc][clientId:group:qcc:system-fake] pool queue empty
[2022-08-14 13:59:58,855 [group-thread-qcc]  WARN Sekiro:?]  [sekiroGroup:qcc][clientId:group:qcc:system-fake] pool queue empty
[2022-08-14 14:04:38,690 [group-thread-qcc]  WARN Sekiro:?]  [sekiroGroup:qcc][clientId:group:qcc:system-fake] pool queue empty
[2022-08-14 14:04:54,555 [group-thread-qcc]  WARN Sekiro:?]  [sekiroGroup:qcc][clientId:group:qcc:system-fake] pool queue empty
[2022-08-14 14:08:32,718 [group-thread-qcc]  WARN Sekiro:?]  [sekiroGroup:qcc][clientId:group:qcc:system-fake] pool queue empty
[2022-08-14 14:10:33,721 [group-thread-qcc]  WARN Sekiro:?]  [sekiroGroup:qcc][clientId:group:qcc:system-fake] pool queue empty
[2022-08-14 14:16:45,315 [sekiro-worker-3-8]  INFO Sekiro:?]  [sekiroGroup:qcc][clientId:352bfd11-52bf-ca1f-3d99-e4f692a4b8a3] client register
[2022-08-14 14:17:07,224 [sekiro-worker-3-19]  INFO Sekiro:?]  [sekiroGroup:qcc][clientId:a46b0766-f355-39d4-c95c-3f57c6661212] client register
[2022-08-14 14:18:47,735 [group-thread-qcc]  INFO Sekiro:?]  [sekiroGroup:qcc][clientId:352bfd11-52bf-ca1f-3d99-e4f692a4b8a3] client disconnect
[2022-08-14 14:18:47,735 [group-thread-qcc]  INFO Sekiro:?]  [sekiroGroup:qcc][clientId:a46b0766-f355-39d4-c95c-3f57c6661212] client disconnect
[2022-08-14 14:20:18,531 [sekiro-worker-3-2]  INFO Sekiro:?]  [sekiroGroup:qcc][clientId:272741ce-20ba-b492-4fcb-21b39e29e8d3] client register
[2022-08-14 14:20:18,933 [sekiro-worker-3-3]  INFO Sekiro:?]  [sekiroGroup:qcc][clientId:b1baea3c-c526-0903-6e4c-e430d2508529] client register
[2022-08-14 14:20:20,432 [sekiro-worker-3-4]  INFO Sekiro:?]  [sekiroGroup:qcc][clientId:84bcb35f-0347-1158-b021-921a7c9450af] client register
[2022-08-14 14:20:20,652 [sekiro-worker-3-5]  INFO Sekiro:?]  [sekiroGroup:qcc][clientId:f97a87f7-a17e-f309-8d44-98a8fc636719] client register
[2022-08-14 14:20:20,907 [sekiro-worker-3-6]  INFO Sekiro:?]  [sekiroGroup:qcc][clientId:203debb0-2bbc-da8f-e3bc-b9b2cee83fa0] client register
[2022-08-14 14:20:21,252 [sekiro-worker-3-7]  INFO Sekiro:?]  [sekiroGroup:qcc][clientId:cca8c21c-6b4f-8f6b-f227-d793c108c301] client register
[2022-08-14 14:20:21,494 [group-thread-qcc]  INFO Sekiro:?]  [sekiroGroup:qcc][clientId:cca8c21c-6b4f-8f6b-f227-d793c108c301] client disconnect
[2022-08-14 14:20:21,494 [group-thread-qcc]  INFO Sekiro:?]  [sekiroGroup:qcc][clientId:84bcb35f-0347-1158-b021-921a7c9450af] client disconnect
[2022-08-14 14:20:21,494 [group-thread-qcc]  INFO Sekiro:?]  [sekiroGroup:qcc][clientId:203debb0-2bbc-da8f-e3bc-b9b2cee83fa0] client disconnect
[2022-08-14 14:20:21,494 [group-thread-qcc]  INFO Sekiro:?]  [sekiroGroup:qcc][clientId:f97a87f7-a17e-f309-8d44-98a8fc636719] client disconnect
[2022-08-14 14:20:21,495 [group-thread-qcc]  INFO Sekiro:?]  [sekiroGroup:qcc][clientId:b1baea3c-c526-0903-6e4c-e430d2508529] client disconnect
[2022-08-14 14:20:21,495 [group-thread-qcc]  INFO Sekiro:?]  [sekiroGroup:qcc][clientId:272741ce-20ba-b492-4fcb-21b39e29e8d3] client disconnect
[2022-08-14 14:20:24,986 [sekiro-worker-3-8]  INFO Sekiro:?]  [sekiroGroup:qcc][clientId:05b9e869-98bc-a5d1-0140-a5f40c46d2cd] client register
[2022-08-14 14:20:24,999 [sekiro-worker-3-9]  INFO Sekiro:?]  [sekiroGroup:qcc][clientId:226dd95d-e1d6-91b8-1295-8078f8bab6f3] client register
[2022-08-14 14:20:25,013 [sekiro-worker-3-10]  INFO Sekiro:?]  [sekiroGroup:qcc][clientId:2cd7feed-e8f0-42d8-46b0-4f32a7fb7bca] client register
[2022-08-14 14:20:25,025 [sekiro-worker-3-11]  INFO Sekiro:?]  [sekiroGroup:qcc][clientId:383abdbf-fe6d-624b-f2f7-93231234c467] client register
[2022-08-14 14:20:25,038 [sekiro-worker-3-12]  INFO Sekiro:?]  [sekiroGroup:qcc][clientId:35926cca-08e1-cffc-56b8-583174849286] client register
[2022-08-14 14:20:25,051 [sekiro-worker-3-13]  INFO Sekiro:?]  [sekiroGroup:qcc][clientId:112c5aad-4b5b-ad2d-7654-b28130859fbb] client register
[2022-08-14 14:20:25,063 [sekiro-worker-3-14]  INFO Sekiro:?]  [sekiroGroup:qcc][clientId:f0c1580d-e3d3-03c8-3cba-96b1ff572ed1] client register
[2022-08-14 14:20:25,076 [sekiro-worker-3-15]  INFO Sekiro:?]  [sekiroGroup:qcc][clientId:ff19756c-5fed-0dc6-d617-fac015e170fe] client register
[2022-08-14 14:20:25,088 [sekiro-worker-3-16]  INFO Sekiro:?]  [sekiroGroup:qcc][clientId:e9034eb4-ccf3-5f90-0ebc-175419607b45] client register
[2022-08-14 14:20:25,139 [sekiro-worker-3-17]  INFO Sekiro:?]  [sekiroGroup:qcc][clientId:732cd8ae-74e7-fa56-e4bc-5501f88008e8] client register
[2022-08-14 14:20:41,144 [sekiro-worker-3-18]  INFO Sekiro:?]  [sekiroGroup:qcc][clientId:749df274-b811-fda2-c1e3-d1da5489ab6e] client register
[2022-08-14 14:21:06,072 [group-thread-qcc]  INFO Sekiro:?]  [sekiroGroup:qcc][clientId:749df274-b811-fda2-c1e3-d1da5489ab6e] forward invoke :{"action":"xm","group":"qcc","pageIndex":"2","t":"/api/datalist/touzilist?keyNo=9cce0780ab7644008b73bc2120479d31"} to client:749df274-b811-fda2-c1e3-d1da5489ab6e
[2022-08-14 14:21:06,074 [sekiro-worker-3-18]  INFO Sekiro:?]  [sekiroGroup:qcc][clientId:749df274-b811-fda2-c1e3-d1da5489ab6e][action:xm] forward invoke seq:2 request:{"action":"xm","group":"qcc","pageIndex":"2","t":"/api/datalist/touzilist?keyNo=9cce0780ab7644008b73bc2120479d31"}
[2022-08-14 14:21:24,818 [group-thread-qcc]  INFO Sekiro:?]  [sekiroGroup:qcc][clientId:732cd8ae-74e7-fa56-e4bc-5501f88008e8] forward invoke :{"action":"xm","group":"qcc","pageIndex":"2","t":"/api/datalist/touzilist?keyNo=9cce0780ab7644008b73bc2120479d31"} to client:732cd8ae-74e7-fa56-e4bc-5501f88008e8
[2022-08-14 14:21:24,818 [sekiro-worker-3-17]  INFO Sekiro:?]  [sekiroGroup:qcc][clientId:732cd8ae-74e7-fa56-e4bc-5501f88008e8][action:xm] forward invoke seq:2 request:{"action":"xm","group":"qcc","pageIndex":"2","t":"/api/datalist/touzilist?keyNo=9cce0780ab7644008b73bc2120479d31"}
[2022-08-14 14:21:41,677 [group-thread-qcc]  INFO Sekiro:?]  [sekiroGroup:qcc][clientId:e9034eb4-ccf3-5f90-0ebc-175419607b45] forward invoke :{"action":"xm","group":"qcc","pageIndex":"2","t":"/api/datalist/touzilist?keyNo=9cce0780ab7644008b73bc2120479d31"} to client:e9034eb4-ccf3-5f90-0ebc-175419607b45
[2022-08-14 14:21:41,678 [sekiro-worker-3-16]  INFO Sekiro:?]  [sekiroGroup:qcc][clientId:e9034eb4-ccf3-5f90-0ebc-175419607b45][action:xm] forward invoke seq:2 request:{"action":"xm","group":"qcc","pageIndex":"2","t":"/api/datalist/touzilist?keyNo=9cce0780ab7644008b73bc2120479d31"}
[2022-08-14 14:21:51,273 [group-thread-qcc]  INFO Sekiro:?]  [sekiroGroup:qcc][clientId:ff19756c-5fed-0dc6-d617-fac015e170fe] forward invoke :{"action":"xm","group":"qcc","pageIndex":"2","t":"/api/datalist/touzilist?keyNo=9cce0780ab7644008b73bc2120479d31"} to client:ff19756c-5fed-0dc6-d617-fac015e170fe
[2022-08-14 14:21:51,274 [sekiro-worker-3-15]  INFO Sekiro:?]  [sekiroGroup:qcc][clientId:ff19756c-5fed-0dc6-d617-fac015e170fe][action:xm] forward invoke seq:2 request:{"action":"xm","group":"qcc","pageIndex":"2","t":"/api/datalist/touzilist?keyNo=9cce0780ab7644008b73bc2120479d31"}
[2022-08-14 14:22:29,156 [group-thread-qcc]  INFO Sekiro:?]  [sekiroGroup:qcc][clientId:f0c1580d-e3d3-03c8-3cba-96b1ff572ed1] client disconnect
[2022-08-14 14:22:29,156 [group-thread-qcc]  INFO Sekiro:?]  [sekiroGroup:qcc][clientId:732cd8ae-74e7-fa56-e4bc-5501f88008e8] client disconnect
[2022-08-14 14:22:29,156 [group-thread-qcc]  INFO Sekiro:?]  [sekiroGroup:qcc][clientId:ff19756c-5fed-0dc6-d617-fac015e170fe] client disconnect
[2022-08-14 14:22:29,157 [group-thread-qcc]  INFO Sekiro:?]  [sekiroGroup:qcc][clientId:226dd95d-e1d6-91b8-1295-8078f8bab6f3] client disconnect
[2022-08-14 14:22:29,157 [group-thread-qcc]  INFO Sekiro:?]  [sekiroGroup:qcc][clientId:2cd7feed-e8f0-42d8-46b0-4f32a7fb7bca] client disconnect
[2022-08-14 14:22:29,157 [group-thread-qcc]  INFO Sekiro:?]  [sekiroGroup:qcc][clientId:383abdbf-fe6d-624b-f2f7-93231234c467] client disconnect
[2022-08-14 14:22:29,158 [group-thread-qcc]  INFO Sekiro:?]  [sekiroGroup:qcc][clientId:e9034eb4-ccf3-5f90-0ebc-175419607b45] client disconnect
[2022-08-14 14:22:29,159 [group-thread-qcc]  INFO Sekiro:?]  [sekiroGroup:qcc][clientId:112c5aad-4b5b-ad2d-7654-b28130859fbb] client disconnect
[2022-08-14 14:22:29,159 [group-thread-qcc]  INFO Sekiro:?]  [sekiroGroup:qcc][clientId:05b9e869-98bc-a5d1-0140-a5f40c46d2cd] client disconnect
[2022-08-14 14:22:29,159 [group-thread-qcc]  INFO Sekiro:?]  [sekiroGroup:qcc][clientId:749df274-b811-fda2-c1e3-d1da5489ab6e] client disconnect
[2022-08-14 14:22:29,160 [group-thread-qcc]  INFO Sekiro:?]  [sekiroGroup:qcc][clientId:35926cca-08e1-cffc-56b8-583174849286] client disconnect
[2022-08-14 14:22:43,233 [sekiro-worker-3-23]  INFO Sekiro:?]  [sekiroGroup:qcc][clientId:243c940e-08b4-c422-d74e-7a56b08677e4] client register
[2022-08-14 14:22:43,244 [sekiro-worker-3-24]  INFO Sekiro:?]  [sekiroGroup:qcc][clientId:7312612b-4621-8f56-80a4-245672b57ed5] client register
[2022-08-14 14:22:43,256 [sekiro-worker-3-25]  INFO Sekiro:?]  [sekiroGroup:qcc][clientId:cf80dca6-41be-1253-6a24-96f4a16380cc] client register
[2022-08-14 14:22:43,269 [sekiro-worker-3-26]  INFO Sekiro:?]  [sekiroGroup:qcc][clientId:4ce789a5-90e3-ed39-e340-e0f9509d8816] client register
[2022-08-14 14:22:43,281 [sekiro-worker-3-27]  INFO Sekiro:?]  [sekiroGroup:qcc][clientId:227316b1-2538-c885-389a-0cabc9d70e4f] client register
[2022-08-14 14:22:43,292 [sekiro-worker-3-28]  INFO Sekiro:?]  [sekiroGroup:qcc][clientId:3d63e7ce-32cf-8ada-45be-ebf9107a94e6] client register
[2022-08-14 14:22:43,303 [sekiro-worker-3-29]  INFO Sekiro:?]  [sekiroGroup:qcc][clientId:0415c58d-170e-e2b3-cbb6-4f13865b8dcc] client register
[2022-08-14 14:22:43,318 [sekiro-worker-3-30]  INFO Sekiro:?]  [sekiroGroup:qcc][clientId:4145fb48-17d3-b99b-9379-b296566cb8ca] client register
[2022-08-14 14:22:43,514 [sekiro-worker-3-31]  INFO Sekiro:?]  [sekiroGroup:qcc][clientId:772ecd87-4fd8-7b5a-266a-c8659006c2b0] client register
[2022-08-14 14:22:43,587 [sekiro-worker-3-32]  INFO Sekiro:?]  [sekiroGroup:qcc][clientId:8cd1bc5d-b50e-f58c-b621-c4930e7ad10c] client register
[2022-08-14 14:22:52,963 [group-thread-qcc]  INFO Sekiro:?]  [sekiroGroup:qcc][clientId:8cd1bc5d-b50e-f58c-b621-c4930e7ad10c] forward invoke :{"action":"xm","group":"qcc","pageIndex":"2","t":"/api/datalist/touzilist?keyNo=9cce0780ab7644008b73bc2120479d31"} to client:8cd1bc5d-b50e-f58c-b621-c4930e7ad10c
[2022-08-14 14:22:52,963 [sekiro-worker-3-32]  INFO Sekiro:?]  [sekiroGroup:qcc][clientId:8cd1bc5d-b50e-f58c-b621-c4930e7ad10c][action:xm] forward invoke seq:2 request:{"action":"xm","group":"qcc","pageIndex":"2","t":"/api/datalist/touzilist?keyNo=9cce0780ab7644008b73bc2120479d31"}
[2022-08-14 14:23:06,619 [sekiro-worker-3-34]  INFO Sekiro:?]  [sekiroGroup:qcc][clientId:aded8a14-bcf4-fae6-ec8d-8ef1c27e326c] client register
[2022-08-14 14:23:22,347 [sekiro-worker-3-35]  INFO Sekiro:?]  [sekiroGroup:qcc][clientId:2e86d70b-bfef-a7cf-edf1-7bc38267280a] client register
[2022-08-14 14:23:24,479 [sekiro-worker-3-36]  INFO Sekiro:?]  [sekiroGroup:qcc][clientId:82461c46-692a-e3b3-dabf-23f789203bdf] client register
[2022-08-14 14:25:02,704 [group-thread-qcc]  INFO Sekiro:?]  [sekiroGroup:qcc][clientId:772ecd87-4fd8-7b5a-266a-c8659006c2b0] client disconnect
[2022-08-14 14:25:02,704 [group-thread-qcc]  INFO Sekiro:?]  [sekiroGroup:qcc][clientId:aded8a14-bcf4-fae6-ec8d-8ef1c27e326c] client disconnect
[2022-08-14 14:25:02,706 [group-thread-qcc]  INFO Sekiro:?]  [sekiroGroup:qcc][clientId:4ce789a5-90e3-ed39-e340-e0f9509d8816] client disconnect
[2022-08-14 14:25:02,706 [group-thread-qcc]  INFO Sekiro:?]  [sekiroGroup:qcc][clientId:cf80dca6-41be-1253-6a24-96f4a16380cc] client disconnect
[2022-08-14 14:25:02,706 [group-thread-qcc]  INFO Sekiro:?]  [sekiroGroup:qcc][clientId:2e86d70b-bfef-a7cf-edf1-7bc38267280a] client disconnect
[2022-08-14 14:25:02,706 [group-thread-qcc]  INFO Sekiro:?]  [sekiroGroup:qcc][clientId:82461c46-692a-e3b3-dabf-23f789203bdf] client disconnect
[2022-08-14 14:25:02,706 [group-thread-qcc]  INFO Sekiro:?]  [sekiroGroup:qcc][clientId:0415c58d-170e-e2b3-cbb6-4f13865b8dcc] client disconnect
[2022-08-14 14:25:02,706 [group-thread-qcc]  INFO Sekiro:?]  [sekiroGroup:qcc][clientId:7312612b-4621-8f56-80a4-245672b57ed5] client disconnect
[2022-08-14 14:25:02,706 [group-thread-qcc]  INFO Sekiro:?]  [sekiroGroup:qcc][clientId:243c940e-08b4-c422-d74e-7a56b08677e4] client disconnect
[2022-08-14 14:25:02,706 [group-thread-qcc]  INFO Sekiro:?]  [sekiroGroup:qcc][clientId:3d63e7ce-32cf-8ada-45be-ebf9107a94e6] client disconnect
[2022-08-14 14:25:02,706 [group-thread-qcc]  INFO Sekiro:?]  [sekiroGroup:qcc][clientId:8cd1bc5d-b50e-f58c-b621-c4930e7ad10c] client disconnect
[2022-08-14 14:25:02,706 [group-thread-qcc]  INFO Sekiro:?]  [sekiroGroup:qcc][clientId:227316b1-2538-c885-389a-0cabc9d70e4f] client disconnect
[2022-08-14 14:25:02,706 [group-thread-qcc]  INFO Sekiro:?]  [sekiroGroup:qcc][clientId:4145fb48-17d3-b99b-9379-b296566cb8ca] client disconnect
[2022-08-14 14:30:25,956 [sekiro-worker-3-1]  INFO Sekiro:?]  [sekiroGroup:qcc][clientId:3b431c00-93c8-00f9-a5cd-87619760f5d4] client register
[2022-08-14 14:30:25,967 [sekiro-worker-3-2]  INFO Sekiro:?]  [sekiroGroup:qcc][clientId:ac77063d-215d-5341-8864-8feae2fe1e7d] client register
[2022-08-14 14:30:25,979 [sekiro-worker-3-3]  INFO Sekiro:?]  [sekiroGroup:qcc][clientId:cf696626-da6e-26ec-2249-6ad00c892f9e] client register
[2022-08-14 14:30:25,991 [sekiro-worker-3-4]  INFO Sekiro:?]  [sekiroGroup:qcc][clientId:301c48c3-a3f2-ab5d-6740-e2d796b85065] client register
[2022-08-14 14:30:26,003 [sekiro-worker-3-5]  INFO Sekiro:?]  [sekiroGroup:qcc][clientId:e01fbe77-1566-d381-c469-8e4a4af894ad] client register
[2022-08-14 14:30:26,015 [sekiro-worker-3-6]  INFO Sekiro:?]  [sekiroGroup:qcc][clientId:224dca24-73c2-6749-b799-82e1b11e6b90] client register
[2022-08-14 14:30:26,029 [sekiro-worker-3-7]  INFO Sekiro:?]  [sekiroGroup:qcc][clientId:4d0a1c59-836b-b26b-9630-cb3b24f67fd6] client register
[2022-08-14 14:30:26,041 [sekiro-worker-3-8]  INFO Sekiro:?]  [sekiroGroup:qcc][clientId:93d5fd81-1992-d60f-da3b-3151a744bea3] client register
[2022-08-14 14:30:26,153 [sekiro-worker-3-9]  INFO Sekiro:?]  [sekiroGroup:qcc][clientId:1c38fadb-f9e3-3e5c-982f-cf8cd263a69a] client register
[2022-08-14 14:30:26,236 [sekiro-worker-3-10]  INFO Sekiro:?]  [sekiroGroup:qcc][clientId:2a70090f-69cb-f79d-5add-c0c155dedffd] client register
[2022-08-14 14:30:39,634 [sekiro-worker-3-11]  INFO Sekiro:?]  [sekiroGroup:qcc][clientId:ec9793cd-2c2f-b949-a75a-341f20dbf8ab] client register
[2022-08-14 14:30:50,477 [group-thread-qcc]  INFO Sekiro:?]  [sekiroGroup:qcc][clientId:ec9793cd-2c2f-b949-a75a-341f20dbf8ab] forward invoke :{"action":"xm","group":"qcc","pageindex":"1","t":"/api/datalist/touzilist?keyno=9cce0780ab7644008b73bc2120479d31"} to client:ec9793cd-2c2f-b949-a75a-341f20dbf8ab
[2022-08-14 14:30:50,477 [sekiro-worker-3-11]  INFO Sekiro:?]  [sekiroGroup:qcc][clientId:ec9793cd-2c2f-b949-a75a-341f20dbf8ab][action:xm] forward invoke seq:2 request:{"action":"xm","group":"qcc","pageindex":"1","t":"/api/datalist/touzilist?keyno=9cce0780ab7644008b73bc2120479d31"}
[2022-08-14 14:30:55,541 [group-thread-qcc]  INFO Sekiro:?]  [sekiroGroup:qcc][clientId:2a70090f-69cb-f79d-5add-c0c155dedffd] forward invoke :{"action":"xm","group":"qcc","pageindex":"1","t":"/api/datalist/touzilist?keyno=9cce0780ab7644008b73bc2120479d31"} to client:2a70090f-69cb-f79d-5add-c0c155dedffd
[2022-08-14 14:30:55,542 [sekiro-worker-3-10]  INFO Sekiro:?]  [sekiroGroup:qcc][clientId:2a70090f-69cb-f79d-5add-c0c155dedffd][action:xm] forward invoke seq:2 request:{"action":"xm","group":"qcc","pageindex":"1","t":"/api/datalist/touzilist?keyno=9cce0780ab7644008b73bc2120479d31"}
[2022-08-14 14:31:02,158 [group-thread-qcc]  INFO Sekiro:?]  [sekiroGroup:qcc][clientId:1c38fadb-f9e3-3e5c-982f-cf8cd263a69a] forward invoke :{"action":"xm","group":"qcc","pageindex":"2","t":"/api/datalist/touzilist?keyno=9cce0780ab7644008b73bc2120479d31"} to client:1c38fadb-f9e3-3e5c-982f-cf8cd263a69a
[2022-08-14 14:31:02,158 [sekiro-worker-3-9]  INFO Sekiro:?]  [sekiroGroup:qcc][clientId:1c38fadb-f9e3-3e5c-982f-cf8cd263a69a][action:xm] forward invoke seq:2 request:{"action":"xm","group":"qcc","pageindex":"2","t":"/api/datalist/touzilist?keyno=9cce0780ab7644008b73bc2120479d31"}
[2022-08-14 14:31:17,955 [group-thread-qcc]  INFO Sekiro:?]  [sekiroGroup:qcc][clientId:93d5fd81-1992-d60f-da3b-3151a744bea3] forward invoke :{"action":"xm","group":"qcc","t":"/api/datalist/touzilist"} to client:93d5fd81-1992-d60f-da3b-3151a744bea3
[2022-08-14 14:31:17,956 [sekiro-worker-3-8]  INFO Sekiro:?]  [sekiroGroup:qcc][clientId:93d5fd81-1992-d60f-da3b-3151a744bea3][action:xm] forward invoke seq:2 request:{"action":"xm","group":"qcc","t":"/api/datalist/touzilist"}
[2022-08-14 14:31:28,699 [group-thread-qcc]  INFO Sekiro:?]  [sekiroGroup:qcc][clientId:4d0a1c59-836b-b26b-9630-cb3b24f67fd6] forward invoke :{"action":"xm","group":"qcc","pageindex":"2","t":"keyno=9cce0780ab7644008b73bc2120479d31"} to client:4d0a1c59-836b-b26b-9630-cb3b24f67fd6
[2022-08-14 14:31:28,699 [sekiro-worker-3-7]  INFO Sekiro:?]  [sekiroGroup:qcc][clientId:4d0a1c59-836b-b26b-9630-cb3b24f67fd6][action:xm] forward invoke seq:2 request:{"action":"xm","group":"qcc","pageindex":"2","t":"keyno=9cce0780ab7644008b73bc2120479d31"}
[2022-08-14 14:31:36,110 [group-thread-qcc]  INFO Sekiro:?]  [sekiroGroup:qcc][clientId:224dca24-73c2-6749-b799-82e1b11e6b90] forward invoke :{"action":"xm","group":"qcc","pageindex":"2","t":"/api/datalist/touzilist?keyno=9cce0780ab7644008b73bc2120479d31"} to client:224dca24-73c2-6749-b799-82e1b11e6b90
[2022-08-14 14:31:36,110 [sekiro-worker-3-6]  INFO Sekiro:?]  [sekiroGroup:qcc][clientId:224dca24-73c2-6749-b799-82e1b11e6b90][action:xm] forward invoke seq:2 request:{"action":"xm","group":"qcc","pageindex":"2","t":"/api/datalist/touzilist?keyno=9cce0780ab7644008b73bc2120479d31"}
[2022-08-14 14:31:43,064 [group-thread-qcc]  INFO Sekiro:?]  [sekiroGroup:qcc][clientId:e01fbe77-1566-d381-c469-8e4a4af894ad] forward invoke :{"action":"xm","group":"qcc","pageindex":"1","t":"/api/datalist/touzilist?keyno=9cce0780ab7644008b73bc2120479d31"} to client:e01fbe77-1566-d381-c469-8e4a4af894ad
[2022-08-14 14:31:43,064 [sekiro-worker-3-5]  INFO Sekiro:?]  [sekiroGroup:qcc][clientId:e01fbe77-1566-d381-c469-8e4a4af894ad][action:xm] forward invoke seq:2 request:{"action":"xm","group":"qcc","pageindex":"1","t":"/api/datalist/touzilist?keyno=9cce0780ab7644008b73bc2120479d31"}
[2022-08-14 14:32:45,215 [group-thread-qcc]  INFO Sekiro:?]  [sekiroGroup:qcc][clientId:301c48c3-a3f2-ab5d-6740-e2d796b85065] forward invoke :{"action":"xm","group":"qcc","pageindex":"1","t":"/api/datalist/touzilist?keyno=9cce0780ab7644008b73bc2120479d31"} to client:301c48c3-a3f2-ab5d-6740-e2d796b85065
[2022-08-14 14:32:45,215 [sekiro-worker-3-4]  INFO Sekiro:?]  [sekiroGroup:qcc][clientId:301c48c3-a3f2-ab5d-6740-e2d796b85065][action:xm] forward invoke seq:2 request:{"action":"xm","group":"qcc","pageindex":"1","t":"/api/datalist/touzilist?keyno=9cce0780ab7644008b73bc2120479d31"}
[2022-08-14 14:32:51,128 [group-thread-qcc]  INFO Sekiro:?]  [sekiroGroup:qcc][clientId:cf696626-da6e-26ec-2249-6ad00c892f9e] forward invoke :{"action":"xm","group":"qcc","pageindex":"","t":"/api/datalist/touzilist?keyno=9cce0780ab7644008b73bc2120479d31"} to client:cf696626-da6e-26ec-2249-6ad00c892f9e
[2022-08-14 14:32:51,128 [sekiro-worker-3-3]  INFO Sekiro:?]  [sekiroGroup:qcc][clientId:cf696626-da6e-26ec-2249-6ad00c892f9e][action:xm] forward invoke seq:2 request:{"action":"xm","group":"qcc","pageindex":"","t":"/api/datalist/touzilist?keyno=9cce0780ab7644008b73bc2120479d31"}
[2022-08-14 14:32:58,740 [group-thread-qcc]  INFO Sekiro:?]  [sekiroGroup:qcc][clientId:ac77063d-215d-5341-8864-8feae2fe1e7d] forward invoke :{"action":"xm","group":"qcc","t":"/api/datalist/touzilist?keyno=9cce0780ab7644008b73bc2120479d31"} to client:ac77063d-215d-5341-8864-8feae2fe1e7d
[2022-08-14 14:32:58,740 [sekiro-worker-3-2]  INFO Sekiro:?]  [sekiroGroup:qcc][clientId:ac77063d-215d-5341-8864-8feae2fe1e7d][action:xm] forward invoke seq:2 request:{"action":"xm","group":"qcc","t":"/api/datalist/touzilist?keyno=9cce0780ab7644008b73bc2120479d31"}
[2022-08-14 14:33:06,129 [group-thread-qcc]  INFO Sekiro:?]  [sekiroGroup:qcc][clientId:3b431c00-93c8-00f9-a5cd-87619760f5d4] forward invoke :{"action":"xm","group":"qcc","t":"/api/datalist/touzilist?"} to client:3b431c00-93c8-00f9-a5cd-87619760f5d4
[2022-08-14 14:33:06,130 [sekiro-worker-3-1]  INFO Sekiro:?]  [sekiroGroup:qcc][clientId:3b431c00-93c8-00f9-a5cd-87619760f5d4][action:xm] forward invoke seq:2 request:{"action":"xm","group":"qcc","t":"/api/datalist/touzilist?"}
[2022-08-14 14:33:24,624 [group-thread-qcc]  INFO Sekiro:?]  [sekiroGroup:qcc][clientId:ec9793cd-2c2f-b949-a75a-341f20dbf8ab] forward invoke :{"action":"xm","group":"qcc","t":"/api/datalist/touzilist?keyno=9cce0780ab7644008b73bc2120479d31pageindex=2"} to client:ec9793cd-2c2f-b949-a75a-341f20dbf8ab
[2022-08-14 14:33:24,624 [sekiro-worker-3-11]  INFO Sekiro:?]  [sekiroGroup:qcc][clientId:ec9793cd-2c2f-b949-a75a-341f20dbf8ab][action:xm] forward invoke seq:3 request:{"action":"xm","group":"qcc","t":"/api/datalist/touzilist?keyno=9cce0780ab7644008b73bc2120479d31pageindex=2"}
[2022-08-14 14:33:29,023 [group-thread-qcc]  INFO Sekiro:?]  [sekiroGroup:qcc][clientId:2a70090f-69cb-f79d-5add-c0c155dedffd] forward invoke :{"action":"xm","group":"qcc","pageindex":"2","t":"/api/datalist/touzilist?keyno=9cce0780ab7644008b73bc2120479d31"} to client:2a70090f-69cb-f79d-5add-c0c155dedffd
[2022-08-14 14:33:29,023 [sekiro-worker-3-10]  INFO Sekiro:?]  [sekiroGroup:qcc][clientId:2a70090f-69cb-f79d-5add-c0c155dedffd][action:xm] forward invoke seq:3 request:{"action":"xm","group":"qcc","pageindex":"2","t":"/api/datalist/touzilist?keyno=9cce0780ab7644008b73bc2120479d31"}
[2022-08-14 14:33:39,130 [group-thread-qcc]  INFO Sekiro:?]  [sekiroGroup:qcc][clientId:1c38fadb-f9e3-3e5c-982f-cf8cd263a69a] forward invoke :{"action":"xm","group":"qcc","keyno":"9cce0780ab7644008b73bc2120479d31","pageindex":"2","t":"/api/datalist/touzilist"} to client:1c38fadb-f9e3-3e5c-982f-cf8cd263a69a
[2022-08-14 14:33:39,130 [sekiro-worker-3-9]  INFO Sekiro:?]  [sekiroGroup:qcc][clientId:1c38fadb-f9e3-3e5c-982f-cf8cd263a69a][action:xm] forward invoke seq:3 request:{"action":"xm","group":"qcc","keyno":"9cce0780ab7644008b73bc2120479d31","pageindex":"2","t":"/api/datalist/touzilist"}
[2022-08-14 14:34:00,876 [group-thread-qcc]  INFO Sekiro:?]  [sekiroGroup:qcc][clientId:ec9793cd-2c2f-b949-a75a-341f20dbf8ab] client disconnect
[2022-08-14 14:34:00,876 [group-thread-qcc]  INFO Sekiro:?]  [sekiroGroup:qcc][clientId:301c48c3-a3f2-ab5d-6740-e2d796b85065] client disconnect
[2022-08-14 14:34:00,876 [group-thread-qcc]  INFO Sekiro:?]  [sekiroGroup:qcc][clientId:ac77063d-215d-5341-8864-8feae2fe1e7d] client disconnect
[2022-08-14 14:34:00,877 [group-thread-qcc]  INFO Sekiro:?]  [sekiroGroup:qcc][clientId:1c38fadb-f9e3-3e5c-982f-cf8cd263a69a] client disconnect
[2022-08-14 14:34:00,877 [group-thread-qcc]  INFO Sekiro:?]  [sekiroGroup:qcc][clientId:cf696626-da6e-26ec-2249-6ad00c892f9e] client disconnect
[2022-08-14 14:34:00,878 [group-thread-qcc]  INFO Sekiro:?]  [sekiroGroup:qcc][clientId:e01fbe77-1566-d381-c469-8e4a4af894ad] client disconnect
[2022-08-14 14:34:00,878 [group-thread-qcc]  INFO Sekiro:?]  [sekiroGroup:qcc][clientId:3b431c00-93c8-00f9-a5cd-87619760f5d4] client disconnect
[2022-08-14 14:34:00,878 [group-thread-qcc]  INFO Sekiro:?]  [sekiroGroup:qcc][clientId:4d0a1c59-836b-b26b-9630-cb3b24f67fd6] client disconnect
[2022-08-14 14:34:00,878 [group-thread-qcc]  INFO Sekiro:?]  [sekiroGroup:qcc][clientId:2a70090f-69cb-f79d-5add-c0c155dedffd] client disconnect
[2022-08-14 14:34:00,879 [group-thread-qcc]  INFO Sekiro:?]  [sekiroGroup:qcc][clientId:93d5fd81-1992-d60f-da3b-3151a744bea3] client disconnect
[2022-08-14 14:34:00,879 [group-thread-qcc]  INFO Sekiro:?]  [sekiroGroup:qcc][clientId:224dca24-73c2-6749-b799-82e1b11e6b90] client disconnect
[2022-08-14 14:36:19,716 [group-thread-qcc]  WARN Sekiro:?]  [sekiroGroup:qcc][clientId:group:qcc:system-fake] pool queue empty
[2022-08-14 14:37:01,922 [sekiro-worker-3-28]  INFO Sekiro:?]  [sekiroGroup:qcc][clientId:6bb5923b-fd4a-30b7-24f0-b12703f3b94b] client register
[2022-08-14 14:37:01,934 [sekiro-worker-3-29]  INFO Sekiro:?]  [sekiroGroup:qcc][clientId:0e3fcdac-3b2b-c541-dbaa-7bf119f20789] client register
[2022-08-14 14:37:01,944 [sekiro-worker-3-30]  INFO Sekiro:?]  [sekiroGroup:qcc][clientId:abd2cb11-c31f-1649-d7e9-af9232cbc08e] client register
[2022-08-14 14:37:01,956 [sekiro-worker-3-31]  INFO Sekiro:?]  [sekiroGroup:qcc][clientId:cc0b1dd8-0970-afc4-7091-773863bd07d5] client register
[2022-08-14 14:37:01,969 [sekiro-worker-3-32]  INFO Sekiro:?]  [sekiroGroup:qcc][clientId:0ff52378-2788-e0be-ca83-415bef360db6] client register
[2022-08-14 14:37:01,983 [sekiro-worker-3-33]  INFO Sekiro:?]  [sekiroGroup:qcc][clientId:d3bad683-439f-15ef-0eac-92bcdee6dd16] client register
[2022-08-14 14:37:01,994 [sekiro-worker-3-34]  INFO Sekiro:?]  [sekiroGroup:qcc][clientId:7e2a844d-1e62-acdf-3f25-982eb19a1bca] client register
[2022-08-14 14:37:02,007 [sekiro-worker-3-35]  INFO Sekiro:?]  [sekiroGroup:qcc][clientId:4b29c8f1-3bfa-7ef2-ae60-55efbcf21ec1] client register
[2022-08-14 14:37:02,090 [sekiro-worker-3-36]  INFO Sekiro:?]  [sekiroGroup:qcc][clientId:49460fbc-417e-135b-fdb2-27da2aae8426] client register
[2022-08-14 14:37:02,252 [sekiro-worker-3-1]  INFO Sekiro:?]  [sekiroGroup:qcc][clientId:df057084-7ce8-0fe7-33ba-324c4808524d] client register
[2022-08-14 14:37:04,835 [sekiro-worker-3-2]  INFO Sekiro:?]  [sekiroGroup:qcc][clientId:813e4f0f-4c88-e1cd-7a0c-6043f2bd975e] client register
[2022-08-14 14:37:09,882 [group-thread-qcc]  INFO Sekiro:?]  [sekiroGroup:qcc][clientId:813e4f0f-4c88-e1cd-7a0c-6043f2bd975e] forward invoke :{"action":"xm","group":"qcc","pageindex":"1","t":"/api/datalist/touzilist?keyno=9cce0780ab7644008b73bc2120479d31"} to client:813e4f0f-4c88-e1cd-7a0c-6043f2bd975e
[2022-08-14 14:37:09,882 [sekiro-worker-3-2]  INFO Sekiro:?]  [sekiroGroup:qcc][clientId:813e4f0f-4c88-e1cd-7a0c-6043f2bd975e][action:xm] forward invoke seq:2 request:{"action":"xm","group":"qcc","pageindex":"1","t":"/api/datalist/touzilist?keyno=9cce0780ab7644008b73bc2120479d31"}
[2022-08-14 14:37:44,885 [group-thread-qcc]  INFO Sekiro:?]  [sekiroGroup:qcc][clientId:d3bad683-439f-15ef-0eac-92bcdee6dd16] client disconnect
[2022-08-14 14:37:44,885 [group-thread-qcc]  INFO Sekiro:?]  [sekiroGroup:qcc][clientId:4b29c8f1-3bfa-7ef2-ae60-55efbcf21ec1] client disconnect
[2022-08-14 14:37:44,885 [group-thread-qcc]  INFO Sekiro:?]  [sekiroGroup:qcc][clientId:df057084-7ce8-0fe7-33ba-324c4808524d] client disconnect
[2022-08-14 14:37:44,885 [group-thread-qcc]  INFO Sekiro:?]  [sekiroGroup:qcc][clientId:49460fbc-417e-135b-fdb2-27da2aae8426] client disconnect
[2022-08-14 14:37:44,886 [group-thread-qcc]  INFO Sekiro:?]  [sekiroGroup:qcc][clientId:6bb5923b-fd4a-30b7-24f0-b12703f3b94b] client disconnect
[2022-08-14 14:37:44,886 [group-thread-qcc]  INFO Sekiro:?]  [sekiroGroup:qcc][clientId:0e3fcdac-3b2b-c541-dbaa-7bf119f20789] client disconnect
[2022-08-14 14:37:44,886 [group-thread-qcc]  INFO Sekiro:?]  [sekiroGroup:qcc][clientId:813e4f0f-4c88-e1cd-7a0c-6043f2bd975e] client disconnect
[2022-08-14 14:37:44,886 [group-thread-qcc]  INFO Sekiro:?]  [sekiroGroup:qcc][clientId:cc0b1dd8-0970-afc4-7091-773863bd07d5] client disconnect
[2022-08-14 14:37:44,886 [group-thread-qcc]  INFO Sekiro:?]  [sekiroGroup:qcc][clientId:0ff52378-2788-e0be-ca83-415bef360db6] client disconnect
[2022-08-14 14:37:44,887 [group-thread-qcc]  INFO Sekiro:?]  [sekiroGroup:qcc][clientId:7e2a844d-1e62-acdf-3f25-982eb19a1bca] client disconnect
[2022-08-14 14:37:44,887 [group-thread-qcc]  INFO Sekiro:?]  [sekiroGroup:qcc][clientId:abd2cb11-c31f-1649-d7e9-af9232cbc08e] client disconnect
[2022-08-14 14:42:02,313 [sekiro-worker-3-4]  INFO Sekiro:?]  [sekiroGroup:qcc][clientId:dc9ad084-06b2-7fa9-10a7-35ad06da8249] client register
[2022-08-14 14:42:02,325 [sekiro-worker-3-5]  INFO Sekiro:?]  [sekiroGroup:qcc][clientId:0774055a-cafc-2032-40c4-83c3cd2abe7d] client register
[2022-08-14 14:42:02,338 [sekiro-worker-3-6]  INFO Sekiro:?]  [sekiroGroup:qcc][clientId:e915b9be-80be-c9e0-f5b0-69abee96af7f] client register
[2022-08-14 14:42:02,351 [sekiro-worker-3-7]  INFO Sekiro:?]  [sekiroGroup:qcc][clientId:a49aece8-9865-6380-cfd9-7063f03b4734] client register
[2022-08-14 14:42:02,363 [sekiro-worker-3-8]  INFO Sekiro:?]  [sekiroGroup:qcc][clientId:a10cf81e-4d83-3135-ddd0-e2f49df92739] client register
[2022-08-14 14:42:02,375 [sekiro-worker-3-9]  INFO Sekiro:?]  [sekiroGroup:qcc][clientId:46494a8d-ce42-b57a-40cf-74d1cdd32bb8] client register
[2022-08-14 14:42:02,387 [sekiro-worker-3-10]  INFO Sekiro:?]  [sekiroGroup:qcc][clientId:6375b15e-9075-e1b3-2f98-c02603716ed4] client register
[2022-08-14 14:42:02,399 [sekiro-worker-3-11]  INFO Sekiro:?]  [sekiroGroup:qcc][clientId:7e7f754c-6a93-55fe-101f-d0f01e72ee87] client register
[2022-08-14 14:42:02,593 [sekiro-worker-3-12]  INFO Sekiro:?]  [sekiroGroup:qcc][clientId:8c0277fd-6877-e379-e636-f2ab0c21d623] client register
[2022-08-14 14:42:02,626 [sekiro-worker-3-13]  INFO Sekiro:?]  [sekiroGroup:qcc][clientId:90140a29-84bd-6083-f2d7-251ff5ada929] client register
[2022-08-14 14:42:06,859 [sekiro-worker-3-14]  INFO Sekiro:?]  [sekiroGroup:qcc][clientId:d7d6ca8c-89e1-33a2-b7c0-17e31a02ecb2] client register
[2022-08-14 14:42:12,444 [group-thread-qcc]  INFO Sekiro:?]  [sekiroGroup:qcc][clientId:d7d6ca8c-89e1-33a2-b7c0-17e31a02ecb2] forward invoke :{"action":"xm","group":"qcc","pageindex":"1","t":"/api/datalist/touzilist?keyno=9cce0780ab7644008b73bc2120479d31"} to client:d7d6ca8c-89e1-33a2-b7c0-17e31a02ecb2
[2022-08-14 14:42:12,444 [sekiro-worker-3-14]  INFO Sekiro:?]  [sekiroGroup:qcc][clientId:d7d6ca8c-89e1-33a2-b7c0-17e31a02ecb2][action:xm] forward invoke seq:2 request:{"action":"xm","group":"qcc","pageindex":"1","t":"/api/datalist/touzilist?keyno=9cce0780ab7644008b73bc2120479d31"}
[2022-08-14 14:42:19,654 [group-thread-qcc]  INFO Sekiro:?]  [sekiroGroup:qcc][clientId:90140a29-84bd-6083-f2d7-251ff5ada929] forward invoke :{"action":"xm","group":"qcc","pageIndex":"1","t":"/api/datalist/touzilist?keyno=9cce0780ab7644008b73bc2120479d31"} to client:90140a29-84bd-6083-f2d7-251ff5ada929
[2022-08-14 14:42:19,655 [sekiro-worker-3-13]  INFO Sekiro:?]  [sekiroGroup:qcc][clientId:90140a29-84bd-6083-f2d7-251ff5ada929][action:xm] forward invoke seq:2 request:{"action":"xm","group":"qcc","pageIndex":"1","t":"/api/datalist/touzilist?keyno=9cce0780ab7644008b73bc2120479d31"}
[2022-08-14 14:44:00,594 [group-thread-qcc]  INFO Sekiro:?]  [sekiroGroup:qcc][clientId:0774055a-cafc-2032-40c4-83c3cd2abe7d] client disconnect
[2022-08-14 14:44:00,594 [group-thread-qcc]  INFO Sekiro:?]  [sekiroGroup:qcc][clientId:e915b9be-80be-c9e0-f5b0-69abee96af7f] client disconnect
[2022-08-14 14:44:00,594 [group-thread-qcc]  INFO Sekiro:?]  [sekiroGroup:qcc][clientId:d7d6ca8c-89e1-33a2-b7c0-17e31a02ecb2] client disconnect
[2022-08-14 14:44:00,595 [group-thread-qcc]  INFO Sekiro:?]  [sekiroGroup:qcc][clientId:a49aece8-9865-6380-cfd9-7063f03b4734] client disconnect
[2022-08-14 14:44:00,595 [group-thread-qcc]  INFO Sekiro:?]  [sekiroGroup:qcc][clientId:46494a8d-ce42-b57a-40cf-74d1cdd32bb8] client disconnect
[2022-08-14 14:44:00,595 [group-thread-qcc]  INFO Sekiro:?]  [sekiroGroup:qcc][clientId:dc9ad084-06b2-7fa9-10a7-35ad06da8249] client disconnect
[2022-08-14 14:44:00,595 [group-thread-qcc]  INFO Sekiro:?]  [sekiroGroup:qcc][clientId:7e7f754c-6a93-55fe-101f-d0f01e72ee87] client disconnect
[2022-08-14 14:44:00,595 [group-thread-qcc]  INFO Sekiro:?]  [sekiroGroup:qcc][clientId:6375b15e-9075-e1b3-2f98-c02603716ed4] client disconnect
[2022-08-14 14:44:00,595 [group-thread-qcc]  INFO Sekiro:?]  [sekiroGroup:qcc][clientId:90140a29-84bd-6083-f2d7-251ff5ada929] client disconnect
[2022-08-14 14:44:00,595 [group-thread-qcc]  INFO Sekiro:?]  [sekiroGroup:qcc][clientId:a10cf81e-4d83-3135-ddd0-e2f49df92739] client disconnect
[2022-08-14 14:44:00,596 [group-thread-qcc]  INFO Sekiro:?]  [sekiroGroup:qcc][clientId:8c0277fd-6877-e379-e636-f2ab0c21d623] client disconnect
[2022-08-14 14:44:07,526 [sekiro-worker-3-17]  INFO Sekiro:?]  [sekiroGroup:qcc][clientId:74618664-fa20-52dc-605f-e4e18ae72123] client register
[2022-08-14 14:44:07,537 [sekiro-worker-3-18]  INFO Sekiro:?]  [sekiroGroup:qcc][clientId:21e6c3ad-099f-250d-042a-b09493b73e5a] client register
[2022-08-14 14:44:07,549 [sekiro-worker-3-19]  INFO Sekiro:?]  [sekiroGroup:qcc][clientId:80378f9d-91ca-24ca-c040-c5b248467855] client register
[2022-08-14 14:44:07,561 [sekiro-worker-3-20]  INFO Sekiro:?]  [sekiroGroup:qcc][clientId:e0f69706-d734-c7c7-0967-d46499a70ce1] client register
[2022-08-14 14:44:07,574 [sekiro-worker-3-21]  INFO Sekiro:?]  [sekiroGroup:qcc][clientId:cce08c9a-7421-6fba-7d3b-0930a8e2c438] client register
[2022-08-14 14:44:07,587 [sekiro-worker-3-22]  INFO Sekiro:?]  [sekiroGroup:qcc][clientId:74a9099f-3183-c39a-06d2-92e7a035586d] client register
[2022-08-14 14:44:07,599 [sekiro-worker-3-23]  INFO Sekiro:?]  [sekiroGroup:qcc][clientId:1dac0165-1920-4e33-7d4f-00c0a4decacf] client register
[2022-08-14 14:44:07,611 [sekiro-worker-3-24]  INFO Sekiro:?]  [sekiroGroup:qcc][clientId:f0e890e5-f603-9eb3-5fbd-e3d94c3f9209] client register
[2022-08-14 14:44:07,751 [sekiro-worker-3-25]  INFO Sekiro:?]  [sekiroGroup:qcc][clientId:8e8f84bf-c5c7-4a53-b52b-9a1ed79c7a1d] client register
[2022-08-14 14:44:07,792 [sekiro-worker-3-26]  INFO Sekiro:?]  [sekiroGroup:qcc][clientId:4938b6b9-4075-6329-a0a3-bf2807833fa8] client register
[2022-08-14 14:44:11,468 [sekiro-worker-3-27]  INFO Sekiro:?]  [sekiroGroup:qcc][clientId:5b3c6e18-e37d-b14c-8612-495687be7654] client register
[2022-08-14 14:44:21,183 [group-thread-qcc]  INFO Sekiro:?]  [sekiroGroup:qcc][clientId:5b3c6e18-e37d-b14c-8612-495687be7654] forward invoke :{"action":"xm","group":"qcc","pageindex":"1","t":"/api/datalist/touzilist?keyno=9cce0780ab7644008b73bc2120479d31"} to client:5b3c6e18-e37d-b14c-8612-495687be7654
[2022-08-14 14:44:21,183 [sekiro-worker-3-27]  INFO Sekiro:?]  [sekiroGroup:qcc][clientId:5b3c6e18-e37d-b14c-8612-495687be7654][action:xm] forward invoke seq:2 request:{"action":"xm","group":"qcc","pageindex":"1","t":"/api/datalist/touzilist?keyno=9cce0780ab7644008b73bc2120479d31"}
[2022-08-14 14:45:59,904 [group-thread-qcc]  INFO Sekiro:?]  [sekiroGroup:qcc][clientId:4938b6b9-4075-6329-a0a3-bf2807833fa8] forward invoke :{"action":"xm","group":"qcc","t":"/api/datalist/touzilist?keyno=9cce0780ab7644008b73bc2120479d31pageindex=1"} to client:4938b6b9-4075-6329-a0a3-bf2807833fa8
[2022-08-14 14:45:59,905 [sekiro-worker-3-26]  INFO Sekiro:?]  [sekiroGroup:qcc][clientId:4938b6b9-4075-6329-a0a3-bf2807833fa8][action:xm] forward invoke seq:2 request:{"action":"xm","group":"qcc","t":"/api/datalist/touzilist?keyno=9cce0780ab7644008b73bc2120479d31pageindex=1"}
[2022-08-14 14:49:09,472 [group-thread-qcc]  INFO Sekiro:?]  [sekiroGroup:qcc][clientId:f0e890e5-f603-9eb3-5fbd-e3d94c3f9209] client disconnect
[2022-08-14 14:49:09,472 [group-thread-qcc]  INFO Sekiro:?]  [sekiroGroup:qcc][clientId:1dac0165-1920-4e33-7d4f-00c0a4decacf] client disconnect
[2022-08-14 14:49:09,472 [group-thread-qcc]  INFO Sekiro:?]  [sekiroGroup:qcc][clientId:cce08c9a-7421-6fba-7d3b-0930a8e2c438] client disconnect
[2022-08-14 14:49:09,472 [group-thread-qcc]  INFO Sekiro:?]  [sekiroGroup:qcc][clientId:74a9099f-3183-c39a-06d2-92e7a035586d] client disconnect
[2022-08-14 14:49:09,472 [group-thread-qcc]  INFO Sekiro:?]  [sekiroGroup:qcc][clientId:74618664-fa20-52dc-605f-e4e18ae72123] client disconnect
[2022-08-14 14:49:09,472 [group-thread-qcc]  INFO Sekiro:?]  [sekiroGroup:qcc][clientId:e0f69706-d734-c7c7-0967-d46499a70ce1] client disconnect
[2022-08-14 14:49:09,472 [group-thread-qcc]  INFO Sekiro:?]  [sekiroGroup:qcc][clientId:4938b6b9-4075-6329-a0a3-bf2807833fa8] client disconnect
[2022-08-14 14:49:09,472 [group-thread-qcc]  INFO Sekiro:?]  [sekiroGroup:qcc][clientId:5b3c6e18-e37d-b14c-8612-495687be7654] client disconnect
[2022-08-14 14:49:09,473 [group-thread-qcc]  INFO Sekiro:?]  [sekiroGroup:qcc][clientId:8e8f84bf-c5c7-4a53-b52b-9a1ed79c7a1d] client disconnect
[2022-08-14 14:49:09,473 [group-thread-qcc]  INFO Sekiro:?]  [sekiroGroup:qcc][clientId:21e6c3ad-099f-250d-042a-b09493b73e5a] client disconnect
[2022-08-14 14:49:09,473 [group-thread-qcc]  INFO Sekiro:?]  [sekiroGroup:qcc][clientId:80378f9d-91ca-24ca-c040-c5b248467855] client disconnect
[2022-08-14 14:49:16,343 [sekiro-worker-3-30]  INFO Sekiro:?]  [sekiroGroup:qcc][clientId:22302807-8593-d3b2-9630-c0e656a1063c] client register
[2022-08-14 14:49:16,356 [sekiro-worker-3-31]  INFO Sekiro:?]  [sekiroGroup:qcc][clientId:f6a583f1-ca2d-7cfa-b834-e8dfdc832325] client register
[2022-08-14 14:49:16,367 [sekiro-worker-3-32]  INFO Sekiro:?]  [sekiroGroup:qcc][clientId:4391696a-8eb5-b647-1c0a-6014f5b8ac3f] client register
[2022-08-14 14:49:16,378 [sekiro-worker-3-33]  INFO Sekiro:?]  [sekiroGroup:qcc][clientId:2b6ca8d2-ae48-7330-954f-bbb91b69366f] client register
[2022-08-14 14:49:16,390 [sekiro-worker-3-34]  INFO Sekiro:?]  [sekiroGroup:qcc][clientId:c98e420e-ec89-f92e-e6ec-7c0ee74c35cd] client register
[2022-08-14 14:49:16,404 [sekiro-worker-3-35]  INFO Sekiro:?]  [sekiroGroup:qcc][clientId:07fa503e-d645-0349-7c6c-a82c7a343627] client register
[2022-08-14 14:49:16,415 [sekiro-worker-3-36]  INFO Sekiro:?]  [sekiroGroup:qcc][clientId:4c3d4c47-0dbd-b6f4-b715-22687778d32b] client register
[2022-08-14 14:49:16,428 [sekiro-worker-3-1]  INFO Sekiro:?]  [sekiroGroup:qcc][clientId:4c291fdd-8dfd-3c01-6317-83ee61f23e31] client register
[2022-08-14 14:49:16,505 [sekiro-worker-3-2]  INFO Sekiro:?]  [sekiroGroup:qcc][clientId:e5cddf28-c9ec-30bf-6714-0efeb68e936a] client register
[2022-08-14 14:49:16,648 [sekiro-worker-3-3]  INFO Sekiro:?]  [sekiroGroup:qcc][clientId:3ec245ef-4039-4896-f7e3-9f91977570b0] client register
[2022-08-14 14:49:19,723 [sekiro-worker-3-4]  INFO Sekiro:?]  [sekiroGroup:qcc][clientId:4ba26f4d-4331-a234-f1ee-4fe1e4f53a49] client register
[2022-08-14 14:49:25,709 [group-thread-qcc]  INFO Sekiro:?]  [sekiroGroup:qcc][clientId:4ba26f4d-4331-a234-f1ee-4fe1e4f53a49] forward invoke :{"action":"xm","group":"qcc","tt":"pageindex=1","ttt":"/api/datalist/touzilist?keyno=9cce0780ab7644008b73bc2120479d31"} to client:4ba26f4d-4331-a234-f1ee-4fe1e4f53a49
[2022-08-14 14:49:25,709 [sekiro-worker-3-4]  INFO Sekiro:?]  [sekiroGroup:qcc][clientId:4ba26f4d-4331-a234-f1ee-4fe1e4f53a49][action:xm] forward invoke seq:2 request:{"action":"xm","group":"qcc","tt":"pageindex=1","ttt":"/api/datalist/touzilist?keyno=9cce0780ab7644008b73bc2120479d31"}
[2022-08-14 14:49:33,169 [group-thread-qcc]  INFO Sekiro:?]  [sekiroGroup:qcc][clientId:3ec245ef-4039-4896-f7e3-9f91977570b0] forward invoke :{"action":"xm","group":"qcc","tt":"pageindex=2","ttt":"/api/datalist/touzilist?keyno=9cce0780ab7644008b73bc2120479d31"} to client:3ec245ef-4039-4896-f7e3-9f91977570b0
[2022-08-14 14:49:33,170 [sekiro-worker-3-3]  INFO Sekiro:?]  [sekiroGroup:qcc][clientId:3ec245ef-4039-4896-f7e3-9f91977570b0][action:xm] forward invoke seq:2 request:{"action":"xm","group":"qcc","tt":"pageindex=2","ttt":"/api/datalist/touzilist?keyno=9cce0780ab7644008b73bc2120479d31"}
[2022-08-14 14:50:15,005 [group-thread-qcc]  INFO Sekiro:?]  [sekiroGroup:qcc][clientId:4391696a-8eb5-b647-1c0a-6014f5b8ac3f] client disconnect
[2022-08-14 14:50:15,005 [group-thread-qcc]  INFO Sekiro:?]  [sekiroGroup:qcc][clientId:4c291fdd-8dfd-3c01-6317-83ee61f23e31] client disconnect
[2022-08-14 14:50:15,005 [group-thread-qcc]  INFO Sekiro:?]  [sekiroGroup:qcc][clientId:4ba26f4d-4331-a234-f1ee-4fe1e4f53a49] client disconnect
[2022-08-14 14:50:15,005 [group-thread-qcc]  INFO Sekiro:?]  [sekiroGroup:qcc][clientId:f6a583f1-ca2d-7cfa-b834-e8dfdc832325] client disconnect
[2022-08-14 14:50:15,005 [group-thread-qcc]  INFO Sekiro:?]  [sekiroGroup:qcc][clientId:3ec245ef-4039-4896-f7e3-9f91977570b0] client disconnect
[2022-08-14 14:50:15,005 [group-thread-qcc]  INFO Sekiro:?]  [sekiroGroup:qcc][clientId:2b6ca8d2-ae48-7330-954f-bbb91b69366f] client disconnect
[2022-08-14 14:50:15,005 [group-thread-qcc]  INFO Sekiro:?]  [sekiroGroup:qcc][clientId:07fa503e-d645-0349-7c6c-a82c7a343627] client disconnect
[2022-08-14 14:50:15,005 [group-thread-qcc]  INFO Sekiro:?]  [sekiroGroup:qcc][clientId:e5cddf28-c9ec-30bf-6714-0efeb68e936a] client disconnect
[2022-08-14 14:50:15,007 [group-thread-qcc]  INFO Sekiro:?]  [sekiroGroup:qcc][clientId:22302807-8593-d3b2-9630-c0e656a1063c] client disconnect
[2022-08-14 14:50:15,007 [group-thread-qcc]  INFO Sekiro:?]  [sekiroGroup:qcc][clientId:4c3d4c47-0dbd-b6f4-b715-22687778d32b] client disconnect
[2022-08-14 14:50:15,007 [group-thread-qcc]  INFO Sekiro:?]  [sekiroGroup:qcc][clientId:c98e420e-ec89-f92e-e6ec-7c0ee74c35cd] client disconnect
[2022-08-14 14:50:20,581 [sekiro-worker-3-7]  INFO Sekiro:?]  [sekiroGroup:qcc][clientId:ed2b7b54-3dd6-c0ed-4042-6245192007ef] client register
[2022-08-14 14:50:20,593 [sekiro-worker-3-8]  INFO Sekiro:?]  [sekiroGroup:qcc][clientId:15d56aca-e26b-c08c-2f40-0afdba51ae87] client register
[2022-08-14 14:50:20,604 [sekiro-worker-3-9]  INFO Sekiro:?]  [sekiroGroup:qcc][clientId:a7d006b8-cb5f-1f45-9ca9-18d0b0b1fdf5] client register
[2022-08-14 14:50:20,616 [sekiro-worker-3-10]  INFO Sekiro:?]  [sekiroGroup:qcc][clientId:b35fd8d5-6c6e-a221-1b17-e10b6ec776a4] client register
[2022-08-14 14:50:20,629 [sekiro-worker-3-11]  INFO Sekiro:?]  [sekiroGroup:qcc][clientId:7dac2234-fbf3-09a9-b1f5-8585f9b110fa] client register
[2022-08-14 14:50:20,640 [sekiro-worker-3-12]  INFO Sekiro:?]  [sekiroGroup:qcc][clientId:15f5b233-43c9-6fdf-742c-465250d76128] client register
[2022-08-14 14:50:20,652 [sekiro-worker-3-13]  INFO Sekiro:?]  [sekiroGroup:qcc][clientId:91a67f97-8095-8a04-e2d8-83fa3a3afa19] client register
[2022-08-14 14:50:20,664 [sekiro-worker-3-14]  INFO Sekiro:?]  [sekiroGroup:qcc][clientId:32060238-c9e4-4661-cab5-7c0d206f6ebc] client register
[2022-08-14 14:50:20,735 [sekiro-worker-3-15]  INFO Sekiro:?]  [sekiroGroup:qcc][clientId:c236c9a4-56ab-bf1d-23a9-d13fa6b25bb7] client register
[2022-08-14 14:50:20,942 [sekiro-worker-3-16]  INFO Sekiro:?]  [sekiroGroup:qcc][clientId:635a733e-69f5-48fd-6e84-1f29e133fc58] client register
[2022-08-14 14:50:24,378 [sekiro-worker-3-17]  INFO Sekiro:?]  [sekiroGroup:qcc][clientId:5d99aef4-5701-7e70-5855-c9c380900987] client register
[2022-08-14 14:50:27,849 [group-thread-qcc]  INFO Sekiro:?]  [sekiroGroup:qcc][clientId:5d99aef4-5701-7e70-5855-c9c380900987] forward invoke :{"action":"xm","group":"qcc","tt":"pageindex=2","ttt":"/api/datalist/touzilist?keyno=9cce0780ab7644008b73bc2120479d31"} to client:5d99aef4-5701-7e70-5855-c9c380900987
[2022-08-14 14:50:27,849 [sekiro-worker-3-17]  INFO Sekiro:?]  [sekiroGroup:qcc][clientId:5d99aef4-5701-7e70-5855-c9c380900987][action:xm] forward invoke seq:2 request:{"action":"xm","group":"qcc","tt":"pageindex=2","ttt":"/api/datalist/touzilist?keyno=9cce0780ab7644008b73bc2120479d31"}
[2022-08-14 17:25:20,634 [group-thread-qcc]  INFO Sekiro:?]  [sekiroGroup:qcc][clientId:635a733e-69f5-48fd-6e84-1f29e133fc58] forward invoke :{"action":"xm","group":"qcc","tt":"pageindex=2","ttt":"/api/datalist/touzilist?keyno=9cce0780ab7644008b73bc2120479d31"} to client:635a733e-69f5-48fd-6e84-1f29e133fc58
[2022-08-14 17:25:20,634 [sekiro-worker-3-16]  INFO Sekiro:?]  [sekiroGroup:qcc][clientId:635a733e-69f5-48fd-6e84-1f29e133fc58][action:xm] forward invoke seq:2 request:{"action":"xm","group":"qcc","tt":"pageindex=2","ttt":"/api/datalist/touzilist?keyno=9cce0780ab7644008b73bc2120479d31"}
[2022-08-14 17:31:45,990 [sekiro-worker-3-20]  INFO Sekiro:?]  [sekiroGroup:qcc][clientId:b7d7032c-2a20-eebc-04c5-41bccb154511] client register
[2022-08-14 17:34:20,230 [group-thread-qcc]  INFO Sekiro:?]  [sekiroGroup:qcc][clientId:b7d7032c-2a20-eebc-04c5-41bccb154511] forward invoke :{"action":"xm","group":"qcc","tt":"pageindex=1","ttt":"/api/datalist/touzilist?keyno=9cce0780ab7644008b73bc2120479d31"} to client:b7d7032c-2a20-eebc-04c5-41bccb154511
[2022-08-14 17:34:20,230 [sekiro-worker-3-20]  INFO Sekiro:?]  [sekiroGroup:qcc][clientId:b7d7032c-2a20-eebc-04c5-41bccb154511][action:xm] forward invoke seq:2 request:{"action":"xm","group":"qcc","tt":"pageindex=1","ttt":"/api/datalist/touzilist?keyno=9cce0780ab7644008b73bc2120479d31"}
[2022-08-14 17:34:20,520 [group-thread-qcc]  INFO Sekiro:?]  [sekiroGroup:qcc][clientId:c236c9a4-56ab-bf1d-23a9-d13fa6b25bb7] forward invoke :{"action":"xm","group":"qcc","tt":"pageindex=2","ttt":"/api/datalist/touzilist?keyno=9cce0780ab7644008b73bc2120479d31"} to client:c236c9a4-56ab-bf1d-23a9-d13fa6b25bb7
[2022-08-14 17:34:20,521 [sekiro-worker-3-15]  INFO Sekiro:?]  [sekiroGroup:qcc][clientId:c236c9a4-56ab-bf1d-23a9-d13fa6b25bb7][action:xm] forward invoke seq:2 request:{"action":"xm","group":"qcc","tt":"pageindex=2","ttt":"/api/datalist/touzilist?keyno=9cce0780ab7644008b73bc2120479d31"}
[2022-08-14 17:34:20,834 [group-thread-qcc]  INFO Sekiro:?]  [sekiroGroup:qcc][clientId:32060238-c9e4-4661-cab5-7c0d206f6ebc] forward invoke :{"action":"xm","group":"qcc","tt":"pageindex=3","ttt":"/api/datalist/touzilist?keyno=9cce0780ab7644008b73bc2120479d31"} to client:32060238-c9e4-4661-cab5-7c0d206f6ebc
[2022-08-14 17:34:20,835 [sekiro-worker-3-14]  INFO Sekiro:?]  [sekiroGroup:qcc][clientId:32060238-c9e4-4661-cab5-7c0d206f6ebc][action:xm] forward invoke seq:2 request:{"action":"xm","group":"qcc","tt":"pageindex=3","ttt":"/api/datalist/touzilist?keyno=9cce0780ab7644008b73bc2120479d31"}
[2022-08-14 17:34:20,952 [group-thread-qcc]  INFO Sekiro:?]  [sekiroGroup:qcc][clientId:91a67f97-8095-8a04-e2d8-83fa3a3afa19] forward invoke :{"action":"xm","group":"qcc","tt":"pageindex=4","ttt":"/api/datalist/touzilist?keyno=9cce0780ab7644008b73bc2120479d31"} to client:91a67f97-8095-8a04-e2d8-83fa3a3afa19
[2022-08-14 17:34:20,953 [sekiro-worker-3-13]  INFO Sekiro:?]  [sekiroGroup:qcc][clientId:91a67f97-8095-8a04-e2d8-83fa3a3afa19][action:xm] forward invoke seq:2 request:{"action":"xm","group":"qcc","tt":"pageindex=4","ttt":"/api/datalist/touzilist?keyno=9cce0780ab7644008b73bc2120479d31"}
[2022-08-14 17:34:21,151 [group-thread-qcc]  INFO Sekiro:?]  [sekiroGroup:qcc][clientId:15f5b233-43c9-6fdf-742c-465250d76128] forward invoke :{"action":"xm","group":"qcc","tt":"pageindex=5","ttt":"/api/datalist/touzilist?keyno=9cce0780ab7644008b73bc2120479d31"} to client:15f5b233-43c9-6fdf-742c-465250d76128
[2022-08-14 17:34:21,151 [sekiro-worker-3-12]  INFO Sekiro:?]  [sekiroGroup:qcc][clientId:15f5b233-43c9-6fdf-742c-465250d76128][action:xm] forward invoke seq:2 request:{"action":"xm","group":"qcc","tt":"pageindex=5","ttt":"/api/datalist/touzilist?keyno=9cce0780ab7644008b73bc2120479d31"}
[2022-08-14 17:34:55,399 [sekiro-worker-3-26]  INFO Sekiro:?]  [sekiroGroup:qcc][clientId:4bd4060f-19d7-5a66-f4d5-dbb19b46304d] client register
[2022-08-14 17:53:08,235 [group-thread-qcc]  INFO Sekiro:?]  [sekiroGroup:qcc][clientId:4bd4060f-19d7-5a66-f4d5-dbb19b46304d] forward invoke :{"action":"xm","group":"qcc","tt":"pageindex=1","ttt":"/api/datalist/touzilist?keyno=9cce0780ab7644008b73bc2120479d31"} to client:4bd4060f-19d7-5a66-f4d5-dbb19b46304d
[2022-08-14 17:53:08,236 [sekiro-worker-3-26]  INFO Sekiro:?]  [sekiroGroup:qcc][clientId:4bd4060f-19d7-5a66-f4d5-dbb19b46304d][action:xm] forward invoke seq:2 request:{"action":"xm","group":"qcc","tt":"pageindex=1","ttt":"/api/datalist/touzilist?keyno=9cce0780ab7644008b73bc2120479d31"}
[2022-08-14 17:53:08,479 [group-thread-qcc]  INFO Sekiro:?]  [sekiroGroup:qcc][clientId:7dac2234-fbf3-09a9-b1f5-8585f9b110fa] forward invoke :{"action":"xm","group":"qcc","tt":"pageindex=2","ttt":"/api/datalist/touzilist?keyno=9cce0780ab7644008b73bc2120479d31"} to client:7dac2234-fbf3-09a9-b1f5-8585f9b110fa
[2022-08-14 17:53:08,480 [sekiro-worker-3-11]  INFO Sekiro:?]  [sekiroGroup:qcc][clientId:7dac2234-fbf3-09a9-b1f5-8585f9b110fa][action:xm] forward invoke seq:2 request:{"action":"xm","group":"qcc","tt":"pageindex=2","ttt":"/api/datalist/touzilist?keyno=9cce0780ab7644008b73bc2120479d31"}
[2022-08-14 17:53:08,678 [group-thread-qcc]  INFO Sekiro:?]  [sekiroGroup:qcc][clientId:b35fd8d5-6c6e-a221-1b17-e10b6ec776a4] forward invoke :{"action":"xm","group":"qcc","tt":"pageindex=3","ttt":"/api/datalist/touzilist?keyno=9cce0780ab7644008b73bc2120479d31"} to client:b35fd8d5-6c6e-a221-1b17-e10b6ec776a4
[2022-08-14 17:53:08,678 [sekiro-worker-3-10]  INFO Sekiro:?]  [sekiroGroup:qcc][clientId:b35fd8d5-6c6e-a221-1b17-e10b6ec776a4][action:xm] forward invoke seq:2 request:{"action":"xm","group":"qcc","tt":"pageindex=3","ttt":"/api/datalist/touzilist?keyno=9cce0780ab7644008b73bc2120479d31"}
[2022-08-14 17:53:09,112 [group-thread-qcc]  INFO Sekiro:?]  [sekiroGroup:qcc][clientId:a7d006b8-cb5f-1f45-9ca9-18d0b0b1fdf5] forward invoke :{"action":"xm","group":"qcc","tt":"pageindex=4","ttt":"/api/datalist/touzilist?keyno=9cce0780ab7644008b73bc2120479d31"} to client:a7d006b8-cb5f-1f45-9ca9-18d0b0b1fdf5
[2022-08-14 17:53:09,112 [sekiro-worker-3-9]  INFO Sekiro:?]  [sekiroGroup:qcc][clientId:a7d006b8-cb5f-1f45-9ca9-18d0b0b1fdf5][action:xm] forward invoke seq:2 request:{"action":"xm","group":"qcc","tt":"pageindex=4","ttt":"/api/datalist/touzilist?keyno=9cce0780ab7644008b73bc2120479d31"}
[2022-08-14 17:53:09,305 [group-thread-qcc]  INFO Sekiro:?]  [sekiroGroup:qcc][clientId:15d56aca-e26b-c08c-2f40-0afdba51ae87] forward invoke :{"action":"xm","group":"qcc","tt":"pageindex=5","ttt":"/api/datalist/touzilist?keyno=9cce0780ab7644008b73bc2120479d31"} to client:15d56aca-e26b-c08c-2f40-0afdba51ae87
[2022-08-14 17:53:09,305 [sekiro-worker-3-8]  INFO Sekiro:?]  [sekiroGroup:qcc][clientId:15d56aca-e26b-c08c-2f40-0afdba51ae87][action:xm] forward invoke seq:2 request:{"action":"xm","group":"qcc","tt":"pageindex=5","ttt":"/api/datalist/touzilist?keyno=9cce0780ab7644008b73bc2120479d31"}
[2022-08-14 17:53:43,738 [group-thread-qcc]  INFO Sekiro:?]  [sekiroGroup:qcc][clientId:ed2b7b54-3dd6-c0ed-4042-6245192007ef] forward invoke :{"action":"xm","group":"qcc","tt":"pageindex=1","ttt":"/api/datalist/touzilist?keyno=9cce0780ab7644008b73bc2120479d31"} to client:ed2b7b54-3dd6-c0ed-4042-6245192007ef
[2022-08-14 17:53:43,738 [sekiro-worker-3-7]  INFO Sekiro:?]  [sekiroGroup:qcc][clientId:ed2b7b54-3dd6-c0ed-4042-6245192007ef][action:xm] forward invoke seq:2 request:{"action":"xm","group":"qcc","tt":"pageindex=1","ttt":"/api/datalist/touzilist?keyno=9cce0780ab7644008b73bc2120479d31"}
[2022-08-14 17:53:43,929 [group-thread-qcc]  INFO Sekiro:?]  [sekiroGroup:qcc][clientId:5d99aef4-5701-7e70-5855-c9c380900987] forward invoke :{"action":"xm","group":"qcc","tt":"pageindex=2","ttt":"/api/datalist/touzilist?keyno=9cce0780ab7644008b73bc2120479d31"} to client:5d99aef4-5701-7e70-5855-c9c380900987
[2022-08-14 17:53:43,929 [sekiro-worker-3-17]  INFO Sekiro:?]  [sekiroGroup:qcc][clientId:5d99aef4-5701-7e70-5855-c9c380900987][action:xm] forward invoke seq:3 request:{"action":"xm","group":"qcc","tt":"pageindex=2","ttt":"/api/datalist/touzilist?keyno=9cce0780ab7644008b73bc2120479d31"}
[2022-08-14 17:53:44,108 [group-thread-qcc]  INFO Sekiro:?]  [sekiroGroup:qcc][clientId:635a733e-69f5-48fd-6e84-1f29e133fc58] forward invoke :{"action":"xm","group":"qcc","tt":"pageindex=3","ttt":"/api/datalist/touzilist?keyno=9cce0780ab7644008b73bc2120479d31"} to client:635a733e-69f5-48fd-6e84-1f29e133fc58
[2022-08-14 17:53:44,109 [sekiro-worker-3-16]  INFO Sekiro:?]  [sekiroGroup:qcc][clientId:635a733e-69f5-48fd-6e84-1f29e133fc58][action:xm] forward invoke seq:3 request:{"action":"xm","group":"qcc","tt":"pageindex=3","ttt":"/api/datalist/touzilist?keyno=9cce0780ab7644008b73bc2120479d31"}
[2022-08-14 17:53:44,287 [group-thread-qcc]  INFO Sekiro:?]  [sekiroGroup:qcc][clientId:b7d7032c-2a20-eebc-04c5-41bccb154511] forward invoke :{"action":"xm","group":"qcc","tt":"pageindex=4","ttt":"/api/datalist/touzilist?keyno=9cce0780ab7644008b73bc2120479d31"} to client:b7d7032c-2a20-eebc-04c5-41bccb154511
[2022-08-14 17:53:44,287 [sekiro-worker-3-20]  INFO Sekiro:?]  [sekiroGroup:qcc][clientId:b7d7032c-2a20-eebc-04c5-41bccb154511][action:xm] forward invoke seq:3 request:{"action":"xm","group":"qcc","tt":"pageindex=4","ttt":"/api/datalist/touzilist?keyno=9cce0780ab7644008b73bc2120479d31"}
[2022-08-14 17:53:44,469 [group-thread-qcc]  INFO Sekiro:?]  [sekiroGroup:qcc][clientId:c236c9a4-56ab-bf1d-23a9-d13fa6b25bb7] forward invoke :{"action":"xm","group":"qcc","tt":"pageindex=5","ttt":"/api/datalist/touzilist?keyno=9cce0780ab7644008b73bc2120479d31"} to client:c236c9a4-56ab-bf1d-23a9-d13fa6b25bb7
[2022-08-14 17:53:44,469 [sekiro-worker-3-15]  INFO Sekiro:?]  [sekiroGroup:qcc][clientId:c236c9a4-56ab-bf1d-23a9-d13fa6b25bb7][action:xm] forward invoke seq:3 request:{"action":"xm","group":"qcc","tt":"pageindex=5","ttt":"/api/datalist/touzilist?keyno=9cce0780ab7644008b73bc2120479d31"}
[2022-08-14 17:55:35,674 [group-thread-qcc]  INFO Sekiro:?]  [sekiroGroup:qcc][clientId:32060238-c9e4-4661-cab5-7c0d206f6ebc] forward invoke :{"action":"xm","group":"qcc","tt":"pageindex=1","ttt":"/api/datalist/touzilist?keyno=9cce0780ab7644008b73bc2120479d31"} to client:32060238-c9e4-4661-cab5-7c0d206f6ebc
[2022-08-14 17:55:35,674 [sekiro-worker-3-14]  INFO Sekiro:?]  [sekiroGroup:qcc][clientId:32060238-c9e4-4661-cab5-7c0d206f6ebc][action:xm] forward invoke seq:3 request:{"action":"xm","group":"qcc","tt":"pageindex=1","ttt":"/api/datalist/touzilist?keyno=9cce0780ab7644008b73bc2120479d31"}
[2022-08-14 17:55:53,655 [sekiro-worker-3-2]  INFO Sekiro:?]  [sekiroGroup:qcc][clientId:852d1da2-7918-8dae-f102-30ac8df7c6cc] client register
[2022-08-14 17:56:17,236 [group-thread-qcc]  INFO Sekiro:?]  [sekiroGroup:qcc][clientId:852d1da2-7918-8dae-f102-30ac8df7c6cc] forward invoke :{"action":"xm","group":"qcc","tt":"pageindex=1","ttt":"/api/datalist/touzilist?keyno=9cce0780ab7644008b73bc2120479d31"} to client:852d1da2-7918-8dae-f102-30ac8df7c6cc
[2022-08-14 17:56:17,236 [sekiro-worker-3-2]  INFO Sekiro:?]  [sekiroGroup:qcc][clientId:852d1da2-7918-8dae-f102-30ac8df7c6cc][action:xm] forward invoke seq:2 request:{"action":"xm","group":"qcc","tt":"pageindex=1","ttt":"/api/datalist/touzilist?keyno=9cce0780ab7644008b73bc2120479d31"}
[2022-08-14 17:56:17,458 [group-thread-qcc]  INFO Sekiro:?]  [sekiroGroup:qcc][clientId:91a67f97-8095-8a04-e2d8-83fa3a3afa19] forward invoke :{"action":"xm","group":"qcc","tt":"pageindex=2","ttt":"/api/datalist/touzilist?keyno=9cce0780ab7644008b73bc2120479d31"} to client:91a67f97-8095-8a04-e2d8-83fa3a3afa19
[2022-08-14 17:56:17,458 [sekiro-worker-3-13]  INFO Sekiro:?]  [sekiroGroup:qcc][clientId:91a67f97-8095-8a04-e2d8-83fa3a3afa19][action:xm] forward invoke seq:3 request:{"action":"xm","group":"qcc","tt":"pageindex=2","ttt":"/api/datalist/touzilist?keyno=9cce0780ab7644008b73bc2120479d31"}
[2022-08-14 17:56:17,657 [group-thread-qcc]  INFO Sekiro:?]  [sekiroGroup:qcc][clientId:15f5b233-43c9-6fdf-742c-465250d76128] forward invoke :{"action":"xm","group":"qcc","tt":"pageindex=3","ttt":"/api/datalist/touzilist?keyno=9cce0780ab7644008b73bc2120479d31"} to client:15f5b233-43c9-6fdf-742c-465250d76128
[2022-08-14 17:56:17,657 [sekiro-worker-3-12]  INFO Sekiro:?]  [sekiroGroup:qcc][clientId:15f5b233-43c9-6fdf-742c-465250d76128][action:xm] forward invoke seq:3 request:{"action":"xm","group":"qcc","tt":"pageindex=3","ttt":"/api/datalist/touzilist?keyno=9cce0780ab7644008b73bc2120479d31"}
[2022-08-14 17:56:17,847 [group-thread-qcc]  INFO Sekiro:?]  [sekiroGroup:qcc][clientId:4bd4060f-19d7-5a66-f4d5-dbb19b46304d] forward invoke :{"action":"xm","group":"qcc","tt":"pageindex=4","ttt":"/api/datalist/touzilist?keyno=9cce0780ab7644008b73bc2120479d31"} to client:4bd4060f-19d7-5a66-f4d5-dbb19b46304d
[2022-08-14 17:56:17,847 [sekiro-worker-3-26]  INFO Sekiro:?]  [sekiroGroup:qcc][clientId:4bd4060f-19d7-5a66-f4d5-dbb19b46304d][action:xm] forward invoke seq:3 request:{"action":"xm","group":"qcc","tt":"pageindex=4","ttt":"/api/datalist/touzilist?keyno=9cce0780ab7644008b73bc2120479d31"}
[2022-08-14 17:56:18,077 [group-thread-qcc]  INFO Sekiro:?]  [sekiroGroup:qcc][clientId:7dac2234-fbf3-09a9-b1f5-8585f9b110fa] forward invoke :{"action":"xm","group":"qcc","tt":"pageindex=5","ttt":"/api/datalist/touzilist?keyno=9cce0780ab7644008b73bc2120479d31"} to client:7dac2234-fbf3-09a9-b1f5-8585f9b110fa
[2022-08-14 17:56:18,077 [sekiro-worker-3-11]  INFO Sekiro:?]  [sekiroGroup:qcc][clientId:7dac2234-fbf3-09a9-b1f5-8585f9b110fa][action:xm] forward invoke seq:3 request:{"action":"xm","group":"qcc","tt":"pageindex=5","ttt":"/api/datalist/touzilist?keyno=9cce0780ab7644008b73bc2120479d31"}
[2022-08-14 17:57:08,151 [group-thread-qcc]  INFO Sekiro:?]  [sekiroGroup:qcc][clientId:b35fd8d5-6c6e-a221-1b17-e10b6ec776a4] forward invoke :{"action":"xm","group":"qcc","tt":"pageindex=1","ttt":"/api/datalist/touzilist?keyno=9cce0780ab7644008b73bc2120479d31"} to client:b35fd8d5-6c6e-a221-1b17-e10b6ec776a4
[2022-08-14 17:57:08,151 [sekiro-worker-3-10]  INFO Sekiro:?]  [sekiroGroup:qcc][clientId:b35fd8d5-6c6e-a221-1b17-e10b6ec776a4][action:xm] forward invoke seq:3 request:{"action":"xm","group":"qcc","tt":"pageindex=1","ttt":"/api/datalist/touzilist?keyno=9cce0780ab7644008b73bc2120479d31"}
[2022-08-14 17:57:08,343 [group-thread-qcc]  INFO Sekiro:?]  [sekiroGroup:qcc][clientId:a7d006b8-cb5f-1f45-9ca9-18d0b0b1fdf5] forward invoke :{"action":"xm","group":"qcc","tt":"pageindex=2","ttt":"/api/datalist/touzilist?keyno=9cce0780ab7644008b73bc2120479d31"} to client:a7d006b8-cb5f-1f45-9ca9-18d0b0b1fdf5
[2022-08-14 17:57:08,344 [sekiro-worker-3-9]  INFO Sekiro:?]  [sekiroGroup:qcc][clientId:a7d006b8-cb5f-1f45-9ca9-18d0b0b1fdf5][action:xm] forward invoke seq:3 request:{"action":"xm","group":"qcc","tt":"pageindex=2","ttt":"/api/datalist/touzilist?keyno=9cce0780ab7644008b73bc2120479d31"}
[2022-08-14 17:57:08,517 [group-thread-qcc]  INFO Sekiro:?]  [sekiroGroup:qcc][clientId:15d56aca-e26b-c08c-2f40-0afdba51ae87] forward invoke :{"action":"xm","group":"qcc","tt":"pageindex=3","ttt":"/api/datalist/touzilist?keyno=9cce0780ab7644008b73bc2120479d31"} to client:15d56aca-e26b-c08c-2f40-0afdba51ae87
[2022-08-14 17:57:08,517 [sekiro-worker-3-8]  INFO Sekiro:?]  [sekiroGroup:qcc][clientId:15d56aca-e26b-c08c-2f40-0afdba51ae87][action:xm] forward invoke seq:3 request:{"action":"xm","group":"qcc","tt":"pageindex=3","ttt":"/api/datalist/touzilist?keyno=9cce0780ab7644008b73bc2120479d31"}
[2022-08-14 17:57:08,786 [group-thread-qcc]  INFO Sekiro:?]  [sekiroGroup:qcc][clientId:ed2b7b54-3dd6-c0ed-4042-6245192007ef] forward invoke :{"action":"xm","group":"qcc","tt":"pageindex=4","ttt":"/api/datalist/touzilist?keyno=9cce0780ab7644008b73bc2120479d31"} to client:ed2b7b54-3dd6-c0ed-4042-6245192007ef
[2022-08-14 17:57:08,786 [sekiro-worker-3-7]  INFO Sekiro:?]  [sekiroGroup:qcc][clientId:ed2b7b54-3dd6-c0ed-4042-6245192007ef][action:xm] forward invoke seq:3 request:{"action":"xm","group":"qcc","tt":"pageindex=4","ttt":"/api/datalist/touzilist?keyno=9cce0780ab7644008b73bc2120479d31"}
[2022-08-14 17:57:08,997 [group-thread-qcc]  INFO Sekiro:?]  [sekiroGroup:qcc][clientId:5d99aef4-5701-7e70-5855-c9c380900987] forward invoke :{"action":"xm","group":"qcc","tt":"pageindex=5","ttt":"/api/datalist/touzilist?keyno=9cce0780ab7644008b73bc2120479d31"} to client:5d99aef4-5701-7e70-5855-c9c380900987
[2022-08-14 17:57:08,997 [sekiro-worker-3-17]  INFO Sekiro:?]  [sekiroGroup:qcc][clientId:5d99aef4-5701-7e70-5855-c9c380900987][action:xm] forward invoke seq:4 request:{"action":"xm","group":"qcc","tt":"pageindex=5","ttt":"/api/datalist/touzilist?keyno=9cce0780ab7644008b73bc2120479d31"}
[2022-08-14 17:58:43,750 [sekiro-worker-3-13]  INFO Sekiro:?]  [sekiroGroup:qcc][clientId:2c9b0284-9718-560d-07a3-1724113811a0] client register
[2022-08-14 17:58:48,890 [sekiro-worker-3-14]  INFO Sekiro:?]  [sekiroGroup:qcc][clientId:93da2684-bbbc-18e6-6ce3-c6c534df8435] client register
