[2022-08-16 08:32:22,299 [sekiro-worker-3-1]  INFO Sekiro:?]  [sekiroGroup:wbty][clientId:6984a11e-0588-d3bc-9003-fec1faed7d50] client register
[2022-08-16 08:32:51,132 [group-thread-wbty]  INFO Sekiro:?]  [sekiroGroup:wbty][clientId:6984a11e-0588-d3bc-9003-fec1faed7d50] forward invoke :{"action":"login","group":"wbty","pwd":"3123124124"} to client:6984a11e-0588-d3bc-9003-fec1faed7d50
[2022-08-16 08:32:51,135 [sekiro-worker-3-1]  INFO Sekiro:?]  [sekiroGroup:wbty][clientId:6984a11e-0588-d3bc-9003-fec1faed7d50][action:login] forward invoke seq:2 request:{"action":"login","group":"wbty","pwd":"3123124124"}
[2022-08-16 08:33:01,156 [group-thread-wbty]  INFO Sekiro:?]  [sekiroGroup:wbty][clientId:6984a11e-0588-d3bc-9003-fec1faed7d50] forward invoke :{"action":"login","group":"wbty","pwd":"3123124124"} to client:6984a11e-0588-d3bc-9003-fec1faed7d50
[2022-08-16 08:33:01,157 [sekiro-worker-3-1]  INFO Sekiro:?]  [sekiroGroup:wbty][clientId:6984a11e-0588-d3bc-9003-fec1faed7d50][action:login] forward invoke seq:3 request:{"action":"login","group":"wbty","pwd":"3123124124"}
[2022-08-16 08:33:49,794 [group-thread-wbty]  INFO Sekiro:?]  [sekiroGroup:wbty][clientId:6984a11e-0588-d3bc-9003-fec1faed7d50] forward invoke :{"action":"login","group":"wbty","pwd":"3123124124"} to client:6984a11e-0588-d3bc-9003-fec1faed7d50
[2022-08-16 08:33:49,794 [sekiro-worker-3-1]  INFO Sekiro:?]  [sekiroGroup:wbty][clientId:6984a11e-0588-d3bc-9003-fec1faed7d50][action:login] forward invoke seq:4 request:{"action":"login","group":"wbty","pwd":"3123124124"}
[2022-08-16 08:43:30,508 [group-thread-wbty]  INFO Sekiro:?]  [sekiroGroup:wbty][clientId:6984a11e-0588-d3bc-9003-fec1faed7d50] forward invoke :{"action":"login","group":"wbty","pwd":"3123124124"} to client:6984a11e-0588-d3bc-9003-fec1faed7d50
[2022-08-16 08:43:30,508 [sekiro-worker-3-1]  INFO Sekiro:?]  [sekiroGroup:wbty][clientId:6984a11e-0588-d3bc-9003-fec1faed7d50][action:login] forward invoke seq:5 request:{"action":"login","group":"wbty","pwd":"3123124124"}
[2022-08-16 08:44:26,732 [group-thread-wbty]  INFO Sekiro:?]  [sekiroGroup:wbty][clientId:6984a11e-0588-d3bc-9003-fec1faed7d50] forward invoke :{"action":"login","group":"wbty","pwd":"3123124124"} to client:6984a11e-0588-d3bc-9003-fec1faed7d50
[2022-08-16 08:44:26,732 [sekiro-worker-3-1]  INFO Sekiro:?]  [sekiroGroup:wbty][clientId:6984a11e-0588-d3bc-9003-fec1faed7d50][action:login] forward invoke seq:6 request:{"action":"login","group":"wbty","pwd":"3123124124"}
[2022-08-16 08:47:06,989 [group-thread-wbty]  INFO Sekiro:?]  [sekiroGroup:wbty][clientId:6984a11e-0588-d3bc-9003-fec1faed7d50] forward invoke :{"action":"login","group":"wbty","pwd":"3123124124"} to client:6984a11e-0588-d3bc-9003-fec1faed7d50
[2022-08-16 08:47:06,990 [sekiro-worker-3-1]  INFO Sekiro:?]  [sekiroGroup:wbty][clientId:6984a11e-0588-d3bc-9003-fec1faed7d50][action:login] forward invoke seq:7 request:{"action":"login","group":"wbty","pwd":"3123124124"}
[2022-08-16 08:48:17,842 [group-thread-wbty]  INFO Sekiro:?]  [sekiroGroup:wbty][clientId:6984a11e-0588-d3bc-9003-fec1faed7d50] forward invoke :{"action":"login","group":"wbty","pwd":"3123124124"} to client:6984a11e-0588-d3bc-9003-fec1faed7d50
[2022-08-16 08:48:17,842 [sekiro-worker-3-1]  INFO Sekiro:?]  [sekiroGroup:wbty][clientId:6984a11e-0588-d3bc-9003-fec1faed7d50][action:login] forward invoke seq:8 request:{"action":"login","group":"wbty","pwd":"3123124124"}
[2022-08-16 08:49:00,164 [group-thread-wbty]  INFO Sekiro:?]  [sekiroGroup:wbty][clientId:6984a11e-0588-d3bc-9003-fec1faed7d50] forward invoke :{"action":"login","group":"wbty","pwd":"3123124124"} to client:6984a11e-0588-d3bc-9003-fec1faed7d50
[2022-08-16 08:49:00,164 [sekiro-worker-3-1]  INFO Sekiro:?]  [sekiroGroup:wbty][clientId:6984a11e-0588-d3bc-9003-fec1faed7d50][action:login] forward invoke seq:9 request:{"action":"login","group":"wbty","pwd":"3123124124"}
[2022-08-16 08:49:36,237 [group-thread-wbty]  INFO Sekiro:?]  [sekiroGroup:wbty][clientId:6984a11e-0588-d3bc-9003-fec1faed7d50] forward invoke :{"action":"login","group":"wbty","pwd":"3123124124"} to client:6984a11e-0588-d3bc-9003-fec1faed7d50
[2022-08-16 08:49:36,237 [sekiro-worker-3-1]  INFO Sekiro:?]  [sekiroGroup:wbty][clientId:6984a11e-0588-d3bc-9003-fec1faed7d50][action:login] forward invoke seq:10 request:{"action":"login","group":"wbty","pwd":"3123124124"}
[2022-08-16 08:49:58,078 [group-thread-wbty]  INFO Sekiro:?]  [sekiroGroup:wbty][clientId:6984a11e-0588-d3bc-9003-fec1faed7d50] forward invoke :{"action":"login","group":"wbty","pwd":"3123124124"} to client:6984a11e-0588-d3bc-9003-fec1faed7d50
[2022-08-16 08:49:58,079 [sekiro-worker-3-1]  INFO Sekiro:?]  [sekiroGroup:wbty][clientId:6984a11e-0588-d3bc-9003-fec1faed7d50][action:login] forward invoke seq:11 request:{"action":"login","group":"wbty","pwd":"3123124124"}
[2022-08-16 08:54:19,416 [group-thread-wbty]  INFO Sekiro:?]  [sekiroGroup:wbty][clientId:6984a11e-0588-d3bc-9003-fec1faed7d50] client disconnect
[2022-08-16 08:57:03,796 [group-thread-wbty]  WARN Sekiro:?]  [sekiroGroup:wbty][clientId:group:wbty:system-fake] pool queue empty
[2022-08-16 08:59:26,258 [sekiro-worker-3-13]  INFO Sekiro:?]  [sekiroGroup:wbty][clientId:e04c0d58-4884-f9e9-81e9-7835a47748ed] client register
[2022-08-16 08:59:32,026 [group-thread-wbty]  INFO Sekiro:?]  [sekiroGroup:wbty][clientId:e04c0d58-4884-f9e9-81e9-7835a47748ed] forward invoke :{"action":"login","group":"wbty","pwd":"aB12345678910"} to client:e04c0d58-4884-f9e9-81e9-7835a47748ed
[2022-08-16 08:59:32,026 [sekiro-worker-3-13]  INFO Sekiro:?]  [sekiroGroup:wbty][clientId:e04c0d58-4884-f9e9-81e9-7835a47748ed][action:login] forward invoke seq:2 request:{"action":"login","group":"wbty","pwd":"aB12345678910"}
