[2022-05-15 20:32:47,216 [group-thread-rdemo]  WARN Sekiro:?]  [sekiroGroup:rdemo][clientId:group:rdemo:system-fake] pool queue empty
[2022-05-15 20:32:50,829 [sekiro-worker-3-20]  INFO Sekiro:?]  [sekiroGroup:rdemo][clientId:8938754c-aab5-3af6-2c04-695c4681bcc3] client register
[2022-05-15 20:32:50,914 [sekiro-worker-3-21]  INFO Sekiro:?]  [sekiroGroup:rdemo][clientId:8dff9500-be27-fe82-1d94-3d3cb8937a4e] client register
[2022-05-15 20:32:50,988 [sekiro-worker-3-22]  INFO Sekiro:?]  [sekiroGroup:rdemo][clientId:aec3b0b5-638b-33dd-b242-a88bf6d4158b] client register
[2022-05-15 20:32:56,051 [group-thread-rdemo]  INFO Sekiro:?]  [sekiroGroup:rdemo][clientId:aec3b0b5-638b-33dd-b242-a88bf6d4158b] forward invoke :{"action":"get","group":"rdemo","seed":"Lmnj2N6F3BfZryFjFEwph7skd0PoS070lXAxzTw1vTo=","ts":"1652617978153"} to client:aec3b0b5-638b-33dd-b242-a88bf6d4158b
[2022-05-15 20:32:56,052 [sekiro-worker-3-22]  INFO Sekiro:?]  [sekiroGroup:rdemo][clientId:aec3b0b5-638b-33dd-b242-a88bf6d4158b][action:get] forward invoke seq:2 request:{"action":"get","group":"rdemo","seed":"Lmnj2N6F3BfZryFjFEwph7skd0PoS070lXAxzTw1vTo=","ts":"1652617978153"}
[2022-05-15 20:34:40,918 [group-thread-rdemo]  INFO Sekiro:?]  [sekiroGroup:rdemo][clientId:8dff9500-be27-fe82-1d94-3d3cb8937a4e] forward invoke :{"action":"get","group":"rdemo","seed":"Lmnj2N6F3BfZryFjFEwphwbOeKCvKxUgxbaRnbokpBc=","ts":"1652618083021"} to client:8dff9500-be27-fe82-1d94-3d3cb8937a4e
[2022-05-15 20:34:40,919 [sekiro-worker-3-21]  INFO Sekiro:?]  [sekiroGroup:rdemo][clientId:8dff9500-be27-fe82-1d94-3d3cb8937a4e][action:get] forward invoke seq:2 request:{"action":"get","group":"rdemo","seed":"Lmnj2N6F3BfZryFjFEwphwbOeKCvKxUgxbaRnbokpBc=","ts":"1652618083021"}
[2022-05-15 20:34:45,611 [group-thread-rdemo]  INFO Sekiro:?]  [sekiroGroup:rdemo][clientId:8938754c-aab5-3af6-2c04-695c4681bcc3] forward invoke :{"action":"get","group":"rdemo","seed":"Lmnj2N6F3BfZryFjFEwph+hzoBP0zE1MpGldNOBfhJk=","ts":"1652618087710"} to client:8938754c-aab5-3af6-2c04-695c4681bcc3
[2022-05-15 20:34:45,612 [sekiro-worker-3-20]  INFO Sekiro:?]  [sekiroGroup:rdemo][clientId:8938754c-aab5-3af6-2c04-695c4681bcc3][action:get] forward invoke seq:2 request:{"action":"get","group":"rdemo","seed":"Lmnj2N6F3BfZryFjFEwph+hzoBP0zE1MpGldNOBfhJk=","ts":"1652618087710"}
[2022-05-15 20:34:56,499 [group-thread-rdemo]  INFO Sekiro:?]  [sekiroGroup:rdemo][clientId:8938754c-aab5-3af6-2c04-695c4681bcc3] client disconnect
[2022-05-15 20:34:56,501 [group-thread-rdemo]  INFO Sekiro:?]  [sekiroGroup:rdemo][clientId:8dff9500-be27-fe82-1d94-3d3cb8937a4e] client disconnect
[2022-05-15 20:34:56,501 [group-thread-rdemo]  INFO Sekiro:?]  [sekiroGroup:rdemo][clientId:aec3b0b5-638b-33dd-b242-a88bf6d4158b] client disconnect
[2022-05-15 20:34:58,211 [sekiro-worker-3-26]  INFO Sekiro:?]  [sekiroGroup:rdemo][clientId:7fee7477-f568-73a3-01bb-086dd1aa65de] client register
[2022-05-15 20:34:58,295 [sekiro-worker-3-27]  INFO Sekiro:?]  [sekiroGroup:rdemo][clientId:e8960f14-bc83-5698-cd03-afa3ebbadcc3] client register
[2022-05-15 20:34:58,401 [sekiro-worker-3-28]  INFO Sekiro:?]  [sekiroGroup:rdemo][clientId:e1599ef5-5922-0842-8065-510290ef2ec5] client register
[2022-05-15 20:34:58,450 [sekiro-worker-3-29]  INFO Sekiro:?]  [sekiroGroup:rdemo][clientId:321d7653-1ad8-25e5-9569-19cecc85e9e2] client register
[2022-05-15 20:34:58,521 [sekiro-worker-3-30]  INFO Sekiro:?]  [sekiroGroup:rdemo][clientId:f12134f8-cff0-bcd9-7b10-07cd78506e44] client register
[2022-05-15 20:34:58,629 [sekiro-worker-3-31]  INFO Sekiro:?]  [sekiroGroup:rdemo][clientId:a43144d8-cf9c-0d8c-f6dc-25a752048403] client register
[2022-05-15 20:34:58,723 [sekiro-worker-3-32]  INFO Sekiro:?]  [sekiroGroup:rdemo][clientId:754cebc4-066c-f9a4-0174-b0f679a72a60] client register
[2022-05-15 20:35:13,297 [group-thread-rdemo]  INFO Sekiro:?]  [sekiroGroup:rdemo][clientId:754cebc4-066c-f9a4-0174-b0f679a72a60] forward invoke :{"action":"get","group":"rdemo","seed":"Lmnj2N6F3BfZryFjFEwphyKM3H1C4Gr0ZEXOggKEZhE=","ts":"1652618115401"} to client:754cebc4-066c-f9a4-0174-b0f679a72a60
[2022-05-15 20:35:13,298 [sekiro-worker-3-32]  INFO Sekiro:?]  [sekiroGroup:rdemo][clientId:754cebc4-066c-f9a4-0174-b0f679a72a60][action:get] forward invoke seq:2 request:{"action":"get","group":"rdemo","seed":"Lmnj2N6F3BfZryFjFEwphyKM3H1C4Gr0ZEXOggKEZhE=","ts":"1652618115401"}
[2022-05-15 20:35:39,845 [group-thread-rdemo]  INFO Sekiro:?]  [sekiroGroup:rdemo][clientId:a43144d8-cf9c-0d8c-f6dc-25a752048403] forward invoke :{"action":"get","e":"Lmnj2N6F3BfZryFjFEwph+/3T8fnYR5U2EnJveJZOBw=","group":"rdemo","i":"1652618141950"} to client:a43144d8-cf9c-0d8c-f6dc-25a752048403
[2022-05-15 20:35:39,845 [sekiro-worker-3-31]  INFO Sekiro:?]  [sekiroGroup:rdemo][clientId:a43144d8-cf9c-0d8c-f6dc-25a752048403][action:get] forward invoke seq:2 request:{"action":"get","e":"Lmnj2N6F3BfZryFjFEwph+/3T8fnYR5U2EnJveJZOBw=","group":"rdemo","i":"1652618141950"}
[2022-05-15 20:35:52,863 [group-thread-rdemo]  INFO Sekiro:?]  [sekiroGroup:rdemo][clientId:f12134f8-cff0-bcd9-7b10-07cd78506e44] forward invoke :{"action":"get","e":"Lmnj2N6F3BfZryFjFEwph3sOGj/69Q6bGr25jwAUJWk=","group":"rdemo","i":"1652618154938"} to client:f12134f8-cff0-bcd9-7b10-07cd78506e44
[2022-05-15 20:35:52,864 [sekiro-worker-3-30]  INFO Sekiro:?]  [sekiroGroup:rdemo][clientId:f12134f8-cff0-bcd9-7b10-07cd78506e44][action:get] forward invoke seq:2 request:{"action":"get","e":"Lmnj2N6F3BfZryFjFEwph3sOGj/69Q6bGr25jwAUJWk=","group":"rdemo","i":"1652618154938"}
[2022-05-15 20:36:01,291 [group-thread-rdemo]  INFO Sekiro:?]  [sekiroGroup:rdemo][clientId:321d7653-1ad8-25e5-9569-19cecc85e9e2] forward invoke :{"action":"get","e":"Lmnj2N6F3BfZryFjFEwphwNciygcaH9jbs/WCYbSfZc=","group":"rdemo","i":"1652618163386"} to client:321d7653-1ad8-25e5-9569-19cecc85e9e2
[2022-05-15 20:36:01,292 [sekiro-worker-3-29]  INFO Sekiro:?]  [sekiroGroup:rdemo][clientId:321d7653-1ad8-25e5-9569-19cecc85e9e2][action:get] forward invoke seq:2 request:{"action":"get","e":"Lmnj2N6F3BfZryFjFEwphwNciygcaH9jbs/WCYbSfZc=","group":"rdemo","i":"1652618163386"}
[2022-05-15 20:36:10,473 [group-thread-rdemo]  INFO Sekiro:?]  [sekiroGroup:rdemo][clientId:e1599ef5-5922-0842-8065-510290ef2ec5] forward invoke :{"action":"get","e":"Lmnj2N6F3BfZryFjFEwphz8lZxZC8Uidruyfk1hjz8A=","group":"rdemo","i":"1652618172548"} to client:e1599ef5-5922-0842-8065-510290ef2ec5
[2022-05-15 20:36:10,474 [sekiro-worker-3-28]  INFO Sekiro:?]  [sekiroGroup:rdemo][clientId:e1599ef5-5922-0842-8065-510290ef2ec5][action:get] forward invoke seq:2 request:{"action":"get","e":"Lmnj2N6F3BfZryFjFEwphz8lZxZC8Uidruyfk1hjz8A=","group":"rdemo","i":"1652618172548"}
[2022-05-15 20:36:16,866 [group-thread-rdemo]  INFO Sekiro:?]  [sekiroGroup:rdemo][clientId:e8960f14-bc83-5698-cd03-afa3ebbadcc3] forward invoke :{"action":"get","e":"Lmnj2N6F3BfZryFjFEwph/SV9Id+e6UOUfNLCerJhV4=","group":"rdemo","i":"1652618178943"} to client:e8960f14-bc83-5698-cd03-afa3ebbadcc3
[2022-05-15 20:36:16,866 [sekiro-worker-3-27]  INFO Sekiro:?]  [sekiroGroup:rdemo][clientId:e8960f14-bc83-5698-cd03-afa3ebbadcc3][action:get] forward invoke seq:2 request:{"action":"get","e":"Lmnj2N6F3BfZryFjFEwph/SV9Id+e6UOUfNLCerJhV4=","group":"rdemo","i":"1652618178943"}
[2022-05-15 20:36:20,510 [group-thread-rdemo]  INFO Sekiro:?]  [sekiroGroup:rdemo][clientId:7fee7477-f568-73a3-01bb-086dd1aa65de] forward invoke :{"action":"get","e":"Lmnj2N6F3BfZryFjFEwph61IMGtzH/MOZivz6swaqH0=","group":"rdemo","i":"1652618182609"} to client:7fee7477-f568-73a3-01bb-086dd1aa65de
[2022-05-15 20:36:20,510 [sekiro-worker-3-26]  INFO Sekiro:?]  [sekiroGroup:rdemo][clientId:7fee7477-f568-73a3-01bb-086dd1aa65de][action:get] forward invoke seq:2 request:{"action":"get","e":"Lmnj2N6F3BfZryFjFEwph61IMGtzH/MOZivz6swaqH0=","group":"rdemo","i":"1652618182609"}
[2022-05-15 20:36:26,967 [group-thread-rdemo]  INFO Sekiro:?]  [sekiroGroup:rdemo][clientId:754cebc4-066c-f9a4-0174-b0f679a72a60] forward invoke :{"action":"get","e":"Lmnj2N6F3BfZryFjFEwphxbKkaxpSfhVZduV3qyo1Gc=","group":"rdemo","i":"1652618189074"} to client:754cebc4-066c-f9a4-0174-b0f679a72a60
[2022-05-15 20:36:26,968 [sekiro-worker-3-32]  INFO Sekiro:?]  [sekiroGroup:rdemo][clientId:754cebc4-066c-f9a4-0174-b0f679a72a60][action:get] forward invoke seq:3 request:{"action":"get","e":"Lmnj2N6F3BfZryFjFEwphxbKkaxpSfhVZduV3qyo1Gc=","group":"rdemo","i":"1652618189074"}
[2022-05-15 20:36:36,276 [group-thread-rdemo]  INFO Sekiro:?]  [sekiroGroup:rdemo][clientId:a43144d8-cf9c-0d8c-f6dc-25a752048403] forward invoke :{"action":"get","e":"Lmnj2N6F3BfZryFjFEwph3vKKKL+OTXQj5FvnrXkjtA=","group":"rdemo","i":"1652618198367"} to client:a43144d8-cf9c-0d8c-f6dc-25a752048403
[2022-05-15 20:36:36,276 [sekiro-worker-3-31]  INFO Sekiro:?]  [sekiroGroup:rdemo][clientId:a43144d8-cf9c-0d8c-f6dc-25a752048403][action:get] forward invoke seq:3 request:{"action":"get","e":"Lmnj2N6F3BfZryFjFEwph3vKKKL+OTXQj5FvnrXkjtA=","group":"rdemo","i":"1652618198367"}
[2022-05-15 20:48:18,803 [group-thread-rdemo]  INFO Sekiro:?]  [sekiroGroup:rdemo][clientId:f12134f8-cff0-bcd9-7b10-07cd78506e44] forward invoke :{"action":"get","e":"Lmnj2N6F3BfZryFjFEwph+IW0AtnMPFTbbWWu4xqZYU=","group":"rdemo","i":"1652618900917"} to client:f12134f8-cff0-bcd9-7b10-07cd78506e44
[2022-05-15 20:48:18,803 [sekiro-worker-3-30]  INFO Sekiro:?]  [sekiroGroup:rdemo][clientId:f12134f8-cff0-bcd9-7b10-07cd78506e44][action:get] forward invoke seq:3 request:{"action":"get","e":"Lmnj2N6F3BfZryFjFEwph+IW0AtnMPFTbbWWu4xqZYU=","group":"rdemo","i":"1652618900917"}
[2022-05-15 20:48:25,799 [group-thread-rdemo]  INFO Sekiro:?]  [sekiroGroup:rdemo][clientId:321d7653-1ad8-25e5-9569-19cecc85e9e2] forward invoke :{"action":"get","e":"Lmnj2N6F3BfZryFjFEwph+muOBhGfs9KbVwERStY6nU=","group":"rdemo","i":"1652618907905"} to client:321d7653-1ad8-25e5-9569-19cecc85e9e2
[2022-05-15 20:48:25,800 [sekiro-worker-3-29]  INFO Sekiro:?]  [sekiroGroup:rdemo][clientId:321d7653-1ad8-25e5-9569-19cecc85e9e2][action:get] forward invoke seq:3 request:{"action":"get","e":"Lmnj2N6F3BfZryFjFEwph+muOBhGfs9KbVwERStY6nU=","group":"rdemo","i":"1652618907905"}
[2022-05-15 21:30:31,980 [group-thread-rdemo]  INFO Sekiro:?]  [sekiroGroup:rdemo][clientId:e1599ef5-5922-0842-8065-510290ef2ec5] forward invoke :{"action":"get","e":"Lmnj2N6F3BfZryFjFEwph0BPsTKkd5jUjGFW3mfH8Y0=","group":"rdemo","i":"1652621434096"} to client:e1599ef5-5922-0842-8065-510290ef2ec5
[2022-05-15 21:30:31,982 [sekiro-worker-3-28]  INFO Sekiro:?]  [sekiroGroup:rdemo][clientId:e1599ef5-5922-0842-8065-510290ef2ec5][action:get] forward invoke seq:3 request:{"action":"get","e":"Lmnj2N6F3BfZryFjFEwph0BPsTKkd5jUjGFW3mfH8Y0=","group":"rdemo","i":"1652621434096"}
[2022-05-15 21:40:36,271 [group-thread-rdemo]  INFO Sekiro:?]  [sekiroGroup:rdemo][clientId:e8960f14-bc83-5698-cd03-afa3ebbadcc3] forward invoke :{"action":"get","e":"Lmnj2N6F3BfZryFjFEwph3O6bxbzfexbdETvr5M6Fcs=","group":"rdemo","i":"1652622038435"} to client:e8960f14-bc83-5698-cd03-afa3ebbadcc3
[2022-05-15 21:40:36,272 [sekiro-worker-3-27]  INFO Sekiro:?]  [sekiroGroup:rdemo][clientId:e8960f14-bc83-5698-cd03-afa3ebbadcc3][action:get] forward invoke seq:3 request:{"action":"get","e":"Lmnj2N6F3BfZryFjFEwph3O6bxbzfexbdETvr5M6Fcs=","group":"rdemo","i":"1652622038435"}
[2022-05-15 21:41:59,345 [group-thread-rdemo]  INFO Sekiro:?]  [sekiroGroup:rdemo][clientId:7fee7477-f568-73a3-01bb-086dd1aa65de] forward invoke :{"action":"get","e":"Lmnj2N6F3BfZryFjFEwph2K9QXurX149dhEevpav9Cc=","group":"rdemo","i":"1652622121506"} to client:7fee7477-f568-73a3-01bb-086dd1aa65de
[2022-05-15 21:41:59,346 [sekiro-worker-3-26]  INFO Sekiro:?]  [sekiroGroup:rdemo][clientId:7fee7477-f568-73a3-01bb-086dd1aa65de][action:get] forward invoke seq:3 request:{"action":"get","e":"Lmnj2N6F3BfZryFjFEwph2K9QXurX149dhEevpav9Cc=","group":"rdemo","i":"1652622121506"}
[2022-05-15 21:42:12,867 [group-thread-rdemo]  INFO Sekiro:?]  [sekiroGroup:rdemo][clientId:754cebc4-066c-f9a4-0174-b0f679a72a60] forward invoke :{"action":"get","e":"Lmnj2N6F3BfZryFjFEwph8ZfOKG69jTjrZH4zfqOiSM=","group":"rdemo","i":"1652622135019"} to client:754cebc4-066c-f9a4-0174-b0f679a72a60
[2022-05-15 21:42:12,869 [sekiro-worker-3-32]  INFO Sekiro:?]  [sekiroGroup:rdemo][clientId:754cebc4-066c-f9a4-0174-b0f679a72a60][action:get] forward invoke seq:4 request:{"action":"get","e":"Lmnj2N6F3BfZryFjFEwph8ZfOKG69jTjrZH4zfqOiSM=","group":"rdemo","i":"1652622135019"}
[2022-05-15 21:42:17,540 [group-thread-rdemo]  INFO Sekiro:?]  [sekiroGroup:rdemo][clientId:a43144d8-cf9c-0d8c-f6dc-25a752048403] forward invoke :{"action":"get","e":"Lmnj2N6F3BfZryFjFEwph3PQ5w/6y7oEX0PvCp3toZ8=","group":"rdemo","i":"1652622139710"} to client:a43144d8-cf9c-0d8c-f6dc-25a752048403
[2022-05-15 21:42:17,541 [sekiro-worker-3-31]  INFO Sekiro:?]  [sekiroGroup:rdemo][clientId:a43144d8-cf9c-0d8c-f6dc-25a752048403][action:get] forward invoke seq:4 request:{"action":"get","e":"Lmnj2N6F3BfZryFjFEwph3PQ5w/6y7oEX0PvCp3toZ8=","group":"rdemo","i":"1652622139710"}
[2022-05-15 21:43:55,235 [group-thread-rdemo]  INFO Sekiro:?]  [sekiroGroup:rdemo][clientId:754cebc4-066c-f9a4-0174-b0f679a72a60] client disconnect
[2022-05-15 21:43:55,236 [group-thread-rdemo]  INFO Sekiro:?]  [sekiroGroup:rdemo][clientId:a43144d8-cf9c-0d8c-f6dc-25a752048403] client disconnect
[2022-05-15 21:43:55,236 [group-thread-rdemo]  INFO Sekiro:?]  [sekiroGroup:rdemo][clientId:f12134f8-cff0-bcd9-7b10-07cd78506e44] client disconnect
[2022-05-15 21:43:55,236 [group-thread-rdemo]  INFO Sekiro:?]  [sekiroGroup:rdemo][clientId:321d7653-1ad8-25e5-9569-19cecc85e9e2] client disconnect
[2022-05-15 21:43:55,236 [group-thread-rdemo]  INFO Sekiro:?]  [sekiroGroup:rdemo][clientId:e8960f14-bc83-5698-cd03-afa3ebbadcc3] client disconnect
[2022-05-15 21:43:55,236 [group-thread-rdemo]  INFO Sekiro:?]  [sekiroGroup:rdemo][clientId:7fee7477-f568-73a3-01bb-086dd1aa65de] client disconnect
[2022-05-15 21:43:55,236 [group-thread-rdemo]  INFO Sekiro:?]  [sekiroGroup:rdemo][clientId:e1599ef5-5922-0842-8065-510290ef2ec5] client disconnect
[2022-05-15 21:45:32,698 [sekiro-worker-3-1]  INFO Sekiro:?]  [sekiroGroup:rdemo][clientId:754cebc4-066c-f9a4-0174-b0f679a72a60] client register
[2022-05-15 21:45:32,712 [sekiro-worker-3-2]  INFO Sekiro:?]  [sekiroGroup:rdemo][clientId:a43144d8-cf9c-0d8c-f6dc-25a752048403] client register
[2022-05-15 21:45:32,728 [sekiro-worker-3-3]  INFO Sekiro:?]  [sekiroGroup:rdemo][clientId:f12134f8-cff0-bcd9-7b10-07cd78506e44] client register
[2022-05-15 21:45:32,743 [sekiro-worker-3-4]  INFO Sekiro:?]  [sekiroGroup:rdemo][clientId:321d7653-1ad8-25e5-9569-19cecc85e9e2] client register
[2022-05-15 21:45:32,760 [sekiro-worker-3-5]  INFO Sekiro:?]  [sekiroGroup:rdemo][clientId:e1599ef5-5922-0842-8065-510290ef2ec5] client register
[2022-05-15 21:45:32,776 [sekiro-worker-3-6]  INFO Sekiro:?]  [sekiroGroup:rdemo][clientId:e8960f14-bc83-5698-cd03-afa3ebbadcc3] client register
[2022-05-15 21:45:32,820 [sekiro-worker-3-7]  INFO Sekiro:?]  [sekiroGroup:rdemo][clientId:7fee7477-f568-73a3-01bb-086dd1aa65de] client register
[2022-05-15 21:57:49,770 [group-thread-rdemo]  INFO Sekiro:?]  [sekiroGroup:rdemo][clientId:7fee7477-f568-73a3-01bb-086dd1aa65de] forward invoke :{"action":"get","e":"Lmnj2N6F3BfZryFjFEwphyjj/rNBK3R3c9DoXLjw7n8=","group":"rdemo","i":"1652623070490"} to client:7fee7477-f568-73a3-01bb-086dd1aa65de
[2022-05-15 21:57:49,770 [sekiro-worker-3-7]  INFO Sekiro:?]  [sekiroGroup:rdemo][clientId:7fee7477-f568-73a3-01bb-086dd1aa65de][action:get] forward invoke seq:2 request:{"action":"get","e":"Lmnj2N6F3BfZryFjFEwphyjj/rNBK3R3c9DoXLjw7n8=","group":"rdemo","i":"1652623070490"}
[2022-05-15 21:57:53,240 [group-thread-rdemo]  INFO Sekiro:?]  [sekiroGroup:rdemo][clientId:e8960f14-bc83-5698-cd03-afa3ebbadcc3] forward invoke :{"action":"get","e":"Lmnj2N6F3BfZryFjFEwph0e9VKqarF2Oww1ecA8klQk=","group":"rdemo","i":"1652623073949"} to client:e8960f14-bc83-5698-cd03-afa3ebbadcc3
[2022-05-15 21:57:53,247 [sekiro-worker-3-6]  INFO Sekiro:?]  [sekiroGroup:rdemo][clientId:e8960f14-bc83-5698-cd03-afa3ebbadcc3][action:get] forward invoke seq:2 request:{"action":"get","e":"Lmnj2N6F3BfZryFjFEwph0e9VKqarF2Oww1ecA8klQk=","group":"rdemo","i":"1652623073949"}
[2022-05-15 21:57:56,838 [group-thread-rdemo]  INFO Sekiro:?]  [sekiroGroup:rdemo][clientId:e1599ef5-5922-0842-8065-510290ef2ec5] forward invoke :{"action":"get","e":"Lmnj2N6F3BfZryFjFEwphzDtBhxPghPxksEMEyElvMk=","group":"rdemo","i":"1652623077551"} to client:e1599ef5-5922-0842-8065-510290ef2ec5
[2022-05-15 21:57:56,838 [sekiro-worker-3-5]  INFO Sekiro:?]  [sekiroGroup:rdemo][clientId:e1599ef5-5922-0842-8065-510290ef2ec5][action:get] forward invoke seq:2 request:{"action":"get","e":"Lmnj2N6F3BfZryFjFEwphzDtBhxPghPxksEMEyElvMk=","group":"rdemo","i":"1652623077551"}
[2022-05-15 21:58:08,693 [group-thread-rdemo]  INFO Sekiro:?]  [sekiroGroup:rdemo][clientId:754cebc4-066c-f9a4-0174-b0f679a72a60] client disconnect
[2022-05-15 21:58:08,695 [group-thread-rdemo]  INFO Sekiro:?]  [sekiroGroup:rdemo][clientId:7fee7477-f568-73a3-01bb-086dd1aa65de] client disconnect
[2022-05-15 21:58:08,695 [group-thread-rdemo]  INFO Sekiro:?]  [sekiroGroup:rdemo][clientId:a43144d8-cf9c-0d8c-f6dc-25a752048403] client disconnect
[2022-05-15 21:58:08,695 [group-thread-rdemo]  INFO Sekiro:?]  [sekiroGroup:rdemo][clientId:e8960f14-bc83-5698-cd03-afa3ebbadcc3] client disconnect
[2022-05-15 21:58:08,696 [group-thread-rdemo]  INFO Sekiro:?]  [sekiroGroup:rdemo][clientId:f12134f8-cff0-bcd9-7b10-07cd78506e44] client disconnect
[2022-05-15 21:58:08,696 [group-thread-rdemo]  INFO Sekiro:?]  [sekiroGroup:rdemo][clientId:e1599ef5-5922-0842-8065-510290ef2ec5] client disconnect
[2022-05-15 21:58:08,696 [group-thread-rdemo]  INFO Sekiro:?]  [sekiroGroup:rdemo][clientId:321d7653-1ad8-25e5-9569-19cecc85e9e2] client disconnect
[2022-05-15 22:06:38,846 [group-thread-rdemo]  WARN Sekiro:?]  [sekiroGroup:rdemo][clientId:group:rdemo:system-fake] pool queue empty
[2022-05-15 22:12:02,556 [group-thread-rdemo]  WARN Sekiro:?]  [sekiroGroup:rdemo][clientId:group:rdemo:system-fake] pool queue empty
[2022-05-15 22:12:22,388 [group-thread-rdemo]  WARN Sekiro:?]  [sekiroGroup:rdemo][clientId:group:rdemo:system-fake] pool queue empty
[2022-05-15 22:12:26,040 [group-thread-rdemo]  WARN Sekiro:?]  [sekiroGroup:rdemo][clientId:group:rdemo:system-fake] pool queue empty
[2022-05-15 22:14:29,857 [group-thread-rdemo]  WARN Sekiro:?]  [sekiroGroup:rdemo][clientId:group:rdemo:system-fake] pool queue empty
[2022-05-15 22:17:36,368 [sekiro-worker-3-16]  INFO Sekiro:?]  [sekiroGroup:rdemo][clientId:24c606c7-1b46-4158-74d6-6a2f0c57e02e] client register
[2022-05-15 22:17:36,428 [sekiro-worker-3-17]  INFO Sekiro:?]  [sekiroGroup:rdemo][clientId:b548f776-a6bc-cbcd-4c9b-8cc45d603e28] client register
[2022-05-15 22:17:36,536 [sekiro-worker-3-18]  INFO Sekiro:?]  [sekiroGroup:rdemo][clientId:1ae51f4b-3912-2595-a6ff-eea48dadd7c2] client register
[2022-05-15 22:17:36,647 [sekiro-worker-3-19]  INFO Sekiro:?]  [sekiroGroup:rdemo][clientId:6e05c380-fb2f-df7a-c155-74c1c9bf3ac2] client register
[2022-05-15 22:17:36,753 [sekiro-worker-3-20]  INFO Sekiro:?]  [sekiroGroup:rdemo][clientId:e3fa693d-d713-f6d4-4afc-d9606d78394e] client register
[2022-05-15 22:17:36,879 [sekiro-worker-3-21]  INFO Sekiro:?]  [sekiroGroup:rdemo][clientId:0d1e74a2-13c7-262c-6ed7-0bd4daa2e2ed] client register
[2022-05-15 22:17:36,989 [sekiro-worker-3-22]  INFO Sekiro:?]  [sekiroGroup:rdemo][clientId:1dced2a2-ea5b-06ff-de36-4b8526b64fef] client register
[2022-05-15 22:17:37,105 [sekiro-worker-3-23]  INFO Sekiro:?]  [sekiroGroup:rdemo][clientId:44242366-03ff-483c-9fb6-61c5fa508ee1] client register
[2022-05-15 22:17:37,216 [sekiro-worker-3-24]  INFO Sekiro:?]  [sekiroGroup:rdemo][clientId:4b853585-0e7e-d674-a1c8-2f96d2745877] client register
[2022-05-15 22:18:04,487 [group-thread-rdemo]  INFO Sekiro:?]  [sekiroGroup:rdemo][clientId:4b853585-0e7e-d674-a1c8-2f96d2745877] forward invoke :{"action":"get","e":"Lmnj2N6F3BfZryFjFEwph1J30ln9VB2O6RmHYoJ7fyE=","group":"rdemo","i":"1652624285237"} to client:4b853585-0e7e-d674-a1c8-2f96d2745877
[2022-05-15 22:18:04,488 [sekiro-worker-3-24]  INFO Sekiro:?]  [sekiroGroup:rdemo][clientId:4b853585-0e7e-d674-a1c8-2f96d2745877][action:get] forward invoke seq:2 request:{"action":"get","e":"Lmnj2N6F3BfZryFjFEwph1J30ln9VB2O6RmHYoJ7fyE=","group":"rdemo","i":"1652624285237"}
[2022-05-15 22:18:22,595 [group-thread-rdemo]  INFO Sekiro:?]  [sekiroGroup:rdemo][clientId:44242366-03ff-483c-9fb6-61c5fa508ee1] forward invoke :{"action":"get","e":"Lmnj2N6F3BfZryFjFEwphzhq3r4okBdG26cpksfYeH8=","group":"rdemo","i":"1652624303336"} to client:44242366-03ff-483c-9fb6-61c5fa508ee1
[2022-05-15 22:18:22,595 [sekiro-worker-3-23]  INFO Sekiro:?]  [sekiroGroup:rdemo][clientId:44242366-03ff-483c-9fb6-61c5fa508ee1][action:get] forward invoke seq:2 request:{"action":"get","e":"Lmnj2N6F3BfZryFjFEwphzhq3r4okBdG26cpksfYeH8=","group":"rdemo","i":"1652624303336"}
[2022-05-15 22:18:41,442 [group-thread-rdemo]  INFO Sekiro:?]  [sekiroGroup:rdemo][clientId:1dced2a2-ea5b-06ff-de36-4b8526b64fef] forward invoke :{"action":"get","e":"Lmnj2N6F3BfZryFjFEwphyIyUbmrXrehTZtc6G1hIFo=","group":"rdemo","i":"1652624322195"} to client:1dced2a2-ea5b-06ff-de36-4b8526b64fef
[2022-05-15 22:18:41,443 [sekiro-worker-3-22]  INFO Sekiro:?]  [sekiroGroup:rdemo][clientId:1dced2a2-ea5b-06ff-de36-4b8526b64fef][action:get] forward invoke seq:2 request:{"action":"get","e":"Lmnj2N6F3BfZryFjFEwphyIyUbmrXrehTZtc6G1hIFo=","group":"rdemo","i":"1652624322195"}
[2022-05-15 22:20:41,911 [group-thread-rdemo]  INFO Sekiro:?]  [sekiroGroup:rdemo][clientId:0d1e74a2-13c7-262c-6ed7-0bd4daa2e2ed] forward invoke :{"action":"get","e":"Lmnj2N6F3BfZryFjFEwph8eOrIlRbVl8umUgeobYWbA=","group":"rdemo","i":"1652624442667"} to client:0d1e74a2-13c7-262c-6ed7-0bd4daa2e2ed
[2022-05-15 22:20:41,911 [sekiro-worker-3-21]  INFO Sekiro:?]  [sekiroGroup:rdemo][clientId:0d1e74a2-13c7-262c-6ed7-0bd4daa2e2ed][action:get] forward invoke seq:2 request:{"action":"get","e":"Lmnj2N6F3BfZryFjFEwph8eOrIlRbVl8umUgeobYWbA=","group":"rdemo","i":"1652624442667"}
[2022-05-15 22:20:58,174 [group-thread-rdemo]  INFO Sekiro:?]  [sekiroGroup:rdemo][clientId:e3fa693d-d713-f6d4-4afc-d9606d78394e] forward invoke :{"action":"get","e":"Lmnj2N6F3BfZryFjFEwphzC8TMAdpdbk1ZtqsqKVQlk=","group":"rdemo","i":"1652624458912"} to client:e3fa693d-d713-f6d4-4afc-d9606d78394e
[2022-05-15 22:20:58,174 [sekiro-worker-3-20]  INFO Sekiro:?]  [sekiroGroup:rdemo][clientId:e3fa693d-d713-f6d4-4afc-d9606d78394e][action:get] forward invoke seq:2 request:{"action":"get","e":"Lmnj2N6F3BfZryFjFEwphzC8TMAdpdbk1ZtqsqKVQlk=","group":"rdemo","i":"1652624458912"}
[2022-05-15 22:21:10,637 [group-thread-rdemo]  INFO Sekiro:?]  [sekiroGroup:rdemo][clientId:6e05c380-fb2f-df7a-c155-74c1c9bf3ac2] forward invoke :{"action":"get","e":"Lmnj2N6F3BfZryFjFEwph//tYfc5txbrZqN9+8z28NU=","group":"rdemo","i":"1652624471381"} to client:6e05c380-fb2f-df7a-c155-74c1c9bf3ac2
[2022-05-15 22:21:10,637 [sekiro-worker-3-19]  INFO Sekiro:?]  [sekiroGroup:rdemo][clientId:6e05c380-fb2f-df7a-c155-74c1c9bf3ac2][action:get] forward invoke seq:2 request:{"action":"get","e":"Lmnj2N6F3BfZryFjFEwph//tYfc5txbrZqN9+8z28NU=","group":"rdemo","i":"1652624471381"}
[2022-05-15 22:31:44,060 [sekiro-worker-3-32]  INFO Sekiro:?]  [sekiroGroup:rdemo][clientId:130a2915-6d8a-24b0-3bf5-27cf88940002] client register
[2022-05-15 22:31:44,076 [sekiro-worker-3-33]  INFO Sekiro:?]  [sekiroGroup:rdemo][clientId:6fd37467-ad62-d798-5885-ce5197bd25fe] client register
[2022-05-15 22:31:44,144 [sekiro-worker-3-34]  INFO Sekiro:?]  [sekiroGroup:rdemo][clientId:638fb559-6b70-5116-342d-03f7d9ddd788] client register
[2022-05-15 22:31:44,266 [sekiro-worker-3-35]  INFO Sekiro:?]  [sekiroGroup:rdemo][clientId:45be56ee-436b-2e92-d694-08545636b83f] client register
[2022-05-15 22:31:44,351 [sekiro-worker-3-36]  INFO Sekiro:?]  [sekiroGroup:rdemo][clientId:3afa5ff7-cadc-ea56-e20d-136be1e1fd01] client register
[2022-05-15 22:31:44,479 [sekiro-worker-3-37]  INFO Sekiro:?]  [sekiroGroup:rdemo][clientId:658ba657-7407-e724-7eae-2e554ee20977] client register
[2022-05-15 22:31:44,585 [sekiro-worker-3-38]  INFO Sekiro:?]  [sekiroGroup:rdemo][clientId:a461bee8-49ac-a754-0421-748b09a007f4] client register
[2022-05-15 22:31:44,725 [sekiro-worker-3-39]  INFO Sekiro:?]  [sekiroGroup:rdemo][clientId:03b67df9-355a-3798-11c4-87e29f72f093] client register
[2022-05-15 22:31:44,836 [sekiro-worker-3-40]  INFO Sekiro:?]  [sekiroGroup:rdemo][clientId:2d47f034-2d9c-b900-2934-9d178f99aabf] client register
[2022-05-15 22:31:44,939 [sekiro-worker-3-41]  INFO Sekiro:?]  [sekiroGroup:rdemo][clientId:9fb73ecb-5c84-041f-c650-e18977a82a24] client register
[2022-05-15 22:31:45,033 [sekiro-worker-3-42]  INFO Sekiro:?]  [sekiroGroup:rdemo][clientId:11bbf3f5-430f-77a0-2860-d91f546e14be] client register
[2022-05-15 22:32:45,803 [group-thread-rdemo]  INFO Sekiro:?]  [sekiroGroup:rdemo][clientId:11bbf3f5-430f-77a0-2860-d91f546e14be] forward invoke :{"action":"get","e":"Lmnj2N6F3BfZryFjFEwph5KYhN92kBoO3jXTU9vfZIQ=","group":"rdemo","i":"1652625166552"} to client:11bbf3f5-430f-77a0-2860-d91f546e14be
[2022-05-15 22:32:45,803 [sekiro-worker-3-42]  INFO Sekiro:?]  [sekiroGroup:rdemo][clientId:11bbf3f5-430f-77a0-2860-d91f546e14be][action:get] forward invoke seq:2 request:{"action":"get","e":"Lmnj2N6F3BfZryFjFEwph5KYhN92kBoO3jXTU9vfZIQ=","group":"rdemo","i":"1652625166552"}
[2022-05-15 22:34:34,832 [group-thread-rdemo]  INFO Sekiro:?]  [sekiroGroup:rdemo][clientId:9fb73ecb-5c84-041f-c650-e18977a82a24] forward invoke :{"action":"get","e":"Lmnj2N6F3BfZryFjFEwph/kssF9I8i8s3e21bved3TU=","group":"rdemo","i":"1652625275612"} to client:9fb73ecb-5c84-041f-c650-e18977a82a24
[2022-05-15 22:34:34,832 [sekiro-worker-3-41]  INFO Sekiro:?]  [sekiroGroup:rdemo][clientId:9fb73ecb-5c84-041f-c650-e18977a82a24][action:get] forward invoke seq:2 request:{"action":"get","e":"Lmnj2N6F3BfZryFjFEwph/kssF9I8i8s3e21bved3TU=","group":"rdemo","i":"1652625275612"}
[2022-05-15 22:35:00,632 [group-thread-rdemo]  INFO Sekiro:?]  [sekiroGroup:rdemo][clientId:24c606c7-1b46-4158-74d6-6a2f0c57e02e] client disconnect
[2022-05-15 22:35:00,636 [group-thread-rdemo]  INFO Sekiro:?]  [sekiroGroup:rdemo][clientId:1dced2a2-ea5b-06ff-de36-4b8526b64fef] client disconnect
[2022-05-15 22:35:00,636 [group-thread-rdemo]  INFO Sekiro:?]  [sekiroGroup:rdemo][clientId:6e05c380-fb2f-df7a-c155-74c1c9bf3ac2] client disconnect
[2022-05-15 22:35:00,638 [group-thread-rdemo]  INFO Sekiro:?]  [sekiroGroup:rdemo][clientId:44242366-03ff-483c-9fb6-61c5fa508ee1] client disconnect
[2022-05-15 22:35:00,638 [group-thread-rdemo]  INFO Sekiro:?]  [sekiroGroup:rdemo][clientId:b548f776-a6bc-cbcd-4c9b-8cc45d603e28] client disconnect
[2022-05-15 22:35:00,640 [group-thread-rdemo]  INFO Sekiro:?]  [sekiroGroup:rdemo][clientId:e3fa693d-d713-f6d4-4afc-d9606d78394e] client disconnect
[2022-05-15 22:35:00,640 [group-thread-rdemo]  INFO Sekiro:?]  [sekiroGroup:rdemo][clientId:4b853585-0e7e-d674-a1c8-2f96d2745877] client disconnect
[2022-05-15 22:35:00,640 [group-thread-rdemo]  INFO Sekiro:?]  [sekiroGroup:rdemo][clientId:0d1e74a2-13c7-262c-6ed7-0bd4daa2e2ed] client disconnect
[2022-05-15 22:35:00,642 [group-thread-rdemo]  INFO Sekiro:?]  [sekiroGroup:rdemo][clientId:1ae51f4b-3912-2595-a6ff-eea48dadd7c2] client disconnect
[2022-05-15 22:35:02,917 [sekiro-worker-3-45]  INFO Sekiro:?]  [sekiroGroup:rdemo][clientId:8fc7122b-1228-1da2-f45a-214480bab6dc] client register
[2022-05-15 22:35:03,059 [sekiro-worker-3-46]  INFO Sekiro:?]  [sekiroGroup:rdemo][clientId:cde9320a-506c-3b58-619c-8fb4de3a6a4b] client register
[2022-05-15 22:35:03,165 [sekiro-worker-3-47]  INFO Sekiro:?]  [sekiroGroup:rdemo][clientId:2e67ddbe-672e-1e4a-2d37-ac4cad1d09d9] client register
[2022-05-15 22:35:03,272 [sekiro-worker-3-48]  INFO Sekiro:?]  [sekiroGroup:rdemo][clientId:cb56d8e1-a4bc-1261-2a76-2e6deea2f75d] client register
[2022-05-15 22:35:03,506 [sekiro-worker-3-1]  INFO Sekiro:?]  [sekiroGroup:rdemo][clientId:cbf05a1d-acfc-1a40-24bd-895925a6e45c] client register
[2022-05-15 22:35:03,618 [sekiro-worker-3-2]  INFO Sekiro:?]  [sekiroGroup:rdemo][clientId:38f5768c-b680-7d19-116a-cfd646e2c0ee] client register
[2022-05-15 22:35:03,724 [sekiro-worker-3-3]  INFO Sekiro:?]  [sekiroGroup:rdemo][clientId:a36edb73-21c3-e053-906b-b9b10e091bed] client register
