[2022-09-01 02:01:25,547 [sekiro-worker-3-2]  INFO Sekiro:?]  [sekiroGroup:xingtu][clientId:e5067973-8d88-39fd-3ffe-48a15b4f6c62] client register
[2022-09-01 02:01:25,547 [sekiro-worker-3-1]  INFO Sekiro:?]  [sekiroGroup:xingtu][clientId:2ee0d055-8649-83a5-e7cd-5b17dfb66b8e] client register
[2022-09-01 02:01:25,556 [sekiro-worker-3-3]  INFO Sekiro:?]  [sekiroGroup:xingtu][clientId:25d18eba-9427-14ef-adf4-2bbd3e01332a] client register
[2022-09-01 02:01:25,597 [sekiro-worker-3-4]  INFO Sekiro:?]  [sekiroGroup:xingtu][clientId:9bd17a26-8088-0779-fbc0-bdd92283b53a] client register
[2022-09-01 02:01:25,613 [sekiro-worker-3-5]  INFO Sekiro:?]  [sekiroGroup:xingtu][clientId:31c59773-7c3c-485b-1603-bf3186776516] client register
[2022-09-01 02:01:25,625 [sekiro-worker-3-6]  INFO Sekiro:?]  [sekiroGroup:xingtu][clientId:5e3c5e30-268c-98f1-11d0-ffe5a141023a] client register
[2022-09-01 02:01:25,638 [sekiro-worker-3-7]  INFO Sekiro:?]  [sekiroGroup:xingtu][clientId:4a5de98f-e6da-7bf2-6f8c-f1402367c4a0] client register
[2022-09-01 02:01:25,786 [sekiro-worker-3-8]  INFO Sekiro:?]  [sekiroGroup:xingtu][clientId:59bbf4d3-89a4-1dd3-7120-79a13aca369a] client register
[2022-09-01 02:01:25,824 [sekiro-worker-3-9]  INFO Sekiro:?]  [sekiroGroup:xingtu][clientId:45b2b8ad-52df-2698-ffe5-96a153f73c80] client register
[2022-09-01 02:01:25,872 [sekiro-worker-3-10]  INFO Sekiro:?]  [sekiroGroup:xingtu][clientId:deb88422-650d-a59b-743c-61a161a11f66] client register
[2022-09-01 02:01:26,155 [sekiro-worker-3-11]  INFO Sekiro:?]  [sekiroGroup:xingtu][clientId:b0f3b6f8-93ab-a93e-3f43-ee54845e7e45] client register
[2022-09-01 02:01:26,170 [sekiro-worker-3-12]  INFO Sekiro:?]  [sekiroGroup:xingtu][clientId:8e6ba840-d4a1-ed72-8278-5563e9b2e889] client register
[2022-09-01 02:01:26,331 [sekiro-worker-3-13]  INFO Sekiro:?]  [sekiroGroup:xingtu][clientId:349425db-c2e3-dc9d-32bc-862f085d3e8b] client register
[2022-09-01 02:01:26,409 [sekiro-worker-3-14]  INFO Sekiro:?]  [sekiroGroup:xingtu][clientId:f773280e-15a0-eeab-dbcd-fcee330ca291] client register
[2022-09-01 02:01:26,423 [sekiro-worker-3-15]  INFO Sekiro:?]  [sekiroGroup:xingtu][clientId:844c9e7d-18e6-ed69-f138-dd2c81eb6912] client register
[2022-09-01 02:01:26,437 [sekiro-worker-3-16]  INFO Sekiro:?]  [sekiroGroup:xingtu][clientId:110ec196-8f31-cc94-b330-bd24c59c5f26] client register
[2022-09-01 02:01:26,451 [sekiro-worker-3-17]  INFO Sekiro:?]  [sekiroGroup:xingtu][clientId:95eca41c-786f-ed9e-ce9b-d71154e81f7a] client register
[2022-09-01 02:01:26,465 [sekiro-worker-3-18]  INFO Sekiro:?]  [sekiroGroup:xingtu][clientId:0978bef7-9073-761f-857b-eb2c6a6e5e7c] client register
[2022-09-01 02:01:26,480 [sekiro-worker-3-19]  INFO Sekiro:?]  [sekiroGroup:xingtu][clientId:8881ca65-a66d-5bb7-5255-bb93f8c871f3] client register
[2022-09-01 02:01:26,492 [sekiro-worker-3-20]  INFO Sekiro:?]  [sekiroGroup:xingtu][clientId:c37b4324-32d4-887b-7151-7c70059173a8] client register
[2022-09-01 02:01:26,505 [sekiro-worker-3-21]  INFO Sekiro:?]  [sekiroGroup:xingtu][clientId:29ecac9d-b9db-6acf-a471-f1917acb75c9] client register
[2022-09-01 02:01:26,519 [sekiro-worker-3-22]  INFO Sekiro:?]  [sekiroGroup:xingtu][clientId:324c939a-356a-d49d-e4d8-e21fb9c428f6] client register
[2022-09-01 02:01:26,535 [sekiro-worker-3-23]  INFO Sekiro:?]  [sekiroGroup:xingtu][clientId:58236053-44c4-6719-e03f-a397e088bb82] client register
[2022-09-01 02:01:26,550 [sekiro-worker-3-24]  INFO Sekiro:?]  [sekiroGroup:xingtu][clientId:de38fabf-1813-ab88-d636-04886828f047] client register
[2022-09-01 02:01:26,563 [sekiro-worker-3-25]  INFO Sekiro:?]  [sekiroGroup:xingtu][clientId:4061797c-3eaf-ba6b-2c0b-edf1a0670542] client register
[2022-09-01 02:04:14,204 [sekiro-worker-3-26]  INFO Sekiro:?]  [sekiroGroup:xingtu][clientId:1c99c4c5-320b-5d41-fbe0-7e2f797bdb17] client register
[2022-09-01 02:04:14,427 [sekiro-worker-3-27]  INFO Sekiro:?]  [sekiroGroup:xingtu][clientId:90ac543d-9937-81ce-81ad-4212e7e1845b] client register
[2022-09-01 02:06:04,209 [group-thread-xingtu]  INFO Sekiro:?]  [sekiroGroup:xingtu][clientId:90ac543d-9937-81ce-81ad-4212e7e1845b] forward invoke :{"a":"hot_list_id0service_methodGetHotListDataservice_nameauthor.AdStarAuthorServicesign_strict1tag:61e541324fe6649d1b8a2ee3","action":"sign","group":"xingtu"} to client:90ac543d-9937-81ce-81ad-4212e7e1845b
[2022-09-01 02:06:04,212 [sekiro-worker-3-27]  INFO Sekiro:?]  [sekiroGroup:xingtu][clientId:90ac543d-9937-81ce-81ad-4212e7e1845b][action:sign] forward invoke seq:2 request:{"a":"hot_list_id0service_methodGetHotListDataservice_nameauthor.AdStarAuthorServicesign_strict1tag:61e541324fe6649d1b8a2ee3","action":"sign","group":"xingtu"}
[2022-09-01 02:06:25,161 [group-thread-xingtu]  INFO Sekiro:?]  [sekiroGroup:xingtu][clientId:1c99c4c5-320b-5d41-fbe0-7e2f797bdb17] forward invoke :{"a":"hot_list_id0service_methodGetHotListDataservice_nameauthor.AdStarAuthorServicesign_strict1tag:61e541324fe6649d1b8a2ee3","action":"sign","group":"xingtu"} to client:1c99c4c5-320b-5d41-fbe0-7e2f797bdb17
[2022-09-01 02:06:25,162 [sekiro-worker-3-26]  INFO Sekiro:?]  [sekiroGroup:xingtu][clientId:1c99c4c5-320b-5d41-fbe0-7e2f797bdb17][action:sign] forward invoke seq:2 request:{"a":"hot_list_id0service_methodGetHotListDataservice_nameauthor.AdStarAuthorServicesign_strict1tag:61e541324fe6649d1b8a2ee3","action":"sign","group":"xingtu"}
[2022-09-01 02:07:41,654 [sekiro-worker-3-31]  INFO Sekiro:?]  [sekiroGroup:xingtu][clientId:535c5898-3654-1435-78e0-6b5e83ef3110] client register
[2022-09-01 02:07:43,020 [sekiro-worker-3-32]  INFO Sekiro:?]  [sekiroGroup:xingtu][clientId:29716a4f-547f-a9e2-c3ad-3d60fdd215dc] client register
[2022-09-01 02:07:56,884 [group-thread-xingtu]  INFO Sekiro:?]  [sekiroGroup:xingtu][clientId:c37b4324-32d4-887b-7151-7c70059173a8] client disconnect
[2022-09-01 02:07:56,885 [group-thread-xingtu]  INFO Sekiro:?]  [sekiroGroup:xingtu][clientId:31c59773-7c3c-485b-1603-bf3186776516] client disconnect
[2022-09-01 02:07:56,885 [group-thread-xingtu]  INFO Sekiro:?]  [sekiroGroup:xingtu][clientId:2ee0d055-8649-83a5-e7cd-5b17dfb66b8e] client disconnect
[2022-09-01 02:07:56,885 [group-thread-xingtu]  INFO Sekiro:?]  [sekiroGroup:xingtu][clientId:25d18eba-9427-14ef-adf4-2bbd3e01332a] client disconnect
[2022-09-01 02:07:56,886 [group-thread-xingtu]  INFO Sekiro:?]  [sekiroGroup:xingtu][clientId:f773280e-15a0-eeab-dbcd-fcee330ca291] client disconnect
[2022-09-01 02:07:56,886 [group-thread-xingtu]  INFO Sekiro:?]  [sekiroGroup:xingtu][clientId:324c939a-356a-d49d-e4d8-e21fb9c428f6] client disconnect
[2022-09-01 02:07:56,886 [group-thread-xingtu]  INFO Sekiro:?]  [sekiroGroup:xingtu][clientId:29ecac9d-b9db-6acf-a471-f1917acb75c9] client disconnect
[2022-09-01 02:07:56,886 [group-thread-xingtu]  INFO Sekiro:?]  [sekiroGroup:xingtu][clientId:535c5898-3654-1435-78e0-6b5e83ef3110] client disconnect
[2022-09-01 02:07:56,886 [group-thread-xingtu]  INFO Sekiro:?]  [sekiroGroup:xingtu][clientId:5e3c5e30-268c-98f1-11d0-ffe5a141023a] client disconnect
[2022-09-01 02:07:56,886 [group-thread-xingtu]  INFO Sekiro:?]  [sekiroGroup:xingtu][clientId:95eca41c-786f-ed9e-ce9b-d71154e81f7a] client disconnect
[2022-09-01 02:07:56,886 [group-thread-xingtu]  INFO Sekiro:?]  [sekiroGroup:xingtu][clientId:59bbf4d3-89a4-1dd3-7120-79a13aca369a] client disconnect
[2022-09-01 02:07:56,886 [group-thread-xingtu]  INFO Sekiro:?]  [sekiroGroup:xingtu][clientId:0978bef7-9073-761f-857b-eb2c6a6e5e7c] client disconnect
[2022-09-01 02:07:56,886 [group-thread-xingtu]  INFO Sekiro:?]  [sekiroGroup:xingtu][clientId:90ac543d-9937-81ce-81ad-4212e7e1845b] client disconnect
[2022-09-01 02:07:56,886 [group-thread-xingtu]  INFO Sekiro:?]  [sekiroGroup:xingtu][clientId:deb88422-650d-a59b-743c-61a161a11f66] client disconnect
[2022-09-01 02:07:56,886 [group-thread-xingtu]  INFO Sekiro:?]  [sekiroGroup:xingtu][clientId:29716a4f-547f-a9e2-c3ad-3d60fdd215dc] client disconnect
[2022-09-01 02:07:56,886 [group-thread-xingtu]  INFO Sekiro:?]  [sekiroGroup:xingtu][clientId:8e6ba840-d4a1-ed72-8278-5563e9b2e889] client disconnect
[2022-09-01 02:07:56,887 [group-thread-xingtu]  INFO Sekiro:?]  [sekiroGroup:xingtu][clientId:45b2b8ad-52df-2698-ffe5-96a153f73c80] client disconnect
[2022-09-01 02:07:56,887 [group-thread-xingtu]  INFO Sekiro:?]  [sekiroGroup:xingtu][clientId:349425db-c2e3-dc9d-32bc-862f085d3e8b] client disconnect
[2022-09-01 02:07:56,887 [group-thread-xingtu]  INFO Sekiro:?]  [sekiroGroup:xingtu][clientId:1c99c4c5-320b-5d41-fbe0-7e2f797bdb17] client disconnect
[2022-09-01 02:07:56,887 [group-thread-xingtu]  INFO Sekiro:?]  [sekiroGroup:xingtu][clientId:4061797c-3eaf-ba6b-2c0b-edf1a0670542] client disconnect
[2022-09-01 02:07:56,887 [group-thread-xingtu]  INFO Sekiro:?]  [sekiroGroup:xingtu][clientId:844c9e7d-18e6-ed69-f138-dd2c81eb6912] client disconnect
[2022-09-01 02:07:56,887 [group-thread-xingtu]  INFO Sekiro:?]  [sekiroGroup:xingtu][clientId:9bd17a26-8088-0779-fbc0-bdd92283b53a] client disconnect
[2022-09-01 02:07:56,887 [group-thread-xingtu]  INFO Sekiro:?]  [sekiroGroup:xingtu][clientId:110ec196-8f31-cc94-b330-bd24c59c5f26] client disconnect
[2022-09-01 02:07:56,887 [group-thread-xingtu]  INFO Sekiro:?]  [sekiroGroup:xingtu][clientId:8881ca65-a66d-5bb7-5255-bb93f8c871f3] client disconnect
[2022-09-01 02:07:56,887 [group-thread-xingtu]  INFO Sekiro:?]  [sekiroGroup:xingtu][clientId:e5067973-8d88-39fd-3ffe-48a15b4f6c62] client disconnect
[2022-09-01 02:07:56,887 [group-thread-xingtu]  INFO Sekiro:?]  [sekiroGroup:xingtu][clientId:b0f3b6f8-93ab-a93e-3f43-ee54845e7e45] client disconnect
[2022-09-01 02:07:56,888 [group-thread-xingtu]  INFO Sekiro:?]  [sekiroGroup:xingtu][clientId:de38fabf-1813-ab88-d636-04886828f047] client disconnect
[2022-09-01 02:07:56,888 [group-thread-xingtu]  INFO Sekiro:?]  [sekiroGroup:xingtu][clientId:4a5de98f-e6da-7bf2-6f8c-f1402367c4a0] client disconnect
[2022-09-01 02:07:56,888 [group-thread-xingtu]  INFO Sekiro:?]  [sekiroGroup:xingtu][clientId:58236053-44c4-6719-e03f-a397e088bb82] client disconnect
[2022-09-01 02:08:10,921 [sekiro-worker-3-33]  INFO Sekiro:?]  [sekiroGroup:xingtu][clientId:5348fb47-e305-7e41-bfec-a489e4f81f0c] client register
[2022-09-01 02:08:10,939 [sekiro-worker-3-34]  INFO Sekiro:?]  [sekiroGroup:xingtu][clientId:32b19a76-1e12-9016-9cb0-ea9aa379bf81] client register
[2022-09-01 02:08:10,964 [sekiro-worker-3-35]  INFO Sekiro:?]  [sekiroGroup:xingtu][clientId:483417ff-1e6b-c01f-26dd-be000273216f] client register
[2022-09-01 02:08:15,298 [sekiro-worker-3-36]  INFO Sekiro:?]  [sekiroGroup:xingtu][clientId:ebf560cf-189e-059e-8305-dfe230e080d3] client register
[2022-09-01 02:08:15,313 [sekiro-worker-3-1]  INFO Sekiro:?]  [sekiroGroup:xingtu][clientId:d97cde06-be45-a61d-59c9-3cbb70165f3c] client register
[2022-09-01 02:08:15,467 [sekiro-worker-3-2]  INFO Sekiro:?]  [sekiroGroup:xingtu][clientId:f999f9f4-730d-664c-19d7-a9887e24d98e] client register
[2022-09-01 02:08:15,480 [sekiro-worker-3-3]  INFO Sekiro:?]  [sekiroGroup:xingtu][clientId:ece4a5bb-5b2a-a48f-dd0c-c940c0e57db3] client register
[2022-09-01 02:08:16,842 [sekiro-worker-3-4]  INFO Sekiro:?]  [sekiroGroup:xingtu][clientId:bf1fa890-b9b4-dea1-00d6-fa13f0836b79] client register
[2022-09-01 02:08:16,855 [sekiro-worker-3-5]  INFO Sekiro:?]  [sekiroGroup:xingtu][clientId:ec96337d-6451-e60a-69fa-80176946ad40] client register
[2022-09-01 02:08:17,577 [sekiro-worker-3-6]  INFO Sekiro:?]  [sekiroGroup:xingtu][clientId:3b8602d0-08a7-7197-3c3b-152b15dba881] client register
[2022-09-01 02:08:24,096 [sekiro-worker-3-7]  INFO Sekiro:?]  [sekiroGroup:xingtu][clientId:4e3f6511-25bd-c2c3-8384-cb381b055ea3] client register
[2022-09-01 02:08:24,109 [sekiro-worker-3-8]  INFO Sekiro:?]  [sekiroGroup:xingtu][clientId:cd602768-203e-d987-8f44-3812692138cd] client register
[2022-09-01 02:08:24,123 [sekiro-worker-3-9]  INFO Sekiro:?]  [sekiroGroup:xingtu][clientId:f73ae190-2529-1694-edca-6742382102ae] client register
[2022-09-01 02:08:24,135 [sekiro-worker-3-10]  INFO Sekiro:?]  [sekiroGroup:xingtu][clientId:d06f8293-99e5-19e8-da7d-985b126a3777] client register
[2022-09-01 02:08:24,149 [sekiro-worker-3-11]  INFO Sekiro:?]  [sekiroGroup:xingtu][clientId:ce4ad4df-52dd-ac60-cf66-f9008ab21314] client register
[2022-09-01 02:08:24,162 [sekiro-worker-3-12]  INFO Sekiro:?]  [sekiroGroup:xingtu][clientId:a4287166-49c4-fd6a-3c61-f3749fa53def] client register
[2022-09-01 02:08:24,174 [sekiro-worker-3-13]  INFO Sekiro:?]  [sekiroGroup:xingtu][clientId:850dda1a-d0c0-cd77-3bf4-171943eed76c] client register
[2022-09-01 02:08:24,187 [sekiro-worker-3-14]  INFO Sekiro:?]  [sekiroGroup:xingtu][clientId:24110fc1-be49-5dad-90ed-43a8ffca40df] client register
[2022-09-01 02:08:24,200 [sekiro-worker-3-15]  INFO Sekiro:?]  [sekiroGroup:xingtu][clientId:96fe2737-70d2-45cd-8876-78735592d359] client register
[2022-09-01 02:08:25,073 [sekiro-worker-3-16]  INFO Sekiro:?]  [sekiroGroup:xingtu][clientId:96119308-9da1-5607-1a27-140bc6c8be19] client register
[2022-09-01 02:08:25,087 [sekiro-worker-3-17]  INFO Sekiro:?]  [sekiroGroup:xingtu][clientId:0e4751c5-edd9-9bce-b4a4-2d03bc159f7a] client register
[2022-09-01 02:08:25,100 [sekiro-worker-3-18]  INFO Sekiro:?]  [sekiroGroup:xingtu][clientId:488650e5-8eaf-4e08-7f5a-1df59719051d] client register
[2022-09-01 02:08:25,113 [sekiro-worker-3-19]  INFO Sekiro:?]  [sekiroGroup:xingtu][clientId:b16b3f18-b9f9-13e5-e2c2-aff044817da7] client register
[2022-09-01 02:08:34,683 [sekiro-worker-3-20]  INFO Sekiro:?]  [sekiroGroup:xingtu][clientId:7e4ac318-c184-5858-223a-fee199f9961b] client register
[2022-09-01 02:09:15,379 [group-thread-xingtu]  INFO Sekiro:?]  [sekiroGroup:xingtu][clientId:7e4ac318-c184-5858-223a-fee199f9961b] forward invoke :{"a":"hot_list_id0service_methodGetHotListDataservice_nameauthor.AdStarAuthorServicesign_strict1tag61e541324fe6649d1b8a2ee3","action":"sign","group":"xingtu"} to client:7e4ac318-c184-5858-223a-fee199f9961b
[2022-09-01 02:09:15,380 [sekiro-worker-3-20]  INFO Sekiro:?]  [sekiroGroup:xingtu][clientId:7e4ac318-c184-5858-223a-fee199f9961b][action:sign] forward invoke seq:2 request:{"a":"hot_list_id0service_methodGetHotListDataservice_nameauthor.AdStarAuthorServicesign_strict1tag61e541324fe6649d1b8a2ee3","action":"sign","group":"xingtu"}
[2022-09-01 02:09:22,113 [sekiro-worker-3-22]  INFO Sekiro:?]  [sekiroGroup:xingtu][clientId:2bb3fbf2-1cb5-2703-8c31-42c03f47f74d] client register
[2022-09-01 02:09:25,126 [sekiro-worker-3-23]  INFO Sekiro:?]  [sekiroGroup:xingtu][clientId:c9df0550-ee71-59b0-efbf-461459c091e4] client register
[2022-09-01 02:09:25,140 [sekiro-worker-3-24]  INFO Sekiro:?]  [sekiroGroup:xingtu][clientId:e2474612-57d9-4cb3-e8d2-5d3bc679e6b1] client register
[2022-09-01 02:09:27,597 [sekiro-worker-3-25]  INFO Sekiro:?]  [sekiroGroup:xingtu][clientId:55d1a3e3-c8d5-cb3e-7b2d-b11189368336] client register
[2022-09-01 02:09:27,610 [sekiro-worker-3-26]  INFO Sekiro:?]  [sekiroGroup:xingtu][clientId:c6a09811-ae86-0ee4-3ba5-c9c738cd37a3] client register
[2022-09-01 02:09:28,563 [sekiro-worker-3-27]  INFO Sekiro:?]  [sekiroGroup:xingtu][clientId:b9a959b3-ad0a-3ebc-e854-18b71b61595b] client register
[2022-09-01 02:09:28,575 [sekiro-worker-3-28]  INFO Sekiro:?]  [sekiroGroup:xingtu][clientId:db092c77-8791-8b96-aee2-738b47728d7b] client register
[2022-09-01 02:09:28,588 [sekiro-worker-3-29]  INFO Sekiro:?]  [sekiroGroup:xingtu][clientId:87806048-39bf-124d-898c-283fe4da0212] client register
[2022-09-01 02:09:28,600 [sekiro-worker-3-30]  INFO Sekiro:?]  [sekiroGroup:xingtu][clientId:5df1b21a-d5a3-9783-de0e-59f75e18ab2e] client register
[2022-09-01 02:09:28,715 [sekiro-worker-3-31]  INFO Sekiro:?]  [sekiroGroup:xingtu][clientId:22d268a1-b324-d3fd-4e11-acda6b6a04bb] client register
[2022-09-01 02:09:28,728 [sekiro-worker-3-32]  INFO Sekiro:?]  [sekiroGroup:xingtu][clientId:ffbc4ad6-b38a-3b16-99dc-f7c731f4532f] client register
[2022-09-01 02:09:29,007 [sekiro-worker-3-33]  INFO Sekiro:?]  [sekiroGroup:xingtu][clientId:3eae63a1-fb76-235c-d8d8-a91c1b8063ed] client register
[2022-09-01 02:09:29,020 [sekiro-worker-3-34]  INFO Sekiro:?]  [sekiroGroup:xingtu][clientId:b129534e-acd6-adcc-4861-e10edc408e3b] client register
[2022-09-01 02:09:29,034 [sekiro-worker-3-35]  INFO Sekiro:?]  [sekiroGroup:xingtu][clientId:c6f34aa9-f5b6-b4da-a250-c20738741b23] client register
[2022-09-01 02:09:29,047 [sekiro-worker-3-36]  INFO Sekiro:?]  [sekiroGroup:xingtu][clientId:54fee617-d746-f0a8-d722-1d57a7fc2e06] client register
[2022-09-01 02:09:29,059 [sekiro-worker-3-1]  INFO Sekiro:?]  [sekiroGroup:xingtu][clientId:21cd92ce-9381-0bd1-821c-f3085ef5f1be] client register
[2022-09-01 02:09:29,071 [sekiro-worker-3-2]  INFO Sekiro:?]  [sekiroGroup:xingtu][clientId:4697b0cc-e9d2-e14b-8365-e38f8ded7f2e] client register
[2022-09-01 02:09:29,085 [sekiro-worker-3-3]  INFO Sekiro:?]  [sekiroGroup:xingtu][clientId:729b5dd8-b79a-12e4-2b2d-d1c8154dceb0] client register
[2022-09-01 02:09:29,097 [sekiro-worker-3-4]  INFO Sekiro:?]  [sekiroGroup:xingtu][clientId:57fc0b14-678b-7515-1726-6f2c821e51ca] client register
[2022-09-01 02:09:29,602 [sekiro-worker-3-5]  INFO Sekiro:?]  [sekiroGroup:xingtu][clientId:becdbb77-0442-cf4b-4718-2a5141abb65d] client register
[2022-09-01 02:09:29,616 [sekiro-worker-3-6]  INFO Sekiro:?]  [sekiroGroup:xingtu][clientId:0f7792ef-53e2-7571-acfe-33d6e6a8965d] client register
[2022-09-01 02:09:29,629 [sekiro-worker-3-7]  INFO Sekiro:?]  [sekiroGroup:xingtu][clientId:e638f488-3808-01c3-be34-bd5a22b35777] client register
[2022-09-01 02:09:29,642 [sekiro-worker-3-8]  INFO Sekiro:?]  [sekiroGroup:xingtu][clientId:eaa2fe42-7852-ca89-0c62-7e07892cbc55] client register
[2022-09-01 02:09:29,655 [sekiro-worker-3-9]  INFO Sekiro:?]  [sekiroGroup:xingtu][clientId:3c447e1b-adad-dc58-925b-5b6845e55507] client register
[2022-09-01 02:09:29,669 [sekiro-worker-3-10]  INFO Sekiro:?]  [sekiroGroup:xingtu][clientId:459da422-75d7-58f4-3207-d5aab2e712a7] client register
[2022-09-01 02:09:29,683 [sekiro-worker-3-11]  INFO Sekiro:?]  [sekiroGroup:xingtu][clientId:7b1ab818-4cb2-c3ab-06b1-9336d048ac46] client register
[2022-09-01 02:09:29,696 [sekiro-worker-3-12]  INFO Sekiro:?]  [sekiroGroup:xingtu][clientId:b3c7a056-ab17-5b29-d18f-0ba9a483f460] client register
[2022-09-01 02:09:29,709 [sekiro-worker-3-13]  INFO Sekiro:?]  [sekiroGroup:xingtu][clientId:153040d1-30c6-b7ff-276a-b3b3fd14381c] client register
[2022-09-01 02:09:31,959 [group-thread-xingtu]  INFO Sekiro:?]  [sekiroGroup:xingtu][clientId:153040d1-30c6-b7ff-276a-b3b3fd14381c] forward invoke :{"a":"hot_list_id0service_methodGetHotListDataservice_nameauthor.AdStarAuthorServicesign_strict1tag61e541324fe6649d1b8a2ee3","action":"sign","group":"xingtu"} to client:153040d1-30c6-b7ff-276a-b3b3fd14381c
[2022-09-01 02:09:31,959 [sekiro-worker-3-13]  INFO Sekiro:?]  [sekiroGroup:xingtu][clientId:153040d1-30c6-b7ff-276a-b3b3fd14381c][action:sign] forward invoke seq:2 request:{"a":"hot_list_id0service_methodGetHotListDataservice_nameauthor.AdStarAuthorServicesign_strict1tag61e541324fe6649d1b8a2ee3","action":"sign","group":"xingtu"}
[2022-09-01 02:10:37,696 [group-thread-xingtu]  INFO Sekiro:?]  [sekiroGroup:xingtu][clientId:153040d1-30c6-b7ff-276a-b3b3fd14381c] client disconnect
[2022-09-01 02:10:37,696 [group-thread-xingtu]  INFO Sekiro:?]  [sekiroGroup:xingtu][clientId:7b1ab818-4cb2-c3ab-06b1-9336d048ac46] client disconnect
[2022-09-01 02:10:37,696 [group-thread-xingtu]  INFO Sekiro:?]  [sekiroGroup:xingtu][clientId:459da422-75d7-58f4-3207-d5aab2e712a7] client disconnect
[2022-09-01 02:10:37,696 [group-thread-xingtu]  INFO Sekiro:?]  [sekiroGroup:xingtu][clientId:3c447e1b-adad-dc58-925b-5b6845e55507] client disconnect
[2022-09-01 02:10:37,696 [group-thread-xingtu]  INFO Sekiro:?]  [sekiroGroup:xingtu][clientId:eaa2fe42-7852-ca89-0c62-7e07892cbc55] client disconnect
[2022-09-01 02:10:37,696 [group-thread-xingtu]  INFO Sekiro:?]  [sekiroGroup:xingtu][clientId:c6a09811-ae86-0ee4-3ba5-c9c738cd37a3] client disconnect
[2022-09-01 02:10:37,696 [group-thread-xingtu]  INFO Sekiro:?]  [sekiroGroup:xingtu][clientId:57fc0b14-678b-7515-1726-6f2c821e51ca] client disconnect
[2022-09-01 02:10:37,696 [group-thread-xingtu]  INFO Sekiro:?]  [sekiroGroup:xingtu][clientId:7e4ac318-c184-5858-223a-fee199f9961b] client disconnect
[2022-09-01 02:10:37,697 [group-thread-xingtu]  INFO Sekiro:?]  [sekiroGroup:xingtu][clientId:488650e5-8eaf-4e08-7f5a-1df59719051d] client disconnect
[2022-09-01 02:10:37,697 [group-thread-xingtu]  INFO Sekiro:?]  [sekiroGroup:xingtu][clientId:becdbb77-0442-cf4b-4718-2a5141abb65d] client disconnect
[2022-09-01 02:10:37,698 [group-thread-xingtu]  INFO Sekiro:?]  [sekiroGroup:xingtu][clientId:4697b0cc-e9d2-e14b-8365-e38f8ded7f2e] client disconnect
[2022-09-01 02:10:37,698 [group-thread-xingtu]  INFO Sekiro:?]  [sekiroGroup:xingtu][clientId:3eae63a1-fb76-235c-d8d8-a91c1b8063ed] client disconnect
[2022-09-01 02:10:37,698 [group-thread-xingtu]  INFO Sekiro:?]  [sekiroGroup:xingtu][clientId:0e4751c5-edd9-9bce-b4a4-2d03bc159f7a] client disconnect
[2022-09-01 02:10:37,698 [group-thread-xingtu]  INFO Sekiro:?]  [sekiroGroup:xingtu][clientId:21cd92ce-9381-0bd1-821c-f3085ef5f1be] client disconnect
[2022-09-01 02:10:37,698 [group-thread-xingtu]  INFO Sekiro:?]  [sekiroGroup:xingtu][clientId:22d268a1-b324-d3fd-4e11-acda6b6a04bb] client disconnect
[2022-09-01 02:10:37,698 [group-thread-xingtu]  INFO Sekiro:?]  [sekiroGroup:xingtu][clientId:ce4ad4df-52dd-ac60-cf66-f9008ab21314] client disconnect
[2022-09-01 02:10:37,698 [group-thread-xingtu]  INFO Sekiro:?]  [sekiroGroup:xingtu][clientId:b129534e-acd6-adcc-4861-e10edc408e3b] client disconnect
[2022-09-01 02:10:37,698 [group-thread-xingtu]  INFO Sekiro:?]  [sekiroGroup:xingtu][clientId:db092c77-8791-8b96-aee2-738b47728d7b] client disconnect
[2022-09-01 02:10:37,698 [group-thread-xingtu]  INFO Sekiro:?]  [sekiroGroup:xingtu][clientId:54fee617-d746-f0a8-d722-1d57a7fc2e06] client disconnect
[2022-09-01 02:10:37,698 [group-thread-xingtu]  INFO Sekiro:?]  [sekiroGroup:xingtu][clientId:bf1fa890-b9b4-dea1-00d6-fa13f0836b79] client disconnect
[2022-09-01 02:10:37,698 [group-thread-xingtu]  INFO Sekiro:?]  [sekiroGroup:xingtu][clientId:b9a959b3-ad0a-3ebc-e854-18b71b61595b] client disconnect
[2022-09-01 02:10:37,698 [group-thread-xingtu]  INFO Sekiro:?]  [sekiroGroup:xingtu][clientId:5df1b21a-d5a3-9783-de0e-59f75e18ab2e] client disconnect
[2022-09-01 02:10:37,699 [group-thread-xingtu]  INFO Sekiro:?]  [sekiroGroup:xingtu][clientId:87806048-39bf-124d-898c-283fe4da0212] client disconnect
[2022-09-01 02:10:37,699 [group-thread-xingtu]  INFO Sekiro:?]  [sekiroGroup:xingtu][clientId:2bb3fbf2-1cb5-2703-8c31-42c03f47f74d] client disconnect
[2022-09-01 02:10:37,699 [group-thread-xingtu]  INFO Sekiro:?]  [sekiroGroup:xingtu][clientId:e2474612-57d9-4cb3-e8d2-5d3bc679e6b1] client disconnect
[2022-09-01 02:10:37,699 [group-thread-xingtu]  INFO Sekiro:?]  [sekiroGroup:xingtu][clientId:5348fb47-e305-7e41-bfec-a489e4f81f0c] client disconnect
[2022-09-01 02:10:37,699 [group-thread-xingtu]  INFO Sekiro:?]  [sekiroGroup:xingtu][clientId:729b5dd8-b79a-12e4-2b2d-d1c8154dceb0] client disconnect
[2022-09-01 02:10:37,699 [group-thread-xingtu]  INFO Sekiro:?]  [sekiroGroup:xingtu][clientId:c9df0550-ee71-59b0-efbf-461459c091e4] client disconnect
[2022-09-01 02:10:37,699 [group-thread-xingtu]  INFO Sekiro:?]  [sekiroGroup:xingtu][clientId:c6f34aa9-f5b6-b4da-a250-c20738741b23] client disconnect
[2022-09-01 02:10:37,699 [group-thread-xingtu]  INFO Sekiro:?]  [sekiroGroup:xingtu][clientId:96fe2737-70d2-45cd-8876-78735592d359] client disconnect
[2022-09-01 02:10:37,699 [group-thread-xingtu]  INFO Sekiro:?]  [sekiroGroup:xingtu][clientId:96119308-9da1-5607-1a27-140bc6c8be19] client disconnect
[2022-09-01 02:10:37,699 [group-thread-xingtu]  INFO Sekiro:?]  [sekiroGroup:xingtu][clientId:24110fc1-be49-5dad-90ed-43a8ffca40df] client disconnect
[2022-09-01 02:10:37,699 [group-thread-xingtu]  INFO Sekiro:?]  [sekiroGroup:xingtu][clientId:ffbc4ad6-b38a-3b16-99dc-f7c731f4532f] client disconnect
[2022-09-01 02:10:37,699 [group-thread-xingtu]  INFO Sekiro:?]  [sekiroGroup:xingtu][clientId:850dda1a-d0c0-cd77-3bf4-171943eed76c] client disconnect
[2022-09-01 02:10:37,699 [group-thread-xingtu]  INFO Sekiro:?]  [sekiroGroup:xingtu][clientId:0f7792ef-53e2-7571-acfe-33d6e6a8965d] client disconnect
[2022-09-01 02:10:37,699 [group-thread-xingtu]  INFO Sekiro:?]  [sekiroGroup:xingtu][clientId:a4287166-49c4-fd6a-3c61-f3749fa53def] client disconnect
[2022-09-01 02:10:37,699 [group-thread-xingtu]  INFO Sekiro:?]  [sekiroGroup:xingtu][clientId:cd602768-203e-d987-8f44-3812692138cd] client disconnect
[2022-09-01 02:10:37,699 [group-thread-xingtu]  INFO Sekiro:?]  [sekiroGroup:xingtu][clientId:b16b3f18-b9f9-13e5-e2c2-aff044817da7] client disconnect
[2022-09-01 02:10:37,699 [group-thread-xingtu]  INFO Sekiro:?]  [sekiroGroup:xingtu][clientId:d06f8293-99e5-19e8-da7d-985b126a3777] client disconnect
[2022-09-01 02:10:37,699 [group-thread-xingtu]  INFO Sekiro:?]  [sekiroGroup:xingtu][clientId:f73ae190-2529-1694-edca-6742382102ae] client disconnect
[2022-09-01 02:10:37,699 [group-thread-xingtu]  INFO Sekiro:?]  [sekiroGroup:xingtu][clientId:55d1a3e3-c8d5-cb3e-7b2d-b11189368336] client disconnect
[2022-09-01 02:10:37,699 [group-thread-xingtu]  INFO Sekiro:?]  [sekiroGroup:xingtu][clientId:e638f488-3808-01c3-be34-bd5a22b35777] client disconnect
[2022-09-01 02:10:37,699 [group-thread-xingtu]  INFO Sekiro:?]  [sekiroGroup:xingtu][clientId:3b8602d0-08a7-7197-3c3b-152b15dba881] client disconnect
[2022-09-01 02:10:37,699 [group-thread-xingtu]  INFO Sekiro:?]  [sekiroGroup:xingtu][clientId:4e3f6511-25bd-c2c3-8384-cb381b055ea3] client disconnect
[2022-09-01 02:10:37,699 [group-thread-xingtu]  INFO Sekiro:?]  [sekiroGroup:xingtu][clientId:32b19a76-1e12-9016-9cb0-ea9aa379bf81] client disconnect
[2022-09-01 02:10:37,699 [group-thread-xingtu]  INFO Sekiro:?]  [sekiroGroup:xingtu][clientId:ec96337d-6451-e60a-69fa-80176946ad40] client disconnect
[2022-09-01 02:10:37,699 [group-thread-xingtu]  INFO Sekiro:?]  [sekiroGroup:xingtu][clientId:ece4a5bb-5b2a-a48f-dd0c-c940c0e57db3] client disconnect
[2022-09-01 02:10:37,699 [group-thread-xingtu]  INFO Sekiro:?]  [sekiroGroup:xingtu][clientId:f999f9f4-730d-664c-19d7-a9887e24d98e] client disconnect
[2022-09-01 02:10:37,699 [group-thread-xingtu]  INFO Sekiro:?]  [sekiroGroup:xingtu][clientId:483417ff-1e6b-c01f-26dd-be000273216f] client disconnect
[2022-09-01 02:10:37,699 [group-thread-xingtu]  INFO Sekiro:?]  [sekiroGroup:xingtu][clientId:d97cde06-be45-a61d-59c9-3cbb70165f3c] client disconnect
[2022-09-01 02:10:37,699 [group-thread-xingtu]  INFO Sekiro:?]  [sekiroGroup:xingtu][clientId:b3c7a056-ab17-5b29-d18f-0ba9a483f460] client disconnect
[2022-09-01 02:10:37,699 [group-thread-xingtu]  INFO Sekiro:?]  [sekiroGroup:xingtu][clientId:ebf560cf-189e-059e-8305-dfe230e080d3] client disconnect
[2022-09-01 02:10:53,002 [sekiro-worker-3-15]  INFO Sekiro:?]  [sekiroGroup:xingtu][clientId:f1f352d8-d230-12d9-7215-4ccf36a13c2c] client register
[2022-09-01 02:10:53,015 [sekiro-worker-3-16]  INFO Sekiro:?]  [sekiroGroup:xingtu][clientId:74ddc580-8f32-933a-5ad5-3d9d7fd2e6a1] client register
[2022-09-01 02:10:53,028 [sekiro-worker-3-17]  INFO Sekiro:?]  [sekiroGroup:xingtu][clientId:a11118e3-12a1-c15f-61fe-6486915d0a55] client register
[2022-09-01 02:10:53,042 [sekiro-worker-3-18]  INFO Sekiro:?]  [sekiroGroup:xingtu][clientId:8d64a108-eee5-73d9-d972-2c5cb003d7a8] client register
[2022-09-01 02:10:53,061 [sekiro-worker-3-19]  INFO Sekiro:?]  [sekiroGroup:xingtu][clientId:045a9146-3e09-6836-2518-4311b8439c16] client register
[2022-09-01 02:10:53,073 [sekiro-worker-3-20]  INFO Sekiro:?]  [sekiroGroup:xingtu][clientId:529946b1-6d7a-97c0-66f4-70714d0169a4] client register
[2022-09-01 02:10:53,085 [sekiro-worker-3-21]  INFO Sekiro:?]  [sekiroGroup:xingtu][clientId:9b0878cf-d3b7-c9eb-ba07-8a08678f16ac] client register
[2022-09-01 02:10:53,140 [sekiro-worker-3-22]  INFO Sekiro:?]  [sekiroGroup:xingtu][clientId:ceec603e-4deb-549f-0006-e97e3d82d3f5] client register
[2022-09-01 02:10:53,331 [sekiro-worker-3-23]  INFO Sekiro:?]  [sekiroGroup:xingtu][clientId:6e66e1a1-2476-a890-0a48-6450c1f0e61a] client register
[2022-09-01 02:10:53,355 [sekiro-worker-3-24]  INFO Sekiro:?]  [sekiroGroup:xingtu][clientId:79f366dc-4655-d349-1ca0-0257cb33c791] client register
[2022-09-01 02:10:53,367 [sekiro-worker-3-25]  INFO Sekiro:?]  [sekiroGroup:xingtu][clientId:440b0449-94f5-73e8-de83-e911d1875f10] client register
[2022-09-01 02:10:53,672 [sekiro-worker-3-26]  INFO Sekiro:?]  [sekiroGroup:xingtu][clientId:918a4495-b4d8-2684-fb90-7e37ebb20958] client register
[2022-09-01 02:10:53,687 [sekiro-worker-3-27]  INFO Sekiro:?]  [sekiroGroup:xingtu][clientId:0602caa1-0e69-6ebf-316d-d5fd7aca4c93] client register
[2022-09-01 02:10:54,001 [sekiro-worker-3-28]  INFO Sekiro:?]  [sekiroGroup:xingtu][clientId:09fb41a2-705e-156f-fa68-8cae572c23b7] client register
[2022-09-01 02:10:54,071 [sekiro-worker-3-29]  INFO Sekiro:?]  [sekiroGroup:xingtu][clientId:c2a36369-a42c-259b-4e74-607bf59eed7f] client register
[2022-09-01 02:10:54,083 [sekiro-worker-3-30]  INFO Sekiro:?]  [sekiroGroup:xingtu][clientId:b43d435d-9b94-3ff9-a78b-bae8d25f2c93] client register
[2022-09-01 02:10:54,096 [sekiro-worker-3-31]  INFO Sekiro:?]  [sekiroGroup:xingtu][clientId:9e11e7d4-5b44-b01b-33b8-9bae450f50ac] client register
[2022-09-01 02:10:54,109 [sekiro-worker-3-32]  INFO Sekiro:?]  [sekiroGroup:xingtu][clientId:d6f75d0c-b285-ec2c-5835-634e854d0db8] client register
[2022-09-01 02:10:54,122 [sekiro-worker-3-33]  INFO Sekiro:?]  [sekiroGroup:xingtu][clientId:45a70665-a5a8-fed1-faea-1fb03ba303e7] client register
[2022-09-01 02:10:54,136 [sekiro-worker-3-34]  INFO Sekiro:?]  [sekiroGroup:xingtu][clientId:d58de70c-a7de-462b-519f-6e5e1c028a0d] client register
[2022-09-01 02:10:54,148 [sekiro-worker-3-35]  INFO Sekiro:?]  [sekiroGroup:xingtu][clientId:bb6a292d-667d-0932-f702-6245b082f47d] client register
[2022-09-01 02:10:54,162 [sekiro-worker-3-36]  INFO Sekiro:?]  [sekiroGroup:xingtu][clientId:89f4b024-4431-40f4-5ca4-1431da78f3f2] client register
[2022-09-01 02:10:54,175 [sekiro-worker-3-1]  INFO Sekiro:?]  [sekiroGroup:xingtu][clientId:e3f2235c-722e-30fc-36be-a47b86abfcbb] client register
[2022-09-01 02:10:54,187 [sekiro-worker-3-2]  INFO Sekiro:?]  [sekiroGroup:xingtu][clientId:34e93ac0-9e5e-3288-2b6e-211a3b2f5d75] client register
[2022-09-01 02:10:54,200 [sekiro-worker-3-3]  INFO Sekiro:?]  [sekiroGroup:xingtu][clientId:9528d5ea-41c9-1bf1-f98f-33a8ec5a89fe] client register
[2022-09-01 02:10:54,213 [sekiro-worker-3-4]  INFO Sekiro:?]  [sekiroGroup:xingtu][clientId:74a7d8f4-9ddf-04c9-f159-a04fad8f7f3d] client register
[2022-09-01 02:12:15,279 [group-thread-xingtu]  INFO Sekiro:?]  [sekiroGroup:xingtu][clientId:918a4495-b4d8-2684-fb90-7e37ebb20958] client disconnect
[2022-09-01 02:12:15,279 [group-thread-xingtu]  INFO Sekiro:?]  [sekiroGroup:xingtu][clientId:45a70665-a5a8-fed1-faea-1fb03ba303e7] client disconnect
[2022-09-01 02:12:15,279 [group-thread-xingtu]  INFO Sekiro:?]  [sekiroGroup:xingtu][clientId:74ddc580-8f32-933a-5ad5-3d9d7fd2e6a1] client disconnect
[2022-09-01 02:12:15,280 [group-thread-xingtu]  INFO Sekiro:?]  [sekiroGroup:xingtu][clientId:d58de70c-a7de-462b-519f-6e5e1c028a0d] client disconnect
[2022-09-01 02:12:15,280 [group-thread-xingtu]  INFO Sekiro:?]  [sekiroGroup:xingtu][clientId:c2a36369-a42c-259b-4e74-607bf59eed7f] client disconnect
[2022-09-01 02:12:15,280 [group-thread-xingtu]  INFO Sekiro:?]  [sekiroGroup:xingtu][clientId:440b0449-94f5-73e8-de83-e911d1875f10] client disconnect
[2022-09-01 02:12:15,280 [group-thread-xingtu]  INFO Sekiro:?]  [sekiroGroup:xingtu][clientId:89f4b024-4431-40f4-5ca4-1431da78f3f2] client disconnect
[2022-09-01 02:12:15,289 [group-thread-xingtu]  INFO Sekiro:?]  [sekiroGroup:xingtu][clientId:d6f75d0c-b285-ec2c-5835-634e854d0db8] client disconnect
[2022-09-01 02:12:15,292 [group-thread-xingtu]  INFO Sekiro:?]  [sekiroGroup:xingtu][clientId:b43d435d-9b94-3ff9-a78b-bae8d25f2c93] client disconnect
[2022-09-01 02:12:15,300 [group-thread-xingtu]  INFO Sekiro:?]  [sekiroGroup:xingtu][clientId:f1f352d8-d230-12d9-7215-4ccf36a13c2c] client disconnect
[2022-09-01 02:12:15,303 [group-thread-xingtu]  INFO Sekiro:?]  [sekiroGroup:xingtu][clientId:09fb41a2-705e-156f-fa68-8cae572c23b7] client disconnect
[2022-09-01 02:12:15,303 [group-thread-xingtu]  INFO Sekiro:?]  [sekiroGroup:xingtu][clientId:9528d5ea-41c9-1bf1-f98f-33a8ec5a89fe] client disconnect
[2022-09-01 02:12:15,303 [group-thread-xingtu]  INFO Sekiro:?]  [sekiroGroup:xingtu][clientId:0602caa1-0e69-6ebf-316d-d5fd7aca4c93] client disconnect
[2022-09-01 02:12:15,303 [group-thread-xingtu]  INFO Sekiro:?]  [sekiroGroup:xingtu][clientId:74a7d8f4-9ddf-04c9-f159-a04fad8f7f3d] client disconnect
[2022-09-01 02:12:15,307 [group-thread-xingtu]  INFO Sekiro:?]  [sekiroGroup:xingtu][clientId:79f366dc-4655-d349-1ca0-0257cb33c791] client disconnect
[2022-09-01 02:12:15,307 [group-thread-xingtu]  INFO Sekiro:?]  [sekiroGroup:xingtu][clientId:529946b1-6d7a-97c0-66f4-70714d0169a4] client disconnect
[2022-09-01 02:12:15,307 [group-thread-xingtu]  INFO Sekiro:?]  [sekiroGroup:xingtu][clientId:045a9146-3e09-6836-2518-4311b8439c16] client disconnect
[2022-09-01 02:12:15,308 [group-thread-xingtu]  INFO Sekiro:?]  [sekiroGroup:xingtu][clientId:8d64a108-eee5-73d9-d972-2c5cb003d7a8] client disconnect
[2022-09-01 02:12:15,308 [group-thread-xingtu]  INFO Sekiro:?]  [sekiroGroup:xingtu][clientId:34e93ac0-9e5e-3288-2b6e-211a3b2f5d75] client disconnect
[2022-09-01 02:12:15,311 [group-thread-xingtu]  INFO Sekiro:?]  [sekiroGroup:xingtu][clientId:6e66e1a1-2476-a890-0a48-6450c1f0e61a] client disconnect
[2022-09-01 02:12:15,311 [group-thread-xingtu]  INFO Sekiro:?]  [sekiroGroup:xingtu][clientId:e3f2235c-722e-30fc-36be-a47b86abfcbb] client disconnect
[2022-09-01 02:12:15,311 [group-thread-xingtu]  INFO Sekiro:?]  [sekiroGroup:xingtu][clientId:bb6a292d-667d-0932-f702-6245b082f47d] client disconnect
[2022-09-01 02:12:15,312 [group-thread-xingtu]  INFO Sekiro:?]  [sekiroGroup:xingtu][clientId:a11118e3-12a1-c15f-61fe-6486915d0a55] client disconnect
[2022-09-01 02:12:15,312 [group-thread-xingtu]  INFO Sekiro:?]  [sekiroGroup:xingtu][clientId:9b0878cf-d3b7-c9eb-ba07-8a08678f16ac] client disconnect
[2022-09-01 02:12:15,312 [group-thread-xingtu]  INFO Sekiro:?]  [sekiroGroup:xingtu][clientId:9e11e7d4-5b44-b01b-33b8-9bae450f50ac] client disconnect
[2022-09-01 02:12:15,312 [group-thread-xingtu]  INFO Sekiro:?]  [sekiroGroup:xingtu][clientId:ceec603e-4deb-549f-0006-e97e3d82d3f5] client disconnect
[2022-09-01 02:12:20,000 [sekiro-worker-3-5]  INFO Sekiro:?]  [sekiroGroup:xingtu][clientId:684e9d11-5af0-0630-31c8-28c30c36096b] client register
[2022-09-01 02:12:20,013 [sekiro-worker-3-6]  INFO Sekiro:?]  [sekiroGroup:xingtu][clientId:a198ead6-0848-6d6d-90d6-696399230b10] client register
[2022-09-01 02:12:20,025 [sekiro-worker-3-7]  INFO Sekiro:?]  [sekiroGroup:xingtu][clientId:454200b5-ac88-4b6d-77e4-d03380d3b246] client register
[2022-09-01 02:12:20,038 [sekiro-worker-3-8]  INFO Sekiro:?]  [sekiroGroup:xingtu][clientId:a92da96d-3b10-2ded-ecda-1d49c5dc4ffa] client register
[2022-09-01 02:12:20,324 [sekiro-worker-3-9]  INFO Sekiro:?]  [sekiroGroup:xingtu][clientId:388363c0-14eb-7708-c712-da479cc346e2] client register
[2022-09-01 02:12:20,336 [sekiro-worker-3-10]  INFO Sekiro:?]  [sekiroGroup:xingtu][clientId:df4e00ff-65a7-9a90-a5a7-86b8a07c27f1] client register
[2022-09-01 02:12:20,348 [sekiro-worker-3-11]  INFO Sekiro:?]  [sekiroGroup:xingtu][clientId:374e48c5-956b-eb5d-f3da-d2a9ca535a1a] client register
[2022-09-01 02:12:20,363 [sekiro-worker-3-12]  INFO Sekiro:?]  [sekiroGroup:xingtu][clientId:d2f70aec-7a81-7028-db68-529487dd4e79] client register
[2022-09-01 02:12:20,375 [sekiro-worker-3-13]  INFO Sekiro:?]  [sekiroGroup:xingtu][clientId:6c49e00c-d2f6-d2e3-f606-09f4fa2dd75c] client register
[2022-09-01 02:12:20,388 [sekiro-worker-3-14]  INFO Sekiro:?]  [sekiroGroup:xingtu][clientId:f11510fd-9133-1132-d1a3-7121c29e5d56] client register
[2022-09-01 02:12:20,530 [sekiro-worker-3-15]  INFO Sekiro:?]  [sekiroGroup:xingtu][clientId:00dd78d2-f2cf-a660-42a0-b75fa1b6fc49] client register
[2022-09-01 02:12:20,542 [sekiro-worker-3-16]  INFO Sekiro:?]  [sekiroGroup:xingtu][clientId:d0834758-bc1c-6a7a-cb61-9c127a73a500] client register
[2022-09-01 02:12:20,554 [sekiro-worker-3-17]  INFO Sekiro:?]  [sekiroGroup:xingtu][clientId:befe75fa-097d-6c93-8879-1fb7a15570fe] client register
[2022-09-01 02:12:20,566 [sekiro-worker-3-18]  INFO Sekiro:?]  [sekiroGroup:xingtu][clientId:3ddbebfa-a97f-bbdb-5f17-cfdd7911ae74] client register
[2022-09-01 02:12:20,578 [sekiro-worker-3-19]  INFO Sekiro:?]  [sekiroGroup:xingtu][clientId:5bd0b3cb-240d-ab61-3ef3-1a2cde9151bc] client register
[2022-09-01 02:12:20,592 [sekiro-worker-3-20]  INFO Sekiro:?]  [sekiroGroup:xingtu][clientId:de395ba0-6d8f-8ea1-44cc-fecf599f4972] client register
[2022-09-01 02:12:20,606 [sekiro-worker-3-21]  INFO Sekiro:?]  [sekiroGroup:xingtu][clientId:2bc7570e-62e0-1239-39f9-b61695607f5c] client register
[2022-09-01 02:12:20,746 [sekiro-worker-3-22]  INFO Sekiro:?]  [sekiroGroup:xingtu][clientId:039359d4-1d02-5e35-6d8f-4a22e1d15edb] client register
[2022-09-01 02:12:20,758 [sekiro-worker-3-23]  INFO Sekiro:?]  [sekiroGroup:xingtu][clientId:471ad64d-af6c-22f9-eae0-38559eeb5b83] client register
[2022-09-01 02:12:20,924 [sekiro-worker-3-24]  INFO Sekiro:?]  [sekiroGroup:xingtu][clientId:5db1fc91-3f71-f77b-62b6-968810b9289c] client register
[2022-09-01 02:12:20,936 [sekiro-worker-3-25]  INFO Sekiro:?]  [sekiroGroup:xingtu][clientId:6337a753-60c6-7c18-c4ce-c54ebadc270e] client register
[2022-09-01 02:12:21,060 [sekiro-worker-3-26]  INFO Sekiro:?]  [sekiroGroup:xingtu][clientId:a92a49bd-95fe-b5fe-22e7-57a7fcee521b] client register
[2022-09-01 02:12:21,075 [sekiro-worker-3-27]  INFO Sekiro:?]  [sekiroGroup:xingtu][clientId:07cea6a3-6253-55f6-45c1-4952e77ba1a4] client register
[2022-09-01 02:12:21,088 [sekiro-worker-3-28]  INFO Sekiro:?]  [sekiroGroup:xingtu][clientId:8c9238da-3133-ef4f-4b55-080390493342] client register
[2022-09-01 02:12:21,100 [sekiro-worker-3-29]  INFO Sekiro:?]  [sekiroGroup:xingtu][clientId:87ab3966-9e56-3cb8-8465-db9342a60f97] client register
[2022-09-01 02:12:21,113 [sekiro-worker-3-30]  INFO Sekiro:?]  [sekiroGroup:xingtu][clientId:9187286d-7197-d132-cec2-1252a9ee9104] client register
[2022-09-01 02:12:21,126 [sekiro-worker-3-31]  INFO Sekiro:?]  [sekiroGroup:xingtu][clientId:497e3425-0e2a-9ff8-6ab6-a06aa442a2f0] client register
[2022-09-01 02:12:21,138 [sekiro-worker-3-32]  INFO Sekiro:?]  [sekiroGroup:xingtu][clientId:106cef04-1e90-5ab0-2a38-dd2160a8c038] client register
[2022-09-01 02:12:21,151 [sekiro-worker-3-33]  INFO Sekiro:?]  [sekiroGroup:xingtu][clientId:f6b36f9d-428d-b982-44f6-b3540526a6a0] client register
[2022-09-01 02:12:21,165 [sekiro-worker-3-34]  INFO Sekiro:?]  [sekiroGroup:xingtu][clientId:d349a51a-4f45-0702-84bf-e7849ed13a8d] client register
[2022-09-01 02:12:21,177 [sekiro-worker-3-35]  INFO Sekiro:?]  [sekiroGroup:xingtu][clientId:e304d95b-7388-2270-2ee8-f6b2ff460bdf] client register
[2022-09-01 02:12:21,189 [sekiro-worker-3-36]  INFO Sekiro:?]  [sekiroGroup:xingtu][clientId:a1d53ae9-5194-4c0e-6638-e93f6fc937c0] client register
[2022-09-01 02:12:21,203 [sekiro-worker-3-1]  INFO Sekiro:?]  [sekiroGroup:xingtu][clientId:a5a7302d-0c10-bfa7-3573-8c7dc053e3c2] client register
[2022-09-01 02:12:21,215 [sekiro-worker-3-2]  INFO Sekiro:?]  [sekiroGroup:xingtu][clientId:3638e0b9-4576-e919-fff5-5307bcb38adb] client register
[2022-09-01 02:12:21,228 [sekiro-worker-3-3]  INFO Sekiro:?]  [sekiroGroup:xingtu][clientId:c071a1ed-64ec-1925-d211-48f04f4d5661] client register
[2022-09-01 02:12:21,241 [sekiro-worker-3-4]  INFO Sekiro:?]  [sekiroGroup:xingtu][clientId:d2dbf8d6-bfca-cddc-edc5-e3be8a029883] client register
[2022-09-01 02:12:21,254 [sekiro-worker-3-5]  INFO Sekiro:?]  [sekiroGroup:xingtu][clientId:5e0a375a-9a02-dd7b-2cdc-ee042109f7ba] client register
[2022-09-01 02:12:21,266 [sekiro-worker-3-6]  INFO Sekiro:?]  [sekiroGroup:xingtu][clientId:9d659f34-a1d0-9803-2777-70daf65165a3] client register
[2022-09-01 02:12:21,279 [sekiro-worker-3-7]  INFO Sekiro:?]  [sekiroGroup:xingtu][clientId:67f42162-1d7b-0fd1-00b7-febbc61348bb] client register
[2022-09-01 02:12:21,291 [sekiro-worker-3-8]  INFO Sekiro:?]  [sekiroGroup:xingtu][clientId:c5808f30-7ef6-d850-a808-4913259ea7b1] client register
[2022-09-01 02:12:21,304 [sekiro-worker-3-9]  INFO Sekiro:?]  [sekiroGroup:xingtu][clientId:4438b3ff-885f-5f70-0685-edc43619461b] client register
[2022-09-01 02:12:21,316 [sekiro-worker-3-10]  INFO Sekiro:?]  [sekiroGroup:xingtu][clientId:4aaa6540-8faa-01df-0588-781a54443049] client register
[2022-09-01 02:12:21,329 [sekiro-worker-3-11]  INFO Sekiro:?]  [sekiroGroup:xingtu][clientId:56458105-fd8b-967b-f675-812e969db9f2] client register
[2022-09-01 02:12:21,341 [sekiro-worker-3-12]  INFO Sekiro:?]  [sekiroGroup:xingtu][clientId:915d546e-94ad-4206-3c3f-15b4835c8c9d] client register
[2022-09-01 02:12:21,353 [sekiro-worker-3-13]  INFO Sekiro:?]  [sekiroGroup:xingtu][clientId:3f23935f-6a50-f6b5-a6c7-d10d28897641] client register
[2022-09-01 02:12:21,365 [sekiro-worker-3-14]  INFO Sekiro:?]  [sekiroGroup:xingtu][clientId:6beb16f5-ca03-e192-a6d2-059891c57332] client register
[2022-09-01 02:12:21,378 [sekiro-worker-3-15]  INFO Sekiro:?]  [sekiroGroup:xingtu][clientId:bfe11ce6-cf5d-8177-3d31-4d6d8da94a36] client register
[2022-09-01 02:12:21,390 [sekiro-worker-3-16]  INFO Sekiro:?]  [sekiroGroup:xingtu][clientId:07380258-9069-c397-3b92-c2be10e120fb] client register
[2022-09-01 02:12:21,454 [sekiro-worker-3-17]  INFO Sekiro:?]  [sekiroGroup:xingtu][clientId:a3acefe8-23a6-30cd-41bb-eca84984ac00] client register
[2022-09-01 02:12:21,533 [sekiro-worker-3-18]  INFO Sekiro:?]  [sekiroGroup:xingtu][clientId:1a69640d-68ec-4c12-ea44-a3d2a08b5cb5] client register
[2022-09-01 02:12:22,300 [sekiro-worker-3-19]  INFO Sekiro:?]  [sekiroGroup:xingtu][clientId:981e64cb-c613-ec1f-76ea-de216513170f] client register
[2022-09-01 02:12:27,507 [group-thread-xingtu]  INFO Sekiro:?]  [sekiroGroup:xingtu][clientId:981e64cb-c613-ec1f-76ea-de216513170f] forward invoke :{"a":"hot_list_id0service_methodGetHotListDataservice_nameauthor.AdStarAuthorServicesign_strict1tag61e541324fe6649d1b8a2ee3","action":"sign","group":"xingtu"} to client:981e64cb-c613-ec1f-76ea-de216513170f
[2022-09-01 02:12:27,507 [sekiro-worker-3-19]  INFO Sekiro:?]  [sekiroGroup:xingtu][clientId:981e64cb-c613-ec1f-76ea-de216513170f][action:sign] forward invoke seq:2 request:{"a":"hot_list_id0service_methodGetHotListDataservice_nameauthor.AdStarAuthorServicesign_strict1tag61e541324fe6649d1b8a2ee3","action":"sign","group":"xingtu"}
[2022-09-01 02:13:50,808 [group-thread-xingtu]  INFO Sekiro:?]  [sekiroGroup:xingtu][clientId:981e64cb-c613-ec1f-76ea-de216513170f] client disconnect
[2022-09-01 02:13:50,809 [group-thread-xingtu]  INFO Sekiro:?]  [sekiroGroup:xingtu][clientId:1a69640d-68ec-4c12-ea44-a3d2a08b5cb5] client disconnect
[2022-09-01 02:13:50,809 [group-thread-xingtu]  INFO Sekiro:?]  [sekiroGroup:xingtu][clientId:8c9238da-3133-ef4f-4b55-080390493342] client disconnect
[2022-09-01 02:13:50,809 [group-thread-xingtu]  INFO Sekiro:?]  [sekiroGroup:xingtu][clientId:a3acefe8-23a6-30cd-41bb-eca84984ac00] client disconnect
[2022-09-01 02:13:50,810 [group-thread-xingtu]  INFO Sekiro:?]  [sekiroGroup:xingtu][clientId:07380258-9069-c397-3b92-c2be10e120fb] client disconnect
[2022-09-01 02:13:50,810 [group-thread-xingtu]  INFO Sekiro:?]  [sekiroGroup:xingtu][clientId:bfe11ce6-cf5d-8177-3d31-4d6d8da94a36] client disconnect
[2022-09-01 02:13:50,810 [group-thread-xingtu]  INFO Sekiro:?]  [sekiroGroup:xingtu][clientId:915d546e-94ad-4206-3c3f-15b4835c8c9d] client disconnect
[2022-09-01 02:13:50,811 [group-thread-xingtu]  INFO Sekiro:?]  [sekiroGroup:xingtu][clientId:4438b3ff-885f-5f70-0685-edc43619461b] client disconnect
[2022-09-01 02:13:50,811 [group-thread-xingtu]  INFO Sekiro:?]  [sekiroGroup:xingtu][clientId:de395ba0-6d8f-8ea1-44cc-fecf599f4972] client disconnect
[2022-09-01 02:13:50,811 [group-thread-xingtu]  INFO Sekiro:?]  [sekiroGroup:xingtu][clientId:4aaa6540-8faa-01df-0588-781a54443049] client disconnect
[2022-09-01 02:13:50,811 [group-thread-xingtu]  INFO Sekiro:?]  [sekiroGroup:xingtu][clientId:497e3425-0e2a-9ff8-6ab6-a06aa442a2f0] client disconnect
[2022-09-01 02:13:50,811 [group-thread-xingtu]  INFO Sekiro:?]  [sekiroGroup:xingtu][clientId:c5808f30-7ef6-d850-a808-4913259ea7b1] client disconnect
[2022-09-01 02:13:50,811 [group-thread-xingtu]  INFO Sekiro:?]  [sekiroGroup:xingtu][clientId:9d659f34-a1d0-9803-2777-70daf65165a3] client disconnect
[2022-09-01 02:13:50,811 [group-thread-xingtu]  INFO Sekiro:?]  [sekiroGroup:xingtu][clientId:6beb16f5-ca03-e192-a6d2-059891c57332] client disconnect
[2022-09-01 02:13:50,811 [group-thread-xingtu]  INFO Sekiro:?]  [sekiroGroup:xingtu][clientId:5e0a375a-9a02-dd7b-2cdc-ee042109f7ba] client disconnect
[2022-09-01 02:13:50,811 [group-thread-xingtu]  INFO Sekiro:?]  [sekiroGroup:xingtu][clientId:d2dbf8d6-bfca-cddc-edc5-e3be8a029883] client disconnect
[2022-09-01 02:13:50,812 [group-thread-xingtu]  INFO Sekiro:?]  [sekiroGroup:xingtu][clientId:c071a1ed-64ec-1925-d211-48f04f4d5661] client disconnect
[2022-09-01 02:13:50,812 [group-thread-xingtu]  INFO Sekiro:?]  [sekiroGroup:xingtu][clientId:3638e0b9-4576-e919-fff5-5307bcb38adb] client disconnect
[2022-09-01 02:13:50,812 [group-thread-xingtu]  INFO Sekiro:?]  [sekiroGroup:xingtu][clientId:a5a7302d-0c10-bfa7-3573-8c7dc053e3c2] client disconnect
[2022-09-01 02:13:50,812 [group-thread-xingtu]  INFO Sekiro:?]  [sekiroGroup:xingtu][clientId:a1d53ae9-5194-4c0e-6638-e93f6fc937c0] client disconnect
[2022-09-01 02:13:50,812 [group-thread-xingtu]  INFO Sekiro:?]  [sekiroGroup:xingtu][clientId:f6b36f9d-428d-b982-44f6-b3540526a6a0] client disconnect
[2022-09-01 02:13:50,813 [group-thread-xingtu]  INFO Sekiro:?]  [sekiroGroup:xingtu][clientId:106cef04-1e90-5ab0-2a38-dd2160a8c038] client disconnect
[2022-09-01 02:13:50,813 [group-thread-xingtu]  INFO Sekiro:?]  [sekiroGroup:xingtu][clientId:e304d95b-7388-2270-2ee8-f6b2ff460bdf] client disconnect
[2022-09-01 02:13:50,813 [group-thread-xingtu]  INFO Sekiro:?]  [sekiroGroup:xingtu][clientId:07cea6a3-6253-55f6-45c1-4952e77ba1a4] client disconnect
[2022-09-01 02:13:50,813 [group-thread-xingtu]  INFO Sekiro:?]  [sekiroGroup:xingtu][clientId:d349a51a-4f45-0702-84bf-e7849ed13a8d] client disconnect
[2022-09-01 02:13:50,813 [group-thread-xingtu]  INFO Sekiro:?]  [sekiroGroup:xingtu][clientId:a92a49bd-95fe-b5fe-22e7-57a7fcee521b] client disconnect
[2022-09-01 02:13:50,813 [group-thread-xingtu]  INFO Sekiro:?]  [sekiroGroup:xingtu][clientId:befe75fa-097d-6c93-8879-1fb7a15570fe] client disconnect
[2022-09-01 02:13:50,813 [group-thread-xingtu]  INFO Sekiro:?]  [sekiroGroup:xingtu][clientId:9187286d-7197-d132-cec2-1252a9ee9104] client disconnect
[2022-09-01 02:13:50,813 [group-thread-xingtu]  INFO Sekiro:?]  [sekiroGroup:xingtu][clientId:6c49e00c-d2f6-d2e3-f606-09f4fa2dd75c] client disconnect
[2022-09-01 02:13:50,813 [group-thread-xingtu]  INFO Sekiro:?]  [sekiroGroup:xingtu][clientId:6337a753-60c6-7c18-c4ce-c54ebadc270e] client disconnect
[2022-09-01 02:13:50,814 [group-thread-xingtu]  INFO Sekiro:?]  [sekiroGroup:xingtu][clientId:3ddbebfa-a97f-bbdb-5f17-cfdd7911ae74] client disconnect
[2022-09-01 02:13:50,814 [group-thread-xingtu]  INFO Sekiro:?]  [sekiroGroup:xingtu][clientId:d2f70aec-7a81-7028-db68-529487dd4e79] client disconnect
[2022-09-01 02:13:50,814 [group-thread-xingtu]  INFO Sekiro:?]  [sekiroGroup:xingtu][clientId:471ad64d-af6c-22f9-eae0-38559eeb5b83] client disconnect
[2022-09-01 02:13:50,814 [group-thread-xingtu]  INFO Sekiro:?]  [sekiroGroup:xingtu][clientId:2bc7570e-62e0-1239-39f9-b61695607f5c] client disconnect
[2022-09-01 02:13:50,814 [group-thread-xingtu]  INFO Sekiro:?]  [sekiroGroup:xingtu][clientId:56458105-fd8b-967b-f675-812e969db9f2] client disconnect
[2022-09-01 02:13:50,814 [group-thread-xingtu]  INFO Sekiro:?]  [sekiroGroup:xingtu][clientId:67f42162-1d7b-0fd1-00b7-febbc61348bb] client disconnect
[2022-09-01 02:13:50,814 [group-thread-xingtu]  INFO Sekiro:?]  [sekiroGroup:xingtu][clientId:374e48c5-956b-eb5d-f3da-d2a9ca535a1a] client disconnect
[2022-09-01 02:13:50,814 [group-thread-xingtu]  INFO Sekiro:?]  [sekiroGroup:xingtu][clientId:d0834758-bc1c-6a7a-cb61-9c127a73a500] client disconnect
[2022-09-01 02:13:50,814 [group-thread-xingtu]  INFO Sekiro:?]  [sekiroGroup:xingtu][clientId:3f23935f-6a50-f6b5-a6c7-d10d28897641] client disconnect
[2022-09-01 02:13:50,814 [group-thread-xingtu]  INFO Sekiro:?]  [sekiroGroup:xingtu][clientId:00dd78d2-f2cf-a660-42a0-b75fa1b6fc49] client disconnect
[2022-09-01 02:13:50,815 [group-thread-xingtu]  INFO Sekiro:?]  [sekiroGroup:xingtu][clientId:5db1fc91-3f71-f77b-62b6-968810b9289c] client disconnect
[2022-09-01 02:13:50,815 [group-thread-xingtu]  INFO Sekiro:?]  [sekiroGroup:xingtu][clientId:f11510fd-9133-1132-d1a3-7121c29e5d56] client disconnect
[2022-09-01 02:13:50,815 [group-thread-xingtu]  INFO Sekiro:?]  [sekiroGroup:xingtu][clientId:388363c0-14eb-7708-c712-da479cc346e2] client disconnect
[2022-09-01 02:13:50,815 [group-thread-xingtu]  INFO Sekiro:?]  [sekiroGroup:xingtu][clientId:454200b5-ac88-4b6d-77e4-d03380d3b246] client disconnect
[2022-09-01 02:13:50,815 [group-thread-xingtu]  INFO Sekiro:?]  [sekiroGroup:xingtu][clientId:684e9d11-5af0-0630-31c8-28c30c36096b] client disconnect
[2022-09-01 02:13:50,815 [group-thread-xingtu]  INFO Sekiro:?]  [sekiroGroup:xingtu][clientId:a198ead6-0848-6d6d-90d6-696399230b10] client disconnect
[2022-09-01 02:13:50,815 [group-thread-xingtu]  INFO Sekiro:?]  [sekiroGroup:xingtu][clientId:039359d4-1d02-5e35-6d8f-4a22e1d15edb] client disconnect
[2022-09-01 02:13:50,815 [group-thread-xingtu]  INFO Sekiro:?]  [sekiroGroup:xingtu][clientId:5bd0b3cb-240d-ab61-3ef3-1a2cde9151bc] client disconnect
[2022-09-01 02:13:50,815 [group-thread-xingtu]  INFO Sekiro:?]  [sekiroGroup:xingtu][clientId:df4e00ff-65a7-9a90-a5a7-86b8a07c27f1] client disconnect
[2022-09-01 02:13:50,815 [group-thread-xingtu]  INFO Sekiro:?]  [sekiroGroup:xingtu][clientId:87ab3966-9e56-3cb8-8465-db9342a60f97] client disconnect
[2022-09-01 02:13:50,815 [group-thread-xingtu]  INFO Sekiro:?]  [sekiroGroup:xingtu][clientId:a92da96d-3b10-2ded-ecda-1d49c5dc4ffa] client disconnect
[2022-09-01 02:14:00,129 [sekiro-worker-3-21]  INFO Sekiro:?]  [sekiroGroup:xingtu][clientId:3dfb4553-2bce-4b13-0ab1-a4a7de769ce5] client register
[2022-09-01 02:14:00,141 [sekiro-worker-3-22]  INFO Sekiro:?]  [sekiroGroup:xingtu][clientId:84786e2d-d4c9-8702-82db-6063cbd63499] client register
[2022-09-01 02:14:00,154 [sekiro-worker-3-23]  INFO Sekiro:?]  [sekiroGroup:xingtu][clientId:b82e2d3f-0824-ed33-8d47-6f13e52a5c02] client register
[2022-09-01 02:14:00,166 [sekiro-worker-3-24]  INFO Sekiro:?]  [sekiroGroup:xingtu][clientId:f13499e1-783f-0d3f-a176-ae1ed6c3b802] client register
[2022-09-01 02:14:00,397 [sekiro-worker-3-25]  INFO Sekiro:?]  [sekiroGroup:xingtu][clientId:8982ce68-ce88-e2df-06bf-05be5d18d899] client register
[2022-09-01 02:14:00,409 [sekiro-worker-3-26]  INFO Sekiro:?]  [sekiroGroup:xingtu][clientId:a21ba274-d294-fe04-66b9-61ae6f5a2c51] client register
[2022-09-01 02:14:00,421 [sekiro-worker-3-27]  INFO Sekiro:?]  [sekiroGroup:xingtu][clientId:341baf0c-c7df-765a-1ef8-3bb2a578d6ed] client register
[2022-09-01 02:14:00,449 [sekiro-worker-3-28]  INFO Sekiro:?]  [sekiroGroup:xingtu][clientId:3a38b519-fbde-7426-b15c-4b66020ffa65] client register
[2022-09-01 02:14:00,622 [sekiro-worker-3-29]  INFO Sekiro:?]  [sekiroGroup:xingtu][clientId:a666c797-c0ec-bab9-88f0-4e06a7e52732] client register
[2022-09-01 02:14:00,664 [sekiro-worker-3-30]  INFO Sekiro:?]  [sekiroGroup:xingtu][clientId:040383e8-9421-2dbf-ca35-699b0ea5c2a6] client register
[2022-09-01 02:14:00,679 [sekiro-worker-3-31]  INFO Sekiro:?]  [sekiroGroup:xingtu][clientId:7c281e60-aa51-3310-a323-516726b5e09e] client register
[2022-09-01 02:14:01,055 [sekiro-worker-3-32]  INFO Sekiro:?]  [sekiroGroup:xingtu][clientId:ddea6824-f4ed-030d-9e92-fbfcf4dc37e7] client register
[2022-09-01 02:14:01,067 [sekiro-worker-3-33]  INFO Sekiro:?]  [sekiroGroup:xingtu][clientId:53d2329f-0f13-0d55-b6e0-96fa68015940] client register
[2022-09-01 02:14:01,369 [sekiro-worker-3-34]  INFO Sekiro:?]  [sekiroGroup:xingtu][clientId:586b1c33-86b0-66b8-1cb4-7b771c6223db] client register
[2022-09-01 02:14:01,448 [sekiro-worker-3-35]  INFO Sekiro:?]  [sekiroGroup:xingtu][clientId:1da1b29d-6f50-5ebc-a65d-5c858e21e34c] client register
[2022-09-01 02:14:01,460 [sekiro-worker-3-36]  INFO Sekiro:?]  [sekiroGroup:xingtu][clientId:064a0384-8f4a-022a-f7a8-44cb52a37723] client register
[2022-09-01 02:14:01,472 [sekiro-worker-3-1]  INFO Sekiro:?]  [sekiroGroup:xingtu][clientId:25cc751c-f7f3-8639-2499-0c82e8662495] client register
[2022-09-01 02:14:01,484 [sekiro-worker-3-2]  INFO Sekiro:?]  [sekiroGroup:xingtu][clientId:9cddb536-6b4e-8020-9307-8e34aaaedd84] client register
[2022-09-01 02:14:01,496 [sekiro-worker-3-3]  INFO Sekiro:?]  [sekiroGroup:xingtu][clientId:14602728-bcd7-fad0-a5b6-fc143d47d8f9] client register
[2022-09-01 02:14:01,509 [sekiro-worker-3-4]  INFO Sekiro:?]  [sekiroGroup:xingtu][clientId:e8bf6285-d9ff-98a6-ce22-b4028a79ff7a] client register
[2022-09-01 02:14:01,521 [sekiro-worker-3-5]  INFO Sekiro:?]  [sekiroGroup:xingtu][clientId:4d32d6e0-6779-1471-bc03-8573ef7d728d] client register
[2022-09-01 02:14:01,534 [sekiro-worker-3-6]  INFO Sekiro:?]  [sekiroGroup:xingtu][clientId:ff9c77c3-f9c5-a0ed-0bde-7f1f300cce93] client register
[2022-09-01 02:14:01,546 [sekiro-worker-3-7]  INFO Sekiro:?]  [sekiroGroup:xingtu][clientId:2f4a92be-5195-ac73-0e49-0df88f2cbc0a] client register
[2022-09-01 02:14:01,558 [sekiro-worker-3-8]  INFO Sekiro:?]  [sekiroGroup:xingtu][clientId:ab13c54a-a301-92a7-9f2d-aa3108ae0c29] client register
[2022-09-01 02:14:01,570 [sekiro-worker-3-9]  INFO Sekiro:?]  [sekiroGroup:xingtu][clientId:c50fdaf8-c531-5ef6-1904-683f3592e961] client register
[2022-09-01 02:14:01,583 [sekiro-worker-3-10]  INFO Sekiro:?]  [sekiroGroup:xingtu][clientId:5539d11b-76f8-9858-a950-223c8546ee6e] client register
[2022-09-01 02:14:05,856 [group-thread-xingtu]  INFO Sekiro:?]  [sekiroGroup:xingtu][clientId:5539d11b-76f8-9858-a950-223c8546ee6e] forward invoke :{"_aaa":"hot_list_id0service_methodGetHotListDataservice_nameauthor.AdStarAuthorServicesign_strict1tag61e541324fe6649d1b8a2ee3","action":"sign","group":"xingtu"} to client:5539d11b-76f8-9858-a950-223c8546ee6e
[2022-09-01 02:14:05,857 [sekiro-worker-3-10]  INFO Sekiro:?]  [sekiroGroup:xingtu][clientId:5539d11b-76f8-9858-a950-223c8546ee6e][action:sign] forward invoke seq:2 request:{"_aaa":"hot_list_id0service_methodGetHotListDataservice_nameauthor.AdStarAuthorServicesign_strict1tag61e541324fe6649d1b8a2ee3","action":"sign","group":"xingtu"}
[2022-09-01 02:14:11,752 [group-thread-xingtu]  INFO Sekiro:?]  [sekiroGroup:xingtu][clientId:c50fdaf8-c531-5ef6-1904-683f3592e961] forward invoke :{"_aaa":"hot_list_id0service_methodGetHotListDataservice_nameauthor.AdStarAuthorServicesign_strict1tag61e541324fe6649d1b8a2ee3","action":"sign","group":"xingtu"} to client:c50fdaf8-c531-5ef6-1904-683f3592e961
[2022-09-01 02:14:11,752 [sekiro-worker-3-9]  INFO Sekiro:?]  [sekiroGroup:xingtu][clientId:c50fdaf8-c531-5ef6-1904-683f3592e961][action:sign] forward invoke seq:2 request:{"_aaa":"hot_list_id0service_methodGetHotListDataservice_nameauthor.AdStarAuthorServicesign_strict1tag61e541324fe6649d1b8a2ee3","action":"sign","group":"xingtu"}
[2022-09-01 02:15:17,190 [group-thread-xingtu]  INFO Sekiro:?]  [sekiroGroup:xingtu][clientId:f13499e1-783f-0d3f-a176-ae1ed6c3b802] client disconnect
[2022-09-01 02:15:17,190 [group-thread-xingtu]  INFO Sekiro:?]  [sekiroGroup:xingtu][clientId:ddea6824-f4ed-030d-9e92-fbfcf4dc37e7] client disconnect
[2022-09-01 02:15:17,190 [group-thread-xingtu]  INFO Sekiro:?]  [sekiroGroup:xingtu][clientId:25cc751c-f7f3-8639-2499-0c82e8662495] client disconnect
[2022-09-01 02:15:17,191 [group-thread-xingtu]  INFO Sekiro:?]  [sekiroGroup:xingtu][clientId:ff9c77c3-f9c5-a0ed-0bde-7f1f300cce93] client disconnect
[2022-09-01 02:15:17,192 [group-thread-xingtu]  INFO Sekiro:?]  [sekiroGroup:xingtu][clientId:3dfb4553-2bce-4b13-0ab1-a4a7de769ce5] client disconnect
[2022-09-01 02:15:17,192 [group-thread-xingtu]  INFO Sekiro:?]  [sekiroGroup:xingtu][clientId:5539d11b-76f8-9858-a950-223c8546ee6e] client disconnect
[2022-09-01 02:15:17,192 [group-thread-xingtu]  INFO Sekiro:?]  [sekiroGroup:xingtu][clientId:040383e8-9421-2dbf-ca35-699b0ea5c2a6] client disconnect
[2022-09-01 02:15:17,192 [group-thread-xingtu]  INFO Sekiro:?]  [sekiroGroup:xingtu][clientId:ab13c54a-a301-92a7-9f2d-aa3108ae0c29] client disconnect
[2022-09-01 02:15:17,192 [group-thread-xingtu]  INFO Sekiro:?]  [sekiroGroup:xingtu][clientId:53d2329f-0f13-0d55-b6e0-96fa68015940] client disconnect
[2022-09-01 02:15:17,192 [group-thread-xingtu]  INFO Sekiro:?]  [sekiroGroup:xingtu][clientId:a21ba274-d294-fe04-66b9-61ae6f5a2c51] client disconnect
[2022-09-01 02:15:17,192 [group-thread-xingtu]  INFO Sekiro:?]  [sekiroGroup:xingtu][clientId:7c281e60-aa51-3310-a323-516726b5e09e] client disconnect
[2022-09-01 02:15:17,192 [group-thread-xingtu]  INFO Sekiro:?]  [sekiroGroup:xingtu][clientId:2f4a92be-5195-ac73-0e49-0df88f2cbc0a] client disconnect
[2022-09-01 02:15:17,192 [group-thread-xingtu]  INFO Sekiro:?]  [sekiroGroup:xingtu][clientId:c50fdaf8-c531-5ef6-1904-683f3592e961] client disconnect
[2022-09-01 02:15:17,192 [group-thread-xingtu]  INFO Sekiro:?]  [sekiroGroup:xingtu][clientId:064a0384-8f4a-022a-f7a8-44cb52a37723] client disconnect
[2022-09-01 02:15:17,192 [group-thread-xingtu]  INFO Sekiro:?]  [sekiroGroup:xingtu][clientId:9cddb536-6b4e-8020-9307-8e34aaaedd84] client disconnect
[2022-09-01 02:15:17,193 [group-thread-xingtu]  INFO Sekiro:?]  [sekiroGroup:xingtu][clientId:586b1c33-86b0-66b8-1cb4-7b771c6223db] client disconnect
[2022-09-01 02:15:17,194 [group-thread-xingtu]  INFO Sekiro:?]  [sekiroGroup:xingtu][clientId:8982ce68-ce88-e2df-06bf-05be5d18d899] client disconnect
[2022-09-01 02:15:17,194 [group-thread-xingtu]  INFO Sekiro:?]  [sekiroGroup:xingtu][clientId:b82e2d3f-0824-ed33-8d47-6f13e52a5c02] client disconnect
[2022-09-01 02:15:17,195 [group-thread-xingtu]  INFO Sekiro:?]  [sekiroGroup:xingtu][clientId:341baf0c-c7df-765a-1ef8-3bb2a578d6ed] client disconnect
[2022-09-01 02:15:17,195 [group-thread-xingtu]  INFO Sekiro:?]  [sekiroGroup:xingtu][clientId:3a38b519-fbde-7426-b15c-4b66020ffa65] client disconnect
[2022-09-01 02:15:17,195 [group-thread-xingtu]  INFO Sekiro:?]  [sekiroGroup:xingtu][clientId:14602728-bcd7-fad0-a5b6-fc143d47d8f9] client disconnect
[2022-09-01 02:15:17,196 [group-thread-xingtu]  INFO Sekiro:?]  [sekiroGroup:xingtu][clientId:a666c797-c0ec-bab9-88f0-4e06a7e52732] client disconnect
[2022-09-01 02:15:17,196 [group-thread-xingtu]  INFO Sekiro:?]  [sekiroGroup:xingtu][clientId:84786e2d-d4c9-8702-82db-6063cbd63499] client disconnect
[2022-09-01 02:15:17,196 [group-thread-xingtu]  INFO Sekiro:?]  [sekiroGroup:xingtu][clientId:4d32d6e0-6779-1471-bc03-8573ef7d728d] client disconnect
[2022-09-01 02:15:17,196 [group-thread-xingtu]  INFO Sekiro:?]  [sekiroGroup:xingtu][clientId:e8bf6285-d9ff-98a6-ce22-b4028a79ff7a] client disconnect
[2022-09-01 02:15:17,197 [group-thread-xingtu]  INFO Sekiro:?]  [sekiroGroup:xingtu][clientId:1da1b29d-6f50-5ebc-a65d-5c858e21e34c] client disconnect
[2022-09-01 02:15:24,078 [sekiro-worker-3-13]  INFO Sekiro:?]  [sekiroGroup:xingtu][clientId:65a7ead9-0a78-7e0b-c08b-a4f9787a40be] client register
[2022-09-01 02:15:24,090 [sekiro-worker-3-14]  INFO Sekiro:?]  [sekiroGroup:xingtu][clientId:5d709c7b-0686-e4ef-fbb0-88cffc7681a5] client register
[2022-09-01 02:15:24,101 [sekiro-worker-3-15]  INFO Sekiro:?]  [sekiroGroup:xingtu][clientId:fa856adf-2499-0ba6-75de-8c2af9060714] client register
[2022-09-01 02:15:24,113 [sekiro-worker-3-16]  INFO Sekiro:?]  [sekiroGroup:xingtu][clientId:1a204b45-7e99-8798-7e09-bd1b8e42eaf8] client register
[2022-09-01 02:15:24,351 [sekiro-worker-3-17]  INFO Sekiro:?]  [sekiroGroup:xingtu][clientId:5db683df-6ca5-132f-ba77-a19b2f21e684] client register
[2022-09-01 02:15:24,364 [sekiro-worker-3-18]  INFO Sekiro:?]  [sekiroGroup:xingtu][clientId:986b30e9-7da9-7d27-6082-428531eaa2e0] client register
[2022-09-01 02:15:24,376 [sekiro-worker-3-19]  INFO Sekiro:?]  [sekiroGroup:xingtu][clientId:3dd85cf2-5369-9e95-e487-60e02aed89d6] client register
[2022-09-01 02:15:24,399 [sekiro-worker-3-20]  INFO Sekiro:?]  [sekiroGroup:xingtu][clientId:91ff59e2-05d5-a314-1029-78793e3d2ee1] client register
[2022-09-01 02:15:24,781 [sekiro-worker-3-21]  INFO Sekiro:?]  [sekiroGroup:xingtu][clientId:2fd160f0-f6c0-dbc1-084c-688f660effa3] client register
[2022-09-01 02:15:24,920 [sekiro-worker-3-22]  INFO Sekiro:?]  [sekiroGroup:xingtu][clientId:0f912f75-1e8b-5bc7-5f16-a45c702d4af3] client register
[2022-09-01 02:15:24,955 [sekiro-worker-3-23]  INFO Sekiro:?]  [sekiroGroup:xingtu][clientId:fc8a74ee-ab77-494d-0fed-665f12728694] client register
[2022-09-01 02:15:24,967 [sekiro-worker-3-24]  INFO Sekiro:?]  [sekiroGroup:xingtu][clientId:d27187d5-b289-0bd5-a9ed-e2ad49697090] client register
[2022-09-01 02:15:25,114 [sekiro-worker-3-25]  INFO Sekiro:?]  [sekiroGroup:xingtu][clientId:be1175ed-ad51-feaa-7013-c37f43f640af] client register
[2022-09-01 02:15:25,194 [sekiro-worker-3-26]  INFO Sekiro:?]  [sekiroGroup:xingtu][clientId:e6cb353f-0ecf-b9a7-4f7a-0c63d93be797] client register
[2022-09-01 02:15:25,207 [sekiro-worker-3-27]  INFO Sekiro:?]  [sekiroGroup:xingtu][clientId:6702616c-e824-b2e2-13d7-f28c85d7e3c1] client register
[2022-09-01 02:15:25,219 [sekiro-worker-3-28]  INFO Sekiro:?]  [sekiroGroup:xingtu][clientId:9f67875f-7b18-582c-f6a1-5a7e170cefa5] client register
[2022-09-01 02:15:25,230 [sekiro-worker-3-29]  INFO Sekiro:?]  [sekiroGroup:xingtu][clientId:525e2711-8b85-a5fe-485a-7a2e19429ede] client register
[2022-09-01 02:15:25,242 [sekiro-worker-3-30]  INFO Sekiro:?]  [sekiroGroup:xingtu][clientId:80467c73-697d-ac16-9e08-cc80d4e876c7] client register
[2022-09-01 02:15:25,255 [sekiro-worker-3-31]  INFO Sekiro:?]  [sekiroGroup:xingtu][clientId:5c68adfa-e8d9-9c41-5cca-ad28a763b165] client register
[2022-09-01 02:15:25,268 [sekiro-worker-3-32]  INFO Sekiro:?]  [sekiroGroup:xingtu][clientId:65329ec9-7ae2-132c-470f-89b7e58ba1c1] client register
[2022-09-01 02:15:25,280 [sekiro-worker-3-33]  INFO Sekiro:?]  [sekiroGroup:xingtu][clientId:6c0311db-dfa1-af71-edbc-6d7d409da287] client register
[2022-09-01 02:15:25,293 [sekiro-worker-3-34]  INFO Sekiro:?]  [sekiroGroup:xingtu][clientId:68f5bb05-9b96-f0cd-2a8e-716016731a7b] client register
[2022-09-01 02:15:25,305 [sekiro-worker-3-35]  INFO Sekiro:?]  [sekiroGroup:xingtu][clientId:c915c608-6a60-14d9-8520-f80776ed0ec6] client register
[2022-09-01 02:15:25,317 [sekiro-worker-3-36]  INFO Sekiro:?]  [sekiroGroup:xingtu][clientId:3d1db155-f2cd-f4e5-ea7d-6ec6755ba60f] client register
[2022-09-01 02:15:25,330 [sekiro-worker-3-1]  INFO Sekiro:?]  [sekiroGroup:xingtu][clientId:000ed053-53eb-b18e-ddb1-70979d243d3b] client register
[2022-09-01 02:15:25,341 [sekiro-worker-3-2]  INFO Sekiro:?]  [sekiroGroup:xingtu][clientId:19b571f8-ef40-1963-4a79-ac9df53d410e] client register
[2022-09-01 02:15:26,738 [sekiro-worker-3-3]  INFO Sekiro:?]  [sekiroGroup:xingtu][clientId:3a4c4e70-14cf-81cf-5cfa-33685a6ae540] client register
[2022-09-01 02:15:26,982 [sekiro-worker-3-4]  INFO Sekiro:?]  [sekiroGroup:xingtu][clientId:0556e040-0594-2368-6090-aff7cf40a454] client register
[2022-09-01 02:15:34,026 [group-thread-xingtu]  INFO Sekiro:?]  [sekiroGroup:xingtu][clientId:0556e040-0594-2368-6090-aff7cf40a454] forward invoke :{"_aaa":"hot_list_id0service_methodGetHotListDataservice_nameauthor.AdStarAuthorServicesign_strict1tag61e541324fe6649d1b8a2ee3","action":"sign","group":"xingtu"} to client:0556e040-0594-2368-6090-aff7cf40a454
[2022-09-01 02:15:34,026 [sekiro-worker-3-4]  INFO Sekiro:?]  [sekiroGroup:xingtu][clientId:0556e040-0594-2368-6090-aff7cf40a454][action:sign] forward invoke seq:2 request:{"_aaa":"hot_list_id0service_methodGetHotListDataservice_nameauthor.AdStarAuthorServicesign_strict1tag61e541324fe6649d1b8a2ee3","action":"sign","group":"xingtu"}
[2022-09-01 02:18:17,729 [group-thread-xingtu]  INFO Sekiro:?]  [sekiroGroup:xingtu][clientId:3a4c4e70-14cf-81cf-5cfa-33685a6ae540] forward invoke :{"_aaa":"hot_list_id0service_methodGetHotListDataservice_nameauthor.AdStarAuthorServicesign_strict1tag61e541324fe6649d1b8a2ee3","action":"sign","group":"xingtu"} to client:3a4c4e70-14cf-81cf-5cfa-33685a6ae540
[2022-09-01 02:18:17,729 [sekiro-worker-3-3]  INFO Sekiro:?]  [sekiroGroup:xingtu][clientId:3a4c4e70-14cf-81cf-5cfa-33685a6ae540][action:sign] forward invoke seq:2 request:{"_aaa":"hot_list_id0service_methodGetHotListDataservice_nameauthor.AdStarAuthorServicesign_strict1tag61e541324fe6649d1b8a2ee3","action":"sign","group":"xingtu"}
[2022-09-01 02:19:04,176 [group-thread-xingtu]  INFO Sekiro:?]  [sekiroGroup:xingtu][clientId:3dd85cf2-5369-9e95-e487-60e02aed89d6] client disconnect
[2022-09-01 02:19:04,176 [group-thread-xingtu]  INFO Sekiro:?]  [sekiroGroup:xingtu][clientId:986b30e9-7da9-7d27-6082-428531eaa2e0] client disconnect
[2022-09-01 02:19:04,176 [group-thread-xingtu]  INFO Sekiro:?]  [sekiroGroup:xingtu][clientId:5d709c7b-0686-e4ef-fbb0-88cffc7681a5] client disconnect
[2022-09-01 02:19:04,176 [group-thread-xingtu]  INFO Sekiro:?]  [sekiroGroup:xingtu][clientId:9f67875f-7b18-582c-f6a1-5a7e170cefa5] client disconnect
[2022-09-01 02:19:04,176 [group-thread-xingtu]  INFO Sekiro:?]  [sekiroGroup:xingtu][clientId:c915c608-6a60-14d9-8520-f80776ed0ec6] client disconnect
[2022-09-01 02:19:04,178 [group-thread-xingtu]  INFO Sekiro:?]  [sekiroGroup:xingtu][clientId:0556e040-0594-2368-6090-aff7cf40a454] client disconnect
[2022-09-01 02:19:04,178 [group-thread-xingtu]  INFO Sekiro:?]  [sekiroGroup:xingtu][clientId:65329ec9-7ae2-132c-470f-89b7e58ba1c1] client disconnect
[2022-09-01 02:19:04,178 [group-thread-xingtu]  INFO Sekiro:?]  [sekiroGroup:xingtu][clientId:e6cb353f-0ecf-b9a7-4f7a-0c63d93be797] client disconnect
[2022-09-01 02:19:04,178 [group-thread-xingtu]  INFO Sekiro:?]  [sekiroGroup:xingtu][clientId:5c68adfa-e8d9-9c41-5cca-ad28a763b165] client disconnect
[2022-09-01 02:19:04,178 [group-thread-xingtu]  INFO Sekiro:?]  [sekiroGroup:xingtu][clientId:d27187d5-b289-0bd5-a9ed-e2ad49697090] client disconnect
[2022-09-01 02:19:04,178 [group-thread-xingtu]  INFO Sekiro:?]  [sekiroGroup:xingtu][clientId:19b571f8-ef40-1963-4a79-ac9df53d410e] client disconnect
[2022-09-01 02:19:04,178 [group-thread-xingtu]  INFO Sekiro:?]  [sekiroGroup:xingtu][clientId:1a204b45-7e99-8798-7e09-bd1b8e42eaf8] client disconnect
[2022-09-01 02:19:04,179 [group-thread-xingtu]  INFO Sekiro:?]  [sekiroGroup:xingtu][clientId:be1175ed-ad51-feaa-7013-c37f43f640af] client disconnect
[2022-09-01 02:19:04,180 [group-thread-xingtu]  INFO Sekiro:?]  [sekiroGroup:xingtu][clientId:525e2711-8b85-a5fe-485a-7a2e19429ede] client disconnect
[2022-09-01 02:19:04,180 [group-thread-xingtu]  INFO Sekiro:?]  [sekiroGroup:xingtu][clientId:fa856adf-2499-0ba6-75de-8c2af9060714] client disconnect
[2022-09-01 02:19:04,180 [group-thread-xingtu]  INFO Sekiro:?]  [sekiroGroup:xingtu][clientId:2fd160f0-f6c0-dbc1-084c-688f660effa3] client disconnect
[2022-09-01 02:19:04,180 [group-thread-xingtu]  INFO Sekiro:?]  [sekiroGroup:xingtu][clientId:fc8a74ee-ab77-494d-0fed-665f12728694] client disconnect
[2022-09-01 02:19:04,180 [group-thread-xingtu]  INFO Sekiro:?]  [sekiroGroup:xingtu][clientId:3d1db155-f2cd-f4e5-ea7d-6ec6755ba60f] client disconnect
[2022-09-01 02:19:04,180 [group-thread-xingtu]  INFO Sekiro:?]  [sekiroGroup:xingtu][clientId:65a7ead9-0a78-7e0b-c08b-a4f9787a40be] client disconnect
[2022-09-01 02:19:04,181 [group-thread-xingtu]  INFO Sekiro:?]  [sekiroGroup:xingtu][clientId:5db683df-6ca5-132f-ba77-a19b2f21e684] client disconnect
[2022-09-01 02:19:04,181 [group-thread-xingtu]  INFO Sekiro:?]  [sekiroGroup:xingtu][clientId:0f912f75-1e8b-5bc7-5f16-a45c702d4af3] client disconnect
[2022-09-01 02:19:04,181 [group-thread-xingtu]  INFO Sekiro:?]  [sekiroGroup:xingtu][clientId:80467c73-697d-ac16-9e08-cc80d4e876c7] client disconnect
[2022-09-01 02:19:04,182 [group-thread-xingtu]  INFO Sekiro:?]  [sekiroGroup:xingtu][clientId:6c0311db-dfa1-af71-edbc-6d7d409da287] client disconnect
[2022-09-01 02:19:04,182 [group-thread-xingtu]  INFO Sekiro:?]  [sekiroGroup:xingtu][clientId:3a4c4e70-14cf-81cf-5cfa-33685a6ae540] client disconnect
[2022-09-01 02:19:04,182 [group-thread-xingtu]  INFO Sekiro:?]  [sekiroGroup:xingtu][clientId:68f5bb05-9b96-f0cd-2a8e-716016731a7b] client disconnect
[2022-09-01 02:19:04,182 [group-thread-xingtu]  INFO Sekiro:?]  [sekiroGroup:xingtu][clientId:6702616c-e824-b2e2-13d7-f28c85d7e3c1] client disconnect
[2022-09-01 02:19:04,182 [group-thread-xingtu]  INFO Sekiro:?]  [sekiroGroup:xingtu][clientId:91ff59e2-05d5-a314-1029-78793e3d2ee1] client disconnect
[2022-09-01 02:19:04,182 [group-thread-xingtu]  INFO Sekiro:?]  [sekiroGroup:xingtu][clientId:000ed053-53eb-b18e-ddb1-70979d243d3b] client disconnect
[2022-09-01 04:07:05,382 [sekiro-worker-3-1]  INFO Sekiro:?]  [sekiroGroup:xingtu][clientId:44e744cd-0226-7faa-5893-c909354107a1] client register
[2022-09-01 04:07:05,384 [sekiro-worker-3-2]  INFO Sekiro:?]  [sekiroGroup:xingtu][clientId:9b06b875-a87d-154f-212e-1adf04f153eb] client register
[2022-09-01 04:07:05,396 [sekiro-worker-3-3]  INFO Sekiro:?]  [sekiroGroup:xingtu][clientId:066d4412-6289-697b-7a28-661877d92188] client register
[2022-09-01 04:07:05,409 [sekiro-worker-3-4]  INFO Sekiro:?]  [sekiroGroup:xingtu][clientId:a322742a-d64e-de84-80b9-92d7265a8f5e] client register
[2022-09-01 04:07:05,424 [sekiro-worker-3-5]  INFO Sekiro:?]  [sekiroGroup:xingtu][clientId:722ac3d1-5d4f-d1d2-a624-f8d850b800a3] client register
[2022-09-01 04:07:05,436 [sekiro-worker-3-6]  INFO Sekiro:?]  [sekiroGroup:xingtu][clientId:c46d6ccf-2c4b-c16c-177b-0a39d0f01806] client register
[2022-09-01 04:07:05,449 [sekiro-worker-3-7]  INFO Sekiro:?]  [sekiroGroup:xingtu][clientId:394328ae-9dd0-c6b8-a35d-983a514604b4] client register
[2022-09-01 04:07:05,462 [sekiro-worker-3-8]  INFO Sekiro:?]  [sekiroGroup:xingtu][clientId:3355fb6e-a70d-2ba8-64e6-b0238cb48c42] client register
[2022-09-01 04:07:05,475 [sekiro-worker-3-9]  INFO Sekiro:?]  [sekiroGroup:xingtu][clientId:e5a5a5f4-27de-f909-f407-3984fb490c24] client register
[2022-09-01 04:07:05,488 [sekiro-worker-3-10]  INFO Sekiro:?]  [sekiroGroup:xingtu][clientId:e24dbaea-6fb3-dfa6-ad2e-a042c8e27e69] client register
[2022-09-01 04:07:05,501 [sekiro-worker-3-11]  INFO Sekiro:?]  [sekiroGroup:xingtu][clientId:27ceab24-732e-39ae-7f01-23c56fc9526c] client register
[2022-09-01 04:07:05,514 [sekiro-worker-3-12]  INFO Sekiro:?]  [sekiroGroup:xingtu][clientId:bf896bfe-6ee4-0683-1c57-c21bc76e3fe0] client register
[2022-09-01 04:07:05,529 [sekiro-worker-3-13]  INFO Sekiro:?]  [sekiroGroup:xingtu][clientId:62221abe-3d7a-b8c8-d6c5-3c820aec242f] client register
[2022-09-01 04:07:05,541 [sekiro-worker-3-14]  INFO Sekiro:?]  [sekiroGroup:xingtu][clientId:db892813-7ccb-71fb-b9c6-b130902c3e01] client register
[2022-09-01 04:07:05,554 [sekiro-worker-3-15]  INFO Sekiro:?]  [sekiroGroup:xingtu][clientId:ef38bdd5-f1b4-2385-7704-10ba02c8cfbf] client register
[2022-09-01 04:07:05,567 [sekiro-worker-3-16]  INFO Sekiro:?]  [sekiroGroup:xingtu][clientId:003767ba-9cca-b420-01b9-e4ebf2035ce9] client register
[2022-09-01 04:07:05,580 [sekiro-worker-3-17]  INFO Sekiro:?]  [sekiroGroup:xingtu][clientId:d9c18217-5c74-cc54-ae29-45ec2a2a2c98] client register
[2022-09-01 04:07:05,592 [sekiro-worker-3-18]  INFO Sekiro:?]  [sekiroGroup:xingtu][clientId:35105d91-51cf-1d99-54f4-78ca0105a660] client register
[2022-09-01 04:07:05,606 [sekiro-worker-3-19]  INFO Sekiro:?]  [sekiroGroup:xingtu][clientId:6480e7d4-7a3d-46c5-7311-b410ac9ff101] client register
[2022-09-01 04:07:05,618 [sekiro-worker-3-20]  INFO Sekiro:?]  [sekiroGroup:xingtu][clientId:650c87a8-bbb7-009f-8ddc-4185fbb71977] client register
[2022-09-01 04:07:05,630 [sekiro-worker-3-21]  INFO Sekiro:?]  [sekiroGroup:xingtu][clientId:16d710ca-6458-ba16-5b86-604e70aeb011] client register
[2022-09-01 04:07:05,642 [sekiro-worker-3-22]  INFO Sekiro:?]  [sekiroGroup:xingtu][clientId:dd969993-e74d-a794-11b7-fd3ae383c20f] client register
[2022-09-01 04:07:05,655 [sekiro-worker-3-23]  INFO Sekiro:?]  [sekiroGroup:xingtu][clientId:0a9eda03-d275-68b0-1de7-9b3c0b9e2165] client register
[2022-09-01 04:07:05,667 [sekiro-worker-3-24]  INFO Sekiro:?]  [sekiroGroup:xingtu][clientId:669f6fe7-012b-19e2-64bc-5d593288df6f] client register
[2022-09-01 04:07:05,788 [sekiro-worker-3-25]  INFO Sekiro:?]  [sekiroGroup:xingtu][clientId:d1e8d200-83d9-8952-67bd-387fff1ffbcb] client register
[2022-09-01 04:07:08,556 [sekiro-worker-3-26]  INFO Sekiro:?]  [sekiroGroup:xingtu][clientId:9b1c0667-2351-1bff-280d-eec20925d517] client register
[2022-09-01 04:46:02,473 [group-thread-xingtu]  INFO Sekiro:?]  [sekiroGroup:xingtu][clientId:9b1c0667-2351-1bff-280d-eec20925d517] forward invoke :{"_aaa":"hot_list_id0service_methodGetHotListDataservice_nameauthor.AdStarAuthorServicesign_strict1tag61e541324fe6649d1b8a2ee3","action":"sign","group":"xingtu"} to client:9b1c0667-2351-1bff-280d-eec20925d517
[2022-09-01 04:46:02,477 [sekiro-worker-3-26]  INFO Sekiro:?]  [sekiroGroup:xingtu][clientId:9b1c0667-2351-1bff-280d-eec20925d517][action:sign] forward invoke seq:2 request:{"_aaa":"hot_list_id0service_methodGetHotListDataservice_nameauthor.AdStarAuthorServicesign_strict1tag61e541324fe6649d1b8a2ee3","action":"sign","group":"xingtu"}
[2022-09-01 04:46:45,700 [group-thread-xingtu]  INFO Sekiro:?]  [sekiroGroup:xingtu][clientId:d1e8d200-83d9-8952-67bd-387fff1ffbcb] forward invoke :{"_aaa":"hot_list_id0service_methodGetHotListDataservice_nameauthor.AdStarAuthorServicesign_strict1tag61e541324fe6649d1b8a2ee3","action":"sign","group":"xingtu"} to client:d1e8d200-83d9-8952-67bd-387fff1ffbcb
[2022-09-01 04:46:45,701 [sekiro-worker-3-25]  INFO Sekiro:?]  [sekiroGroup:xingtu][clientId:d1e8d200-83d9-8952-67bd-387fff1ffbcb][action:sign] forward invoke seq:2 request:{"_aaa":"hot_list_id0service_methodGetHotListDataservice_nameauthor.AdStarAuthorServicesign_strict1tag61e541324fe6649d1b8a2ee3","action":"sign","group":"xingtu"}
[2022-09-01 04:46:49,324 [group-thread-xingtu]  INFO Sekiro:?]  [sekiroGroup:xingtu][clientId:669f6fe7-012b-19e2-64bc-5d593288df6f] forward invoke :{"_aaa":"hot_list_id0service_methodGetHotListDataservice_nameauthor.AdStarAuthorServicesign_strict1tag61e541324fe6649d1b8a2ee3","action":"sign","group":"xingtu"} to client:669f6fe7-012b-19e2-64bc-5d593288df6f
[2022-09-01 04:46:49,324 [sekiro-worker-3-24]  INFO Sekiro:?]  [sekiroGroup:xingtu][clientId:669f6fe7-012b-19e2-64bc-5d593288df6f][action:sign] forward invoke seq:2 request:{"_aaa":"hot_list_id0service_methodGetHotListDataservice_nameauthor.AdStarAuthorServicesign_strict1tag61e541324fe6649d1b8a2ee3","action":"sign","group":"xingtu"}
[2022-09-01 04:46:52,484 [group-thread-xingtu]  INFO Sekiro:?]  [sekiroGroup:xingtu][clientId:0a9eda03-d275-68b0-1de7-9b3c0b9e2165] forward invoke :{"_aaa":"hot_list_id0service_methodGetHotListDataservice_nameauthor.AdStarAuthorServicesign_strict1tag61e541324fe6649d1b8a2ee3","action":"sign","group":"xingtu"} to client:0a9eda03-d275-68b0-1de7-9b3c0b9e2165
[2022-09-01 04:46:52,485 [sekiro-worker-3-23]  INFO Sekiro:?]  [sekiroGroup:xingtu][clientId:0a9eda03-d275-68b0-1de7-9b3c0b9e2165][action:sign] forward invoke seq:2 request:{"_aaa":"hot_list_id0service_methodGetHotListDataservice_nameauthor.AdStarAuthorServicesign_strict1tag61e541324fe6649d1b8a2ee3","action":"sign","group":"xingtu"}
[2022-09-01 04:47:52,762 [group-thread-xingtu]  INFO Sekiro:?]  [sekiroGroup:xingtu][clientId:dd969993-e74d-a794-11b7-fd3ae383c20f] forward invoke :{"_aaa":"hot_list_id0service_methodGetHotListDataservice_nameauthor.AdStarAuthorServicesign_strict1tag61e541324fe6649d1b8a2ee3","action":"sign","group":"xingtu"} to client:dd969993-e74d-a794-11b7-fd3ae383c20f
[2022-09-01 04:47:52,763 [sekiro-worker-3-22]  INFO Sekiro:?]  [sekiroGroup:xingtu][clientId:dd969993-e74d-a794-11b7-fd3ae383c20f][action:sign] forward invoke seq:2 request:{"_aaa":"hot_list_id0service_methodGetHotListDataservice_nameauthor.AdStarAuthorServicesign_strict1tag61e541324fe6649d1b8a2ee3","action":"sign","group":"xingtu"}
[2022-09-01 05:07:27,166 [group-thread-xingtu]  INFO Sekiro:?]  [sekiroGroup:xingtu][clientId:16d710ca-6458-ba16-5b86-604e70aeb011] forward invoke :{"_aaa":"hot_list_id0service_methodGetHotListDataservice_nameauthor.AdStarAuthorServicesign_strict1tag61e541324fe6649d1b8a2ee3","action":"sign","group":"xingtu"} to client:16d710ca-6458-ba16-5b86-604e70aeb011
[2022-09-01 05:07:27,166 [sekiro-worker-3-21]  INFO Sekiro:?]  [sekiroGroup:xingtu][clientId:16d710ca-6458-ba16-5b86-604e70aeb011][action:sign] forward invoke seq:2 request:{"_aaa":"hot_list_id0service_methodGetHotListDataservice_nameauthor.AdStarAuthorServicesign_strict1tag61e541324fe6649d1b8a2ee3","action":"sign","group":"xingtu"}
[2022-09-01 05:29:33,552 [group-thread-xingtu]  INFO Sekiro:?]  [sekiroGroup:xingtu][clientId:650c87a8-bbb7-009f-8ddc-4185fbb71977] forward invoke :{"_aaa":"hot_list_id0service_methodGetHotListDataservice_nameauthor.AdStarAuthorServicesign_strict1tag61e541324fe6649d1b8a2ee3","action":"sign","group":"xingtu"} to client:650c87a8-bbb7-009f-8ddc-4185fbb71977
[2022-09-01 05:29:33,552 [sekiro-worker-3-20]  INFO Sekiro:?]  [sekiroGroup:xingtu][clientId:650c87a8-bbb7-009f-8ddc-4185fbb71977][action:sign] forward invoke seq:2 request:{"_aaa":"hot_list_id0service_methodGetHotListDataservice_nameauthor.AdStarAuthorServicesign_strict1tag61e541324fe6649d1b8a2ee3","action":"sign","group":"xingtu"}
[2022-09-01 05:30:01,970 [group-thread-xingtu]  INFO Sekiro:?]  [sekiroGroup:xingtu][clientId:6480e7d4-7a3d-46c5-7311-b410ac9ff101] forward invoke :{"_aaa":"hot_list_id0service_methodGetHotListDataservice_nameauthor.AdStarAuthorServicesign_strict1tag61e541324fe6649d1b8a2ee3","action":"sign","group":"xingtu"} to client:6480e7d4-7a3d-46c5-7311-b410ac9ff101
[2022-09-01 05:30:01,971 [sekiro-worker-3-19]  INFO Sekiro:?]  [sekiroGroup:xingtu][clientId:6480e7d4-7a3d-46c5-7311-b410ac9ff101][action:sign] forward invoke seq:2 request:{"_aaa":"hot_list_id0service_methodGetHotListDataservice_nameauthor.AdStarAuthorServicesign_strict1tag61e541324fe6649d1b8a2ee3","action":"sign","group":"xingtu"}
[2022-09-01 05:31:05,250 [group-thread-xingtu]  INFO Sekiro:?]  [sekiroGroup:xingtu][clientId:44e744cd-0226-7faa-5893-c909354107a1] client disconnect
[2022-09-01 05:31:05,251 [group-thread-xingtu]  INFO Sekiro:?]  [sekiroGroup:xingtu][clientId:e24dbaea-6fb3-dfa6-ad2e-a042c8e27e69] client disconnect
[2022-09-01 05:31:05,251 [group-thread-xingtu]  INFO Sekiro:?]  [sekiroGroup:xingtu][clientId:9b1c0667-2351-1bff-280d-eec20925d517] client disconnect
[2022-09-01 05:31:05,252 [group-thread-xingtu]  INFO Sekiro:?]  [sekiroGroup:xingtu][clientId:d9c18217-5c74-cc54-ae29-45ec2a2a2c98] client disconnect
[2022-09-01 05:31:05,252 [group-thread-xingtu]  INFO Sekiro:?]  [sekiroGroup:xingtu][clientId:650c87a8-bbb7-009f-8ddc-4185fbb71977] client disconnect
[2022-09-01 05:31:05,252 [group-thread-xingtu]  INFO Sekiro:?]  [sekiroGroup:xingtu][clientId:3355fb6e-a70d-2ba8-64e6-b0238cb48c42] client disconnect
[2022-09-01 05:31:05,252 [group-thread-xingtu]  INFO Sekiro:?]  [sekiroGroup:xingtu][clientId:722ac3d1-5d4f-d1d2-a624-f8d850b800a3] client disconnect
[2022-09-01 05:31:05,252 [group-thread-xingtu]  INFO Sekiro:?]  [sekiroGroup:xingtu][clientId:a322742a-d64e-de84-80b9-92d7265a8f5e] client disconnect
[2022-09-01 05:31:05,253 [group-thread-xingtu]  INFO Sekiro:?]  [sekiroGroup:xingtu][clientId:003767ba-9cca-b420-01b9-e4ebf2035ce9] client disconnect
[2022-09-01 05:31:05,254 [group-thread-xingtu]  INFO Sekiro:?]  [sekiroGroup:xingtu][clientId:27ceab24-732e-39ae-7f01-23c56fc9526c] client disconnect
[2022-09-01 05:31:05,254 [group-thread-xingtu]  INFO Sekiro:?]  [sekiroGroup:xingtu][clientId:dd969993-e74d-a794-11b7-fd3ae383c20f] client disconnect
[2022-09-01 05:31:05,254 [group-thread-xingtu]  INFO Sekiro:?]  [sekiroGroup:xingtu][clientId:9b06b875-a87d-154f-212e-1adf04f153eb] client disconnect
[2022-09-01 05:31:05,255 [group-thread-xingtu]  INFO Sekiro:?]  [sekiroGroup:xingtu][clientId:6480e7d4-7a3d-46c5-7311-b410ac9ff101] client disconnect
[2022-09-01 05:31:05,255 [group-thread-xingtu]  INFO Sekiro:?]  [sekiroGroup:xingtu][clientId:669f6fe7-012b-19e2-64bc-5d593288df6f] client disconnect
[2022-09-01 05:31:05,257 [group-thread-xingtu]  INFO Sekiro:?]  [sekiroGroup:xingtu][clientId:ef38bdd5-f1b4-2385-7704-10ba02c8cfbf] client disconnect
[2022-09-01 05:31:05,257 [group-thread-xingtu]  INFO Sekiro:?]  [sekiroGroup:xingtu][clientId:db892813-7ccb-71fb-b9c6-b130902c3e01] client disconnect
[2022-09-01 05:31:05,257 [group-thread-xingtu]  INFO Sekiro:?]  [sekiroGroup:xingtu][clientId:62221abe-3d7a-b8c8-d6c5-3c820aec242f] client disconnect
[2022-09-01 05:31:05,258 [group-thread-xingtu]  INFO Sekiro:?]  [sekiroGroup:xingtu][clientId:c46d6ccf-2c4b-c16c-177b-0a39d0f01806] client disconnect
[2022-09-01 05:31:05,258 [group-thread-xingtu]  INFO Sekiro:?]  [sekiroGroup:xingtu][clientId:066d4412-6289-697b-7a28-661877d92188] client disconnect
[2022-09-01 05:31:05,258 [group-thread-xingtu]  INFO Sekiro:?]  [sekiroGroup:xingtu][clientId:bf896bfe-6ee4-0683-1c57-c21bc76e3fe0] client disconnect
[2022-09-01 05:31:05,262 [group-thread-xingtu]  INFO Sekiro:?]  [sekiroGroup:xingtu][clientId:394328ae-9dd0-c6b8-a35d-983a514604b4] client disconnect
[2022-09-01 05:31:05,262 [group-thread-xingtu]  INFO Sekiro:?]  [sekiroGroup:xingtu][clientId:d1e8d200-83d9-8952-67bd-387fff1ffbcb] client disconnect
[2022-09-01 05:31:05,263 [group-thread-xingtu]  INFO Sekiro:?]  [sekiroGroup:xingtu][clientId:e5a5a5f4-27de-f909-f407-3984fb490c24] client disconnect
[2022-09-01 05:31:05,263 [group-thread-xingtu]  INFO Sekiro:?]  [sekiroGroup:xingtu][clientId:0a9eda03-d275-68b0-1de7-9b3c0b9e2165] client disconnect
[2022-09-01 05:31:05,264 [group-thread-xingtu]  INFO Sekiro:?]  [sekiroGroup:xingtu][clientId:16d710ca-6458-ba16-5b86-604e70aeb011] client disconnect
[2022-09-01 05:31:05,264 [group-thread-xingtu]  INFO Sekiro:?]  [sekiroGroup:xingtu][clientId:35105d91-51cf-1d99-54f4-78ca0105a660] client disconnect
