[2022-07-09 00:42:46,818 [sekiro-worker-3-1]  INFO Sekiro:?]  [sekiroGroup:tt_demo][clientId:5c11e734-9083-fa63-72fe-74b0b05ef134] client register
[2022-07-09 00:42:46,818 [sekiro-worker-3-2]  INFO Sekiro:?]  [sekiroGroup:tt_demo][clientId:0330a6f6-6ea5-eb79-188b-6f660ed8849b] client register
[2022-07-09 00:42:46,826 [sekiro-worker-3-3]  INFO Sekiro:?]  [sekiroGroup:tt_demo][clientId:9b8f103b-8399-cdc8-eec5-324474975523] client register
[2022-07-09 00:42:46,839 [sekiro-worker-3-4]  INFO Sekiro:?]  [sekiroGroup:tt_demo][clientId:8fb5c51a-3686-027e-95f0-3ef9d20671eb] client register
[2022-07-09 00:42:47,109 [sekiro-worker-3-5]  INFO Sekiro:?]  [sekiroGroup:tt_demo][clientId:a247381b-05dc-f6c4-9ebb-c508ba9ae3cf] client register
[2022-07-09 00:44:04,915 [group-thread-tt_demo]  INFO Sekiro:?]  [sekiroGroup:tt_demo][clientId:a247381b-05dc-f6c4-9ebb-c508ba9ae3cf] forward invoke :{"action":"get_tt","continue":"https://www.meituan.com/account/settoken?continue%3Dhttps%3A%2F%2Fwww.meituan.com%2Forders%2F","group":"tt_demo","risk_app":"-1","risk_platform":"1","service":"www","token_id":"DNCmLoBpSbBD6leXFdqIxA","url":"https://passport.meituan.com/account/unitivelogin?risk_partner=0","uuid":"9ee7ec93d162474f8236.1657263331.1.0.0"} to client:a247381b-05dc-f6c4-9ebb-c508ba9ae3cf
[2022-07-09 00:44:04,918 [sekiro-worker-3-5]  INFO Sekiro:?]  [sekiroGroup:tt_demo][clientId:a247381b-05dc-f6c4-9ebb-c508ba9ae3cf][action:get_tt] forward invoke seq:2 request:{"action":"get_tt","continue":"https://www.meituan.com/account/settoken?continue%3Dhttps%3A%2F%2Fwww.meituan.com%2Forders%2F","group":"tt_demo","risk_app":"-1","risk_platform":"1","service":"www","token_id":"DNCmLoBpSbBD6leXFdqIxA","url":"https://passport.meituan.com/account/unitivelogin?risk_partner=0","uuid":"9ee7ec93d162474f8236.1657263331.1.0.0"}
[2022-07-09 00:45:22,677 [group-thread-tt_demo]  INFO Sekiro:?]  [sekiroGroup:tt_demo][clientId:8fb5c51a-3686-027e-95f0-3ef9d20671eb] forward invoke :{"action":"get_tt","app_name":"toutiao_web","count":"20","group":"tt_demo","group_id":"7117939354978550279","item_id":"7117939354978550279","offset":"0","url":"https://www.toutiao.com/article/v2/tab_comments/?aid=24"} to client:8fb5c51a-3686-027e-95f0-3ef9d20671eb
[2022-07-09 00:45:22,678 [sekiro-worker-3-4]  INFO Sekiro:?]  [sekiroGroup:tt_demo][clientId:8fb5c51a-3686-027e-95f0-3ef9d20671eb][action:get_tt] forward invoke seq:2 request:{"action":"get_tt","app_name":"toutiao_web","count":"20","group":"tt_demo","group_id":"7117939354978550279","item_id":"7117939354978550279","offset":"0","url":"https://www.toutiao.com/article/v2/tab_comments/?aid=24"}
[2022-07-09 00:48:54,489 [group-thread-tt_demo]  INFO Sekiro:?]  [sekiroGroup:tt_demo][clientId:9b8f103b-8399-cdc8-eec5-324474975523] forward invoke :{"group":"tt_demo"} to client:9b8f103b-8399-cdc8-eec5-324474975523
[2022-07-09 00:48:54,489 [sekiro-worker-3-3]  INFO Sekiro:?]  [sekiroGroup:tt_demo][clientId:9b8f103b-8399-cdc8-eec5-324474975523] forward invoke seq:2 request:{"group":"tt_demo"}
[2022-07-09 00:49:31,257 [group-thread-tt_demo]  INFO Sekiro:?]  [sekiroGroup:tt_demo][clientId:5c11e734-9083-fa63-72fe-74b0b05ef134] forward invoke :{"action":"get_tt","app_name":"toutiao_web","count":"20","group":"tt_demo","group_id":"7117939354978550279","item_id":"7117939354978550279","offset":"0","url":"https://www.toutiao.com/article/v2/tab_comments/?aid=24"} to client:5c11e734-9083-fa63-72fe-74b0b05ef134
[2022-07-09 00:49:31,257 [sekiro-worker-3-1]  INFO Sekiro:?]  [sekiroGroup:tt_demo][clientId:5c11e734-9083-fa63-72fe-74b0b05ef134][action:get_tt] forward invoke seq:2 request:{"action":"get_tt","app_name":"toutiao_web","count":"20","group":"tt_demo","group_id":"7117939354978550279","item_id":"7117939354978550279","offset":"0","url":"https://www.toutiao.com/article/v2/tab_comments/?aid=24"}
[2022-07-09 00:51:37,639 [group-thread-tt_demo]  INFO Sekiro:?]  [sekiroGroup:tt_demo][clientId:9b8f103b-8399-cdc8-eec5-324474975523] client disconnect
[2022-07-09 00:51:37,640 [group-thread-tt_demo]  INFO Sekiro:?]  [sekiroGroup:tt_demo][clientId:a247381b-05dc-f6c4-9ebb-c508ba9ae3cf] client disconnect
[2022-07-09 00:51:37,640 [group-thread-tt_demo]  INFO Sekiro:?]  [sekiroGroup:tt_demo][clientId:5c11e734-9083-fa63-72fe-74b0b05ef134] client disconnect
[2022-07-09 00:51:37,640 [group-thread-tt_demo]  INFO Sekiro:?]  [sekiroGroup:tt_demo][clientId:0330a6f6-6ea5-eb79-188b-6f660ed8849b] client disconnect
[2022-07-09 00:51:37,640 [group-thread-tt_demo]  INFO Sekiro:?]  [sekiroGroup:tt_demo][clientId:8fb5c51a-3686-027e-95f0-3ef9d20671eb] client disconnect
[2022-07-09 00:51:42,947 [group-thread-tt_demo]  WARN Sekiro:?]  [sekiroGroup:tt_demo][clientId:group:tt_demo:system-fake] pool queue empty
[2022-07-09 01:37:07,099 [group-thread-tt_demo]  WARN Sekiro:?]  [sekiroGroup:tt_demo][clientId:group:tt_demo:system-fake] pool queue empty
[2022-07-09 01:40:08,806 [sekiro-worker-3-29]  INFO Sekiro:?]  [sekiroGroup:tt_demo][clientId:8ebd5eb4-acbb-d243-33a4-412ff85ff2d4] client register
[2022-07-09 01:40:31,591 [group-thread-tt_demo]  INFO Sekiro:?]  [sekiroGroup:tt_demo][clientId:8ebd5eb4-acbb-d243-33a4-412ff85ff2d4] forward invoke :{"action":"get_tt","app_name":"toutiao_web","count":"20","group":"tt_demo","group_id":"7117939354978550279","item_id":"7117939354978550279","offset":"0","url":"https://www.toutiao.com/article/v2/tab_comments/?aid=24"} to client:8ebd5eb4-acbb-d243-33a4-412ff85ff2d4
[2022-07-09 01:40:31,592 [sekiro-worker-3-29]  INFO Sekiro:?]  [sekiroGroup:tt_demo][clientId:8ebd5eb4-acbb-d243-33a4-412ff85ff2d4][action:get_tt] forward invoke seq:2 request:{"action":"get_tt","app_name":"toutiao_web","count":"20","group":"tt_demo","group_id":"7117939354978550279","item_id":"7117939354978550279","offset":"0","url":"https://www.toutiao.com/article/v2/tab_comments/?aid=24"}
[2022-07-09 01:40:48,247 [group-thread-tt_demo]  INFO Sekiro:?]  [sekiroGroup:tt_demo][clientId:8ebd5eb4-acbb-d243-33a4-412ff85ff2d4] forward invoke :{"action":"get_tt","app_name":"toutiao_web","count":"20","group":"tt_demo","group_id":"7117939354978550279","item_id":"7117939354978550279","offset":"0","url":"https://www.toutiao.com/article/v2/tab_comments/?aid=24"} to client:8ebd5eb4-acbb-d243-33a4-412ff85ff2d4
[2022-07-09 01:40:48,248 [sekiro-worker-3-29]  INFO Sekiro:?]  [sekiroGroup:tt_demo][clientId:8ebd5eb4-acbb-d243-33a4-412ff85ff2d4][action:get_tt] forward invoke seq:3 request:{"action":"get_tt","app_name":"toutiao_web","count":"20","group":"tt_demo","group_id":"7117939354978550279","item_id":"7117939354978550279","offset":"0","url":"https://www.toutiao.com/article/v2/tab_comments/?aid=24"}
[2022-07-09 01:40:54,789 [group-thread-tt_demo]  INFO Sekiro:?]  [sekiroGroup:tt_demo][clientId:8ebd5eb4-acbb-d243-33a4-412ff85ff2d4] forward invoke :{"action":"get_t","app_name":"toutiao_web","count":"20","group":"tt_demo","group_id":"7117939354978550279","item_id":"7117939354978550279","offset":"0","url":"https://www.toutiao.com/article/v2/tab_comments/?aid=24"} to client:8ebd5eb4-acbb-d243-33a4-412ff85ff2d4
[2022-07-09 01:40:54,789 [sekiro-worker-3-29]  INFO Sekiro:?]  [sekiroGroup:tt_demo][clientId:8ebd5eb4-acbb-d243-33a4-412ff85ff2d4][action:get_t] forward invoke seq:4 request:{"action":"get_t","app_name":"toutiao_web","count":"20","group":"tt_demo","group_id":"7117939354978550279","item_id":"7117939354978550279","offset":"0","url":"https://www.toutiao.com/article/v2/tab_comments/?aid=24"}
[2022-07-09 01:41:00,230 [group-thread-tt_demo]  INFO Sekiro:?]  [sekiroGroup:tt_demo][clientId:8ebd5eb4-acbb-d243-33a4-412ff85ff2d4] forward invoke :{"action":"get_tt","app_name":"toutiao_web","count":"20","group":"tt_demo","group_id":"7117939354978550279","item_id":"7117939354978550279","offset":"0","url":"https://www.toutiao.com/article/v2/tab_comments/?aid=24"} to client:8ebd5eb4-acbb-d243-33a4-412ff85ff2d4
[2022-07-09 01:41:00,231 [sekiro-worker-3-29]  INFO Sekiro:?]  [sekiroGroup:tt_demo][clientId:8ebd5eb4-acbb-d243-33a4-412ff85ff2d4][action:get_tt] forward invoke seq:5 request:{"action":"get_tt","app_name":"toutiao_web","count":"20","group":"tt_demo","group_id":"7117939354978550279","item_id":"7117939354978550279","offset":"0","url":"https://www.toutiao.com/article/v2/tab_comments/?aid=24"}
[2022-07-09 01:42:06,969 [group-thread-tt_demo]  INFO Sekiro:?]  [sekiroGroup:tt_demo][clientId:8ebd5eb4-acbb-d243-33a4-412ff85ff2d4] client disconnect
[2022-07-09 01:46:08,566 [group-thread-tt_demo]  WARN Sekiro:?]  [sekiroGroup:tt_demo][clientId:group:tt_demo:system-fake] pool queue empty
[2022-07-09 01:46:11,214 [group-thread-tt_demo]  WARN Sekiro:?]  [sekiroGroup:tt_demo][clientId:group:tt_demo:system-fake] pool queue empty
[2022-07-09 01:49:21,683 [sekiro-worker-3-7]  INFO Sekiro:?]  [sekiroGroup:tt_demo][clientId:73334e1b-b9d8-8969-2fb2-1417774791a3] client register
[2022-07-09 01:49:21,698 [sekiro-worker-3-8]  INFO Sekiro:?]  [sekiroGroup:tt_demo][clientId:f52329b3-44fc-63f4-1d6c-fa0a9bce56c1] client register
[2022-07-09 01:49:21,761 [sekiro-worker-3-9]  INFO Sekiro:?]  [sekiroGroup:tt_demo][clientId:44161812-2539-91c0-5773-8d47a0c72ceb] client register
[2022-07-09 01:49:32,345 [group-thread-tt_demo]  INFO Sekiro:?]  [sekiroGroup:tt_demo][clientId:73334e1b-b9d8-8969-2fb2-1417774791a3] client disconnect
[2022-07-09 01:49:32,345 [group-thread-tt_demo]  INFO Sekiro:?]  [sekiroGroup:tt_demo][clientId:f52329b3-44fc-63f4-1d6c-fa0a9bce56c1] client disconnect
[2022-07-09 01:49:32,345 [group-thread-tt_demo]  INFO Sekiro:?]  [sekiroGroup:tt_demo][clientId:44161812-2539-91c0-5773-8d47a0c72ceb] client disconnect
[2022-07-09 01:49:33,906 [sekiro-worker-3-11]  INFO Sekiro:?]  [sekiroGroup:tt_demo][clientId:415b79af-b4d9-51b3-75af-b3ead3170e8b] client register
[2022-07-09 01:49:33,923 [sekiro-worker-3-12]  INFO Sekiro:?]  [sekiroGroup:tt_demo][clientId:c2aa77e5-f0e9-5e86-1919-3ce39123e32d] client register
[2022-07-09 01:49:34,002 [sekiro-worker-3-13]  INFO Sekiro:?]  [sekiroGroup:tt_demo][clientId:a30c1e8f-378a-f541-a8c9-9b7f6c4de918] client register
[2022-07-09 01:50:06,875 [group-thread-tt_demo]  INFO Sekiro:?]  [sekiroGroup:tt_demo][clientId:a30c1e8f-378a-f541-a8c9-9b7f6c4de918] forward invoke :{"action":"get_tt","app_name":"toutiao_web","count":"20","group":"tt_demo","group_id":"7117939354978550279","item_id":"7117939354978550279","offset":"0","url":"https://www.toutiao.com/article/v2/tab_comments/?aid=24"} to client:a30c1e8f-378a-f541-a8c9-9b7f6c4de918
[2022-07-09 01:50:06,876 [sekiro-worker-3-13]  INFO Sekiro:?]  [sekiroGroup:tt_demo][clientId:a30c1e8f-378a-f541-a8c9-9b7f6c4de918][action:get_tt] forward invoke seq:2 request:{"action":"get_tt","app_name":"toutiao_web","count":"20","group":"tt_demo","group_id":"7117939354978550279","item_id":"7117939354978550279","offset":"0","url":"https://www.toutiao.com/article/v2/tab_comments/?aid=24"}
[2022-07-09 01:50:27,333 [group-thread-tt_demo]  INFO Sekiro:?]  [sekiroGroup:tt_demo][clientId:c2aa77e5-f0e9-5e86-1919-3ce39123e32d] client disconnect
[2022-07-09 01:50:27,335 [group-thread-tt_demo]  INFO Sekiro:?]  [sekiroGroup:tt_demo][clientId:415b79af-b4d9-51b3-75af-b3ead3170e8b] client disconnect
[2022-07-09 01:50:27,335 [group-thread-tt_demo]  INFO Sekiro:?]  [sekiroGroup:tt_demo][clientId:a30c1e8f-378a-f541-a8c9-9b7f6c4de918] client disconnect
[2022-07-09 01:50:28,802 [sekiro-worker-3-16]  INFO Sekiro:?]  [sekiroGroup:tt_demo][clientId:ff926f51-ef6b-e876-0a94-836e839d0635] client register
[2022-07-09 01:50:28,818 [sekiro-worker-3-17]  INFO Sekiro:?]  [sekiroGroup:tt_demo][clientId:dd1130ee-c311-1204-e18c-d0666ce10567] client register
[2022-07-09 01:50:28,881 [sekiro-worker-3-18]  INFO Sekiro:?]  [sekiroGroup:tt_demo][clientId:cc919066-bc0e-643b-cf2f-084f13283abe] client register
[2022-07-09 01:51:56,411 [group-thread-tt_demo]  INFO Sekiro:?]  [sekiroGroup:tt_demo][clientId:dd1130ee-c311-1204-e18c-d0666ce10567] client disconnect
[2022-07-09 01:51:56,411 [group-thread-tt_demo]  INFO Sekiro:?]  [sekiroGroup:tt_demo][clientId:cc919066-bc0e-643b-cf2f-084f13283abe] client disconnect
[2022-07-09 01:51:56,411 [group-thread-tt_demo]  INFO Sekiro:?]  [sekiroGroup:tt_demo][clientId:ff926f51-ef6b-e876-0a94-836e839d0635] client disconnect
[2022-07-09 01:52:54,648 [sekiro-worker-3-21]  INFO Sekiro:?]  [sekiroGroup:tt_demo][clientId:6c4d96f1-78b0-777f-bf57-120edbccdf1e] client register
[2022-07-09 01:52:54,680 [sekiro-worker-3-22]  INFO Sekiro:?]  [sekiroGroup:tt_demo][clientId:dc60c841-440e-25bf-ff4c-14d378fef68f] client register
[2022-07-09 01:52:54,753 [sekiro-worker-3-23]  INFO Sekiro:?]  [sekiroGroup:tt_demo][clientId:0b35fde4-36ed-d247-57a9-c25caf8c4a27] client register
[2022-07-09 01:55:06,447 [group-thread-tt_demo]  INFO Sekiro:?]  [sekiroGroup:tt_demo][clientId:dc60c841-440e-25bf-ff4c-14d378fef68f] client disconnect
[2022-07-09 01:55:06,450 [group-thread-tt_demo]  INFO Sekiro:?]  [sekiroGroup:tt_demo][clientId:6c4d96f1-78b0-777f-bf57-120edbccdf1e] client disconnect
[2022-07-09 01:55:06,450 [group-thread-tt_demo]  INFO Sekiro:?]  [sekiroGroup:tt_demo][clientId:0b35fde4-36ed-d247-57a9-c25caf8c4a27] client disconnect
[2022-07-09 01:55:08,024 [sekiro-worker-3-25]  INFO Sekiro:?]  [sekiroGroup:tt_demo][clientId:4d9d6f63-d9fd-63a8-240a-98758d368706] client register
[2022-07-09 01:55:08,056 [sekiro-worker-3-26]  INFO Sekiro:?]  [sekiroGroup:tt_demo][clientId:f4f767c5-09a5-2292-e6f3-39578ba805cd] client register
[2022-07-09 01:55:08,136 [sekiro-worker-3-27]  INFO Sekiro:?]  [sekiroGroup:tt_demo][clientId:473eab97-f9d8-fcdb-acaa-2cbba4bec0f3] client register
[2022-07-09 01:56:05,251 [group-thread-tt_demo]  INFO Sekiro:?]  [sekiroGroup:tt_demo][clientId:473eab97-f9d8-fcdb-acaa-2cbba4bec0f3] client disconnect
[2022-07-09 01:56:05,251 [group-thread-tt_demo]  INFO Sekiro:?]  [sekiroGroup:tt_demo][clientId:f4f767c5-09a5-2292-e6f3-39578ba805cd] client disconnect
[2022-07-09 01:56:05,251 [group-thread-tt_demo]  INFO Sekiro:?]  [sekiroGroup:tt_demo][clientId:4d9d6f63-d9fd-63a8-240a-98758d368706] client disconnect
[2022-07-09 01:56:06,728 [sekiro-worker-3-28]  INFO Sekiro:?]  [sekiroGroup:tt_demo][clientId:83a46c4c-5ae2-db1d-063f-8b7031835317] client register
[2022-07-09 01:56:06,743 [sekiro-worker-3-29]  INFO Sekiro:?]  [sekiroGroup:tt_demo][clientId:267172ae-0402-f065-1e52-cbe699078713] client register
[2022-07-09 01:56:06,801 [sekiro-worker-3-30]  INFO Sekiro:?]  [sekiroGroup:tt_demo][clientId:40c88b08-a889-0230-fbe7-5cd249841aa5] client register
[2022-07-09 01:58:00,955 [group-thread-tt_demo]  INFO Sekiro:?]  [sekiroGroup:tt_demo][clientId:83a46c4c-5ae2-db1d-063f-8b7031835317] client disconnect
[2022-07-09 01:58:00,956 [group-thread-tt_demo]  INFO Sekiro:?]  [sekiroGroup:tt_demo][clientId:267172ae-0402-f065-1e52-cbe699078713] client disconnect
[2022-07-09 01:58:00,957 [group-thread-tt_demo]  INFO Sekiro:?]  [sekiroGroup:tt_demo][clientId:40c88b08-a889-0230-fbe7-5cd249841aa5] client disconnect
[2022-07-09 13:25:21,077 [sekiro-worker-3-1]  INFO Sekiro:?]  [sekiroGroup:tt_demo][clientId:dee7ffcd-88cc-8d29-aeb2-fce905b2c3d2] client register
[2022-07-09 13:25:21,333 [sekiro-worker-3-5]  INFO Sekiro:?]  [sekiroGroup:tt_demo][clientId:667205a0-5e15-fdb9-5c51-b879abfeeedd] client register
[2022-07-09 13:27:03,000 [group-thread-tt_demo]  INFO Sekiro:?]  [sekiroGroup:tt_demo][clientId:667205a0-5e15-fdb9-5c51-b879abfeeedd] client disconnect
[2022-07-09 13:27:03,001 [group-thread-tt_demo]  INFO Sekiro:?]  [sekiroGroup:tt_demo][clientId:dee7ffcd-88cc-8d29-aeb2-fce905b2c3d2] client disconnect
[2022-07-09 13:27:03,817 [sekiro-worker-3-6]  INFO Sekiro:?]  [sekiroGroup:tt_demo][clientId:95fb81bb-a011-7c51-996b-82dd751da0b4] client register
[2022-07-09 13:27:10,667 [group-thread-tt_demo]  INFO Sekiro:?]  [sekiroGroup:tt_demo][clientId:95fb81bb-a011-7c51-996b-82dd751da0b4] client disconnect
[2022-07-09 13:27:11,500 [sekiro-worker-3-10]  INFO Sekiro:?]  [sekiroGroup:tt_demo][clientId:71d6e40a-d7f7-e323-c71f-cf5109006d37] client register
[2022-07-09 13:28:11,817 [group-thread-tt_demo]  INFO Sekiro:?]  [sekiroGroup:tt_demo][clientId:71d6e40a-d7f7-e323-c71f-cf5109006d37] client disconnect
[2022-07-09 13:29:47,669 [group-thread-tt_demo]  WARN Sekiro:?]  [sekiroGroup:tt_demo][clientId:group:tt_demo:system-fake] pool queue empty
[2022-07-09 13:29:50,527 [group-thread-tt_demo]  WARN Sekiro:?]  [sekiroGroup:tt_demo][clientId:group:tt_demo:system-fake] pool queue empty
[2022-07-09 13:33:48,228 [group-thread-tt_demo]  WARN Sekiro:?]  [sekiroGroup:tt_demo][clientId:group:tt_demo:system-fake] pool queue empty
[2022-07-09 13:33:53,382 [group-thread-tt_demo]  WARN Sekiro:?]  [sekiroGroup:tt_demo][clientId:group:tt_demo:system-fake] pool queue empty
[2022-07-09 13:55:30,327 [sekiro-worker-3-16]  INFO Sekiro:?]  [sekiroGroup:tt_demo][clientId:ceac8191-fdf9-08c6-8fd3-9c1eee80c4fe] client register
[2022-07-09 13:55:30,341 [sekiro-worker-3-17]  INFO Sekiro:?]  [sekiroGroup:tt_demo][clientId:2f71259e-23f1-1d3c-c1ab-b74fd10b7d95] client register
[2022-07-09 13:55:30,354 [sekiro-worker-3-18]  INFO Sekiro:?]  [sekiroGroup:tt_demo][clientId:57dbe094-9d8e-4abe-7965-f96166271d48] client register
[2022-07-09 13:55:30,464 [sekiro-worker-3-19]  INFO Sekiro:?]  [sekiroGroup:tt_demo][clientId:6ce7a4f1-7d76-9f3b-e16e-70d0b5b68cfe] client register
[2022-07-09 13:55:35,045 [group-thread-tt_demo]  INFO Sekiro:?]  [sekiroGroup:tt_demo][clientId:6ce7a4f1-7d76-9f3b-e16e-70d0b5b68cfe] forward invoke :{"action":"get_tt","app_name":"toutiao_web","count":"20","group":"tt_demo","group_id":"7117939354978550279","item_id":"7117939354978550279","offset":"0","url":"https://www.toutiao.com/article/v2/tab_comments/?aid=24"} to client:6ce7a4f1-7d76-9f3b-e16e-70d0b5b68cfe
[2022-07-09 13:55:35,045 [sekiro-worker-3-19]  INFO Sekiro:?]  [sekiroGroup:tt_demo][clientId:6ce7a4f1-7d76-9f3b-e16e-70d0b5b68cfe][action:get_tt] forward invoke seq:2 request:{"action":"get_tt","app_name":"toutiao_web","count":"20","group":"tt_demo","group_id":"7117939354978550279","item_id":"7117939354978550279","offset":"0","url":"https://www.toutiao.com/article/v2/tab_comments/?aid=24"}
[2022-07-09 13:55:44,138 [group-thread-tt_demo]  INFO Sekiro:?]  [sekiroGroup:tt_demo][clientId:57dbe094-9d8e-4abe-7965-f96166271d48] forward invoke :{"action":"get_tt","app_name":"toutiao_web","count":"20","group":"tt_demo","group_id":"7117939354978550279","item_id":"7117939354978550279","offset":"0","url":"https://www.toutiao.com/article/v2/tab_comments/?aid=24"} to client:57dbe094-9d8e-4abe-7965-f96166271d48
[2022-07-09 13:55:44,138 [sekiro-worker-3-18]  INFO Sekiro:?]  [sekiroGroup:tt_demo][clientId:57dbe094-9d8e-4abe-7965-f96166271d48][action:get_tt] forward invoke seq:2 request:{"action":"get_tt","app_name":"toutiao_web","count":"20","group":"tt_demo","group_id":"7117939354978550279","item_id":"7117939354978550279","offset":"0","url":"https://www.toutiao.com/article/v2/tab_comments/?aid=24"}
[2022-07-09 13:56:24,653 [group-thread-tt_demo]  INFO Sekiro:?]  [sekiroGroup:tt_demo][clientId:2f71259e-23f1-1d3c-c1ab-b74fd10b7d95] forward invoke :{"action":"get_tt","app_name":"toutiao_web","count":"20","group":"tt_demo","group_id":"7117939354978550279","item_id":"7117939354978550279","offset":"0","url":"https://www.toutiao.com/article/v2/tab_comments/?aid=24"} to client:2f71259e-23f1-1d3c-c1ab-b74fd10b7d95
[2022-07-09 13:56:24,653 [sekiro-worker-3-17]  INFO Sekiro:?]  [sekiroGroup:tt_demo][clientId:2f71259e-23f1-1d3c-c1ab-b74fd10b7d95][action:get_tt] forward invoke seq:2 request:{"action":"get_tt","app_name":"toutiao_web","count":"20","group":"tt_demo","group_id":"7117939354978550279","item_id":"7117939354978550279","offset":"0","url":"https://www.toutiao.com/article/v2/tab_comments/?aid=24"}
[2022-07-09 13:57:17,278 [group-thread-tt_demo]  INFO Sekiro:?]  [sekiroGroup:tt_demo][clientId:2f71259e-23f1-1d3c-c1ab-b74fd10b7d95] client disconnect
[2022-07-09 13:57:17,278 [group-thread-tt_demo]  INFO Sekiro:?]  [sekiroGroup:tt_demo][clientId:ceac8191-fdf9-08c6-8fd3-9c1eee80c4fe] client disconnect
[2022-07-09 13:57:17,280 [group-thread-tt_demo]  INFO Sekiro:?]  [sekiroGroup:tt_demo][clientId:57dbe094-9d8e-4abe-7965-f96166271d48] client disconnect
[2022-07-09 13:57:17,280 [group-thread-tt_demo]  INFO Sekiro:?]  [sekiroGroup:tt_demo][clientId:6ce7a4f1-7d76-9f3b-e16e-70d0b5b68cfe] client disconnect
[2022-07-09 14:01:31,415 [sekiro-worker-3-24]  INFO Sekiro:?]  [sekiroGroup:tt_demo][clientId:284f1acc-28ee-16dd-d7a0-748fc88c9981] client register
[2022-07-09 14:01:31,429 [sekiro-worker-3-25]  INFO Sekiro:?]  [sekiroGroup:tt_demo][clientId:c17a7586-ee7f-1c9b-72da-e2b141c9e7c1] client register
[2022-07-09 14:01:31,516 [sekiro-worker-3-26]  INFO Sekiro:?]  [sekiroGroup:tt_demo][clientId:092d2578-a77c-f5c5-8c5b-ade660082976] client register
[2022-07-09 14:01:38,157 [group-thread-tt_demo]  INFO Sekiro:?]  [sekiroGroup:tt_demo][clientId:092d2578-a77c-f5c5-8c5b-ade660082976] forward invoke :{"action":"get_tt","app_name":"toutiao_web","count":"20","group":"tt_demo","group_id":"7117939354978550279","item_id":"7117939354978550279","offset":"0","url":"https://www.toutiao.com/article/v2/tab_comments/?aid=24"} to client:092d2578-a77c-f5c5-8c5b-ade660082976
[2022-07-09 14:01:38,157 [sekiro-worker-3-26]  INFO Sekiro:?]  [sekiroGroup:tt_demo][clientId:092d2578-a77c-f5c5-8c5b-ade660082976][action:get_tt] forward invoke seq:2 request:{"action":"get_tt","app_name":"toutiao_web","count":"20","group":"tt_demo","group_id":"7117939354978550279","item_id":"7117939354978550279","offset":"0","url":"https://www.toutiao.com/article/v2/tab_comments/?aid=24"}
[2022-07-09 14:02:40,102 [sekiro-worker-3-30]  INFO Sekiro:?]  [sekiroGroup:tt_demo][clientId:b264d110-b907-54cf-0806-cae79be0362e] client register
[2022-07-09 14:03:10,315 [group-thread-tt_demo]  INFO Sekiro:?]  [sekiroGroup:tt_demo][clientId:b264d110-b907-54cf-0806-cae79be0362e] forward invoke :{"action":"get_tt","aid":"24","app_name":"toutiao_web","category":"pc_profile_recommend","group":"tt_demo","max_behot_time":"1657346360","url":"https://www.toutiao.com/api/pc/list/feed?channel_id=0"} to client:b264d110-b907-54cf-0806-cae79be0362e
[2022-07-09 14:03:10,315 [sekiro-worker-3-30]  INFO Sekiro:?]  [sekiroGroup:tt_demo][clientId:b264d110-b907-54cf-0806-cae79be0362e][action:get_tt] forward invoke seq:2 request:{"action":"get_tt","aid":"24","app_name":"toutiao_web","category":"pc_profile_recommend","group":"tt_demo","max_behot_time":"1657346360","url":"https://www.toutiao.com/api/pc/list/feed?channel_id=0"}
[2022-07-09 14:04:14,697 [sekiro-worker-3-1]  INFO Sekiro:?]  [sekiroGroup:tt_demo][clientId:b264d110-b907-54cf-0806-cae79be0362e] client register
[2022-07-09 14:04:14,697 [sekiro-worker-3-2]  INFO Sekiro:?]  [sekiroGroup:tt_demo][clientId:092d2578-a77c-f5c5-8c5b-ade660082976] client register
[2022-07-09 14:04:14,711 [sekiro-worker-3-3]  INFO Sekiro:?]  [sekiroGroup:tt_demo][clientId:c17a7586-ee7f-1c9b-72da-e2b141c9e7c1] client register
[2022-07-09 14:04:15,514 [sekiro-worker-3-4]  INFO Sekiro:?]  [sekiroGroup:tt_demo][clientId:284f1acc-28ee-16dd-d7a0-748fc88c9981] client register
[2022-07-09 14:07:38,711 [group-thread-tt_demo]  INFO Sekiro:?]  [sekiroGroup:tt_demo][clientId:092d2578-a77c-f5c5-8c5b-ade660082976] client disconnect
[2022-07-09 14:07:38,711 [group-thread-tt_demo]  INFO Sekiro:?]  [sekiroGroup:tt_demo][clientId:c17a7586-ee7f-1c9b-72da-e2b141c9e7c1] client disconnect
[2022-07-09 14:07:38,711 [group-thread-tt_demo]  INFO Sekiro:?]  [sekiroGroup:tt_demo][clientId:284f1acc-28ee-16dd-d7a0-748fc88c9981] client disconnect
[2022-07-09 14:07:38,711 [group-thread-tt_demo]  INFO Sekiro:?]  [sekiroGroup:tt_demo][clientId:b264d110-b907-54cf-0806-cae79be0362e] client disconnect
[2022-07-09 14:18:29,951 [sekiro-worker-3-13]  INFO Sekiro:?]  [sekiroGroup:tt_demo][clientId:391eb263-5f76-701b-d31a-ee1996eb5ccc] client register
[2022-07-09 14:18:29,964 [sekiro-worker-3-14]  INFO Sekiro:?]  [sekiroGroup:tt_demo][clientId:a9445e95-f86b-ee70-7fd9-bd08b5aa6cf1] client register
[2022-07-09 14:18:30,084 [sekiro-worker-3-15]  INFO Sekiro:?]  [sekiroGroup:tt_demo][clientId:b29ba10a-7a83-6ee7-e315-118432f29e4c] client register
[2022-07-09 14:18:35,223 [group-thread-tt_demo]  INFO Sekiro:?]  [sekiroGroup:tt_demo][clientId:b29ba10a-7a83-6ee7-e315-118432f29e4c] forward invoke :{"action":"get_tt","aid":"24","app_name":"toutiao_web","category":"pc_profile_recommend","group":"tt_demo","max_behot_time":"1657346360","url":"https://www.toutiao.com/api/pc/list/feed?channel_id=0"} to client:b29ba10a-7a83-6ee7-e315-118432f29e4c
[2022-07-09 14:18:35,225 [sekiro-worker-3-15]  INFO Sekiro:?]  [sekiroGroup:tt_demo][clientId:b29ba10a-7a83-6ee7-e315-118432f29e4c][action:get_tt] forward invoke seq:2 request:{"action":"get_tt","aid":"24","app_name":"toutiao_web","category":"pc_profile_recommend","group":"tt_demo","max_behot_time":"1657346360","url":"https://www.toutiao.com/api/pc/list/feed?channel_id=0"}
[2022-07-09 14:20:52,471 [group-thread-tt_demo]  INFO Sekiro:?]  [sekiroGroup:tt_demo][clientId:b29ba10a-7a83-6ee7-e315-118432f29e4c] client disconnect
[2022-07-09 14:20:52,471 [group-thread-tt_demo]  INFO Sekiro:?]  [sekiroGroup:tt_demo][clientId:a9445e95-f86b-ee70-7fd9-bd08b5aa6cf1] client disconnect
[2022-07-09 14:20:52,471 [group-thread-tt_demo]  INFO Sekiro:?]  [sekiroGroup:tt_demo][clientId:391eb263-5f76-701b-d31a-ee1996eb5ccc] client disconnect
[2022-07-09 14:20:53,982 [sekiro-worker-3-17]  INFO Sekiro:?]  [sekiroGroup:tt_demo][clientId:3685400c-6707-dd9d-1488-d8e709639995] client register
[2022-07-09 14:20:54,007 [sekiro-worker-3-18]  INFO Sekiro:?]  [sekiroGroup:tt_demo][clientId:b78542c6-d9d0-deb4-1773-e711d8355384] client register
[2022-07-09 14:20:54,054 [sekiro-worker-3-19]  INFO Sekiro:?]  [sekiroGroup:tt_demo][clientId:5c764cff-3c95-71aa-2e56-a298745f1292] client register
[2022-07-09 14:21:10,588 [group-thread-tt_demo]  INFO Sekiro:?]  [sekiroGroup:tt_demo][clientId:5c764cff-3c95-71aa-2e56-a298745f1292] forward invoke :{"action":"get_tt","aid":"24","app_name":"toutiao_web","category":"pc_profile_recommend","group":"tt_demo","max_behot_time":"1657346360","url":"https://www.toutiao.com/api/pc/list/feed?channel_id=0"} to client:5c764cff-3c95-71aa-2e56-a298745f1292
[2022-07-09 14:21:10,588 [sekiro-worker-3-19]  INFO Sekiro:?]  [sekiroGroup:tt_demo][clientId:5c764cff-3c95-71aa-2e56-a298745f1292][action:get_tt] forward invoke seq:2 request:{"action":"get_tt","aid":"24","app_name":"toutiao_web","category":"pc_profile_recommend","group":"tt_demo","max_behot_time":"1657346360","url":"https://www.toutiao.com/api/pc/list/feed?channel_id=0"}
[2022-07-09 14:21:47,011 [group-thread-tt_demo]  INFO Sekiro:?]  [sekiroGroup:tt_demo][clientId:b78542c6-d9d0-deb4-1773-e711d8355384] forward invoke :{"action":"get_tt","aid":"24","app_name":"toutiao_web","category":"pc_profile_recommend","group":"tt_demo","max_behot_time":"1657346360","url":"https://www.toutiao.com/api/pc/list/feed?channel_id=0"} to client:b78542c6-d9d0-deb4-1773-e711d8355384
[2022-07-09 14:21:47,011 [sekiro-worker-3-18]  INFO Sekiro:?]  [sekiroGroup:tt_demo][clientId:b78542c6-d9d0-deb4-1773-e711d8355384][action:get_tt] forward invoke seq:2 request:{"action":"get_tt","aid":"24","app_name":"toutiao_web","category":"pc_profile_recommend","group":"tt_demo","max_behot_time":"1657346360","url":"https://www.toutiao.com/api/pc/list/feed?channel_id=0"}
[2022-07-09 14:21:49,874 [group-thread-tt_demo]  INFO Sekiro:?]  [sekiroGroup:tt_demo][clientId:3685400c-6707-dd9d-1488-d8e709639995] forward invoke :{"action":"get_tt","aid":"24","app_name":"toutiao_web","category":"pc_profile_recommend","group":"tt_demo","max_behot_time":"1657346360","url":"https://www.toutiao.com/api/pc/list/feed?channel_id=0"} to client:3685400c-6707-dd9d-1488-d8e709639995
[2022-07-09 14:21:49,875 [sekiro-worker-3-17]  INFO Sekiro:?]  [sekiroGroup:tt_demo][clientId:3685400c-6707-dd9d-1488-d8e709639995][action:get_tt] forward invoke seq:2 request:{"action":"get_tt","aid":"24","app_name":"toutiao_web","category":"pc_profile_recommend","group":"tt_demo","max_behot_time":"1657346360","url":"https://www.toutiao.com/api/pc/list/feed?channel_id=0"}
[2022-07-09 14:21:52,051 [group-thread-tt_demo]  INFO Sekiro:?]  [sekiroGroup:tt_demo][clientId:5c764cff-3c95-71aa-2e56-a298745f1292] forward invoke :{"action":"get_tt","aid":"24","app_name":"toutiao_web","category":"pc_profile_recommend","group":"tt_demo","max_behot_time":"1657346360","url":"https://www.toutiao.com/api/pc/list/feed?channel_id=0"} to client:5c764cff-3c95-71aa-2e56-a298745f1292
[2022-07-09 14:21:52,051 [sekiro-worker-3-19]  INFO Sekiro:?]  [sekiroGroup:tt_demo][clientId:5c764cff-3c95-71aa-2e56-a298745f1292][action:get_tt] forward invoke seq:3 request:{"action":"get_tt","aid":"24","app_name":"toutiao_web","category":"pc_profile_recommend","group":"tt_demo","max_behot_time":"1657346360","url":"https://www.toutiao.com/api/pc/list/feed?channel_id=0"}
[2022-07-09 14:21:59,721 [group-thread-tt_demo]  INFO Sekiro:?]  [sekiroGroup:tt_demo][clientId:3685400c-6707-dd9d-1488-d8e709639995] client disconnect
[2022-07-09 14:21:59,722 [group-thread-tt_demo]  INFO Sekiro:?]  [sekiroGroup:tt_demo][clientId:5c764cff-3c95-71aa-2e56-a298745f1292] client disconnect
[2022-07-09 14:21:59,722 [group-thread-tt_demo]  INFO Sekiro:?]  [sekiroGroup:tt_demo][clientId:b78542c6-d9d0-deb4-1773-e711d8355384] client disconnect
[2022-07-09 14:22:01,344 [sekiro-worker-3-24]  INFO Sekiro:?]  [sekiroGroup:tt_demo][clientId:30a62e7d-af12-f7a2-9f26-721265754f79] client register
[2022-07-09 14:22:01,357 [sekiro-worker-3-25]  INFO Sekiro:?]  [sekiroGroup:tt_demo][clientId:38d9155c-4176-4e57-df8a-088c6a72f8df] client register
[2022-07-09 14:22:01,475 [sekiro-worker-3-26]  INFO Sekiro:?]  [sekiroGroup:tt_demo][clientId:970c18b1-8016-751d-4b26-cef268f1a2dc] client register
[2022-07-09 14:22:23,864 [group-thread-tt_demo]  INFO Sekiro:?]  [sekiroGroup:tt_demo][clientId:970c18b1-8016-751d-4b26-cef268f1a2dc] forward invoke :{"action":"get_tt","aid":"24","app_name":"toutiao_web","category":"pc_profile_recommend","group":"tt_demo","max_behot_time":"1657346360","url":"https://www.toutiao.com/api/pc/list/feed?channel_id=0"} to client:970c18b1-8016-751d-4b26-cef268f1a2dc
[2022-07-09 14:22:23,864 [sekiro-worker-3-26]  INFO Sekiro:?]  [sekiroGroup:tt_demo][clientId:970c18b1-8016-751d-4b26-cef268f1a2dc][action:get_tt] forward invoke seq:2 request:{"action":"get_tt","aid":"24","app_name":"toutiao_web","category":"pc_profile_recommend","group":"tt_demo","max_behot_time":"1657346360","url":"https://www.toutiao.com/api/pc/list/feed?channel_id=0"}
[2022-07-09 14:23:40,596 [group-thread-tt_demo]  INFO Sekiro:?]  [sekiroGroup:tt_demo][clientId:38d9155c-4176-4e57-df8a-088c6a72f8df] forward invoke :{"action":"get_tt","group":"tt_demo","url":"https://tsearch.snssdk.com/search/suggest/hot_words/"} to client:38d9155c-4176-4e57-df8a-088c6a72f8df
[2022-07-09 14:23:40,596 [sekiro-worker-3-25]  INFO Sekiro:?]  [sekiroGroup:tt_demo][clientId:38d9155c-4176-4e57-df8a-088c6a72f8df][action:get_tt] forward invoke seq:2 request:{"action":"get_tt","group":"tt_demo","url":"https://tsearch.snssdk.com/search/suggest/hot_words/"}
[2022-07-09 14:23:49,746 [group-thread-tt_demo]  INFO Sekiro:?]  [sekiroGroup:tt_demo][clientId:30a62e7d-af12-f7a2-9f26-721265754f79] forward invoke :{"action":"get_tt","group":"tt_demo","url":"https://tsearch.snssdk.com/search/suggest/hot_words/"} to client:30a62e7d-af12-f7a2-9f26-721265754f79
[2022-07-09 14:23:49,747 [sekiro-worker-3-24]  INFO Sekiro:?]  [sekiroGroup:tt_demo][clientId:30a62e7d-af12-f7a2-9f26-721265754f79][action:get_tt] forward invoke seq:2 request:{"action":"get_tt","group":"tt_demo","url":"https://tsearch.snssdk.com/search/suggest/hot_words/"}
[2022-07-09 14:24:03,789 [group-thread-tt_demo]  INFO Sekiro:?]  [sekiroGroup:tt_demo][clientId:970c18b1-8016-751d-4b26-cef268f1a2dc] forward invoke :{"action":"get_tt","group":"tt_demo","url":"https://tsearch.snssdk.com/search/suggest/hot_words/"} to client:970c18b1-8016-751d-4b26-cef268f1a2dc
[2022-07-09 14:24:03,789 [sekiro-worker-3-26]  INFO Sekiro:?]  [sekiroGroup:tt_demo][clientId:970c18b1-8016-751d-4b26-cef268f1a2dc][action:get_tt] forward invoke seq:3 request:{"action":"get_tt","group":"tt_demo","url":"https://tsearch.snssdk.com/search/suggest/hot_words/"}
[2022-07-09 14:24:22,562 [group-thread-tt_demo]  INFO Sekiro:?]  [sekiroGroup:tt_demo][clientId:38d9155c-4176-4e57-df8a-088c6a72f8df] forward invoke :{"action":"get_tt","group":"tt_demo","url":"https://tsearch.snssdk.com/search/suggest/hot_words/"} to client:38d9155c-4176-4e57-df8a-088c6a72f8df
[2022-07-09 14:24:22,563 [sekiro-worker-3-25]  INFO Sekiro:?]  [sekiroGroup:tt_demo][clientId:38d9155c-4176-4e57-df8a-088c6a72f8df][action:get_tt] forward invoke seq:3 request:{"action":"get_tt","group":"tt_demo","url":"https://tsearch.snssdk.com/search/suggest/hot_words/"}
[2022-07-09 14:26:10,528 [group-thread-tt_demo]  INFO Sekiro:?]  [sekiroGroup:tt_demo][clientId:970c18b1-8016-751d-4b26-cef268f1a2dc] client disconnect
[2022-07-09 14:26:10,528 [group-thread-tt_demo]  INFO Sekiro:?]  [sekiroGroup:tt_demo][clientId:30a62e7d-af12-f7a2-9f26-721265754f79] client disconnect
[2022-07-09 14:26:10,532 [group-thread-tt_demo]  INFO Sekiro:?]  [sekiroGroup:tt_demo][clientId:38d9155c-4176-4e57-df8a-088c6a72f8df] client disconnect
[2022-07-09 14:26:12,073 [sekiro-worker-3-32]  INFO Sekiro:?]  [sekiroGroup:tt_demo][clientId:523abc1c-cf63-2e27-4fee-1d8fe135bdeb] client register
[2022-07-09 14:26:12,110 [sekiro-worker-3-33]  INFO Sekiro:?]  [sekiroGroup:tt_demo][clientId:aaad7c10-e281-b437-983e-d35407485c2a] client register
[2022-07-09 14:26:12,193 [sekiro-worker-3-34]  INFO Sekiro:?]  [sekiroGroup:tt_demo][clientId:19f18ac5-0d76-feef-6def-a0683cf63994] client register
[2022-07-09 14:26:16,294 [group-thread-tt_demo]  INFO Sekiro:?]  [sekiroGroup:tt_demo][clientId:19f18ac5-0d76-feef-6def-a0683cf63994] forward invoke :{"action":"get_tt","group":"tt_demo","url":"https://tsearch.snssdk.com/search/suggest/hot_words/"} to client:19f18ac5-0d76-feef-6def-a0683cf63994
[2022-07-09 14:26:16,294 [sekiro-worker-3-34]  INFO Sekiro:?]  [sekiroGroup:tt_demo][clientId:19f18ac5-0d76-feef-6def-a0683cf63994][action:get_tt] forward invoke seq:2 request:{"action":"get_tt","group":"tt_demo","url":"https://tsearch.snssdk.com/search/suggest/hot_words/"}
[2022-07-09 14:26:21,900 [group-thread-tt_demo]  INFO Sekiro:?]  [sekiroGroup:tt_demo][clientId:aaad7c10-e281-b437-983e-d35407485c2a] forward invoke :{"action":"get_tt","group":"tt_demo","url":"https://tsearch.snssdk.com/search/suggest/hot_words/"} to client:aaad7c10-e281-b437-983e-d35407485c2a
[2022-07-09 14:26:21,900 [sekiro-worker-3-33]  INFO Sekiro:?]  [sekiroGroup:tt_demo][clientId:aaad7c10-e281-b437-983e-d35407485c2a][action:get_tt] forward invoke seq:2 request:{"action":"get_tt","group":"tt_demo","url":"https://tsearch.snssdk.com/search/suggest/hot_words/"}
[2022-07-09 14:26:25,364 [group-thread-tt_demo]  INFO Sekiro:?]  [sekiroGroup:tt_demo][clientId:523abc1c-cf63-2e27-4fee-1d8fe135bdeb] forward invoke :{"action":"get_tt","group":"tt_demo","url":"https://tsearch.snssdk.com/search/suggest/hot_words/"} to client:523abc1c-cf63-2e27-4fee-1d8fe135bdeb
[2022-07-09 14:26:25,364 [sekiro-worker-3-32]  INFO Sekiro:?]  [sekiroGroup:tt_demo][clientId:523abc1c-cf63-2e27-4fee-1d8fe135bdeb][action:get_tt] forward invoke seq:2 request:{"action":"get_tt","group":"tt_demo","url":"https://tsearch.snssdk.com/search/suggest/hot_words/"}
[2022-07-09 14:26:29,114 [group-thread-tt_demo]  INFO Sekiro:?]  [sekiroGroup:tt_demo][clientId:19f18ac5-0d76-feef-6def-a0683cf63994] forward invoke :{"action":"get_tt","group":"tt_demo","url":"https://tsearch.snssdk.com/search/suggest/hot_words/"} to client:19f18ac5-0d76-feef-6def-a0683cf63994
[2022-07-09 14:26:29,114 [sekiro-worker-3-34]  INFO Sekiro:?]  [sekiroGroup:tt_demo][clientId:19f18ac5-0d76-feef-6def-a0683cf63994][action:get_tt] forward invoke seq:3 request:{"action":"get_tt","group":"tt_demo","url":"https://tsearch.snssdk.com/search/suggest/hot_words/"}
[2022-07-09 14:37:08,084 [group-thread-tt_demo]  INFO Sekiro:?]  [sekiroGroup:tt_demo][clientId:aaad7c10-e281-b437-983e-d35407485c2a] forward invoke :{"action":"get_tt","group":"tt_demo","url":"https://tsearch.snssdk.com/search/suggest/hot_words/"} to client:aaad7c10-e281-b437-983e-d35407485c2a
[2022-07-09 14:37:08,085 [sekiro-worker-3-33]  INFO Sekiro:?]  [sekiroGroup:tt_demo][clientId:aaad7c10-e281-b437-983e-d35407485c2a][action:get_tt] forward invoke seq:3 request:{"action":"get_tt","group":"tt_demo","url":"https://tsearch.snssdk.com/search/suggest/hot_words/"}
[2022-07-09 14:39:10,779 [group-thread-tt_demo]  INFO Sekiro:?]  [sekiroGroup:tt_demo][clientId:523abc1c-cf63-2e27-4fee-1d8fe135bdeb] forward invoke :{"action":"get_tt","group":"tt_demo","url":"https://tsearch.snssdk.com/search/suggest/hot_words/"} to client:523abc1c-cf63-2e27-4fee-1d8fe135bdeb
[2022-07-09 14:39:10,779 [sekiro-worker-3-32]  INFO Sekiro:?]  [sekiroGroup:tt_demo][clientId:523abc1c-cf63-2e27-4fee-1d8fe135bdeb][action:get_tt] forward invoke seq:3 request:{"action":"get_tt","group":"tt_demo","url":"https://tsearch.snssdk.com/search/suggest/hot_words/"}
[2022-07-09 14:39:31,427 [group-thread-tt_demo]  INFO Sekiro:?]  [sekiroGroup:tt_demo][clientId:19f18ac5-0d76-feef-6def-a0683cf63994] forward invoke :{"action":"get_tt","group":"tt_demo","url":"https://tsearch.snssdk.com/search/suggest/hot_words/"} to client:19f18ac5-0d76-feef-6def-a0683cf63994
[2022-07-09 14:39:31,428 [sekiro-worker-3-34]  INFO Sekiro:?]  [sekiroGroup:tt_demo][clientId:19f18ac5-0d76-feef-6def-a0683cf63994][action:get_tt] forward invoke seq:4 request:{"action":"get_tt","group":"tt_demo","url":"https://tsearch.snssdk.com/search/suggest/hot_words/"}
[2022-07-09 14:40:16,542 [group-thread-tt_demo]  INFO Sekiro:?]  [sekiroGroup:tt_demo][clientId:aaad7c10-e281-b437-983e-d35407485c2a] forward invoke :{"action":"get_tt","group":"tt_demo","url":"https://tsearch.snssdk.com/search/suggest/hot_words/"} to client:aaad7c10-e281-b437-983e-d35407485c2a
[2022-07-09 14:40:16,543 [sekiro-worker-3-33]  INFO Sekiro:?]  [sekiroGroup:tt_demo][clientId:aaad7c10-e281-b437-983e-d35407485c2a][action:get_tt] forward invoke seq:4 request:{"action":"get_tt","group":"tt_demo","url":"https://tsearch.snssdk.com/search/suggest/hot_words/"}
[2022-07-09 14:41:14,112 [group-thread-tt_demo]  INFO Sekiro:?]  [sekiroGroup:tt_demo][clientId:523abc1c-cf63-2e27-4fee-1d8fe135bdeb] forward invoke :{"action":"get_tt","category":"pc_profile_recommend","group":"tt_demo","min_behot_time":"1636703275","refresh_count":"2","url":"https://www.toutiao.com/api/pc/list/feed?channel_id=0"} to client:523abc1c-cf63-2e27-4fee-1d8fe135bdeb
[2022-07-09 14:41:14,112 [sekiro-worker-3-32]  INFO Sekiro:?]  [sekiroGroup:tt_demo][clientId:523abc1c-cf63-2e27-4fee-1d8fe135bdeb][action:get_tt] forward invoke seq:4 request:{"action":"get_tt","category":"pc_profile_recommend","group":"tt_demo","min_behot_time":"1636703275","refresh_count":"2","url":"https://www.toutiao.com/api/pc/list/feed?channel_id=0"}
[2022-07-09 14:41:34,012 [group-thread-tt_demo]  INFO Sekiro:?]  [sekiroGroup:tt_demo][clientId:19f18ac5-0d76-feef-6def-a0683cf63994] forward invoke :{"action":"get_tt","category":"pc_profile_recommend","group":"tt_demo","min_behot_time":"1636703275","refresh_count":"2","url":"https://www.toutiao.com/api/pc/list/feed?channel_id=0"} to client:19f18ac5-0d76-feef-6def-a0683cf63994
[2022-07-09 14:41:34,012 [sekiro-worker-3-34]  INFO Sekiro:?]  [sekiroGroup:tt_demo][clientId:19f18ac5-0d76-feef-6def-a0683cf63994][action:get_tt] forward invoke seq:5 request:{"action":"get_tt","category":"pc_profile_recommend","group":"tt_demo","min_behot_time":"1636703275","refresh_count":"2","url":"https://www.toutiao.com/api/pc/list/feed?channel_id=0"}
[2022-07-09 14:41:50,976 [group-thread-tt_demo]  INFO Sekiro:?]  [sekiroGroup:tt_demo][clientId:aaad7c10-e281-b437-983e-d35407485c2a] forward invoke :{"action":"get_tt","category":"pc_profile_recommend","group":"tt_demo","min_behot_time":"1636703275","refresh_count":"2","url":"https://www.toutiao.com/api/pc/list/feed?channel_id=0"} to client:aaad7c10-e281-b437-983e-d35407485c2a
[2022-07-09 14:41:50,976 [sekiro-worker-3-33]  INFO Sekiro:?]  [sekiroGroup:tt_demo][clientId:aaad7c10-e281-b437-983e-d35407485c2a][action:get_tt] forward invoke seq:5 request:{"action":"get_tt","category":"pc_profile_recommend","group":"tt_demo","min_behot_time":"1636703275","refresh_count":"2","url":"https://www.toutiao.com/api/pc/list/feed?channel_id=0"}
[2022-07-09 14:42:06,159 [group-thread-tt_demo]  INFO Sekiro:?]  [sekiroGroup:tt_demo][clientId:523abc1c-cf63-2e27-4fee-1d8fe135bdeb] forward invoke :{"action":"get_tt","category":"pc_profile_recommend","group":"tt_demo","min_behot_time":"1636703275","refresh_count":"2","url":"https://www.toutiao.com/api/pc/list/feed?channel_id=0"} to client:523abc1c-cf63-2e27-4fee-1d8fe135bdeb
[2022-07-09 14:42:06,160 [sekiro-worker-3-32]  INFO Sekiro:?]  [sekiroGroup:tt_demo][clientId:523abc1c-cf63-2e27-4fee-1d8fe135bdeb][action:get_tt] forward invoke seq:5 request:{"action":"get_tt","category":"pc_profile_recommend","group":"tt_demo","min_behot_time":"1636703275","refresh_count":"2","url":"https://www.toutiao.com/api/pc/list/feed?channel_id=0"}
[2022-07-09 14:42:12,476 [group-thread-tt_demo]  INFO Sekiro:?]  [sekiroGroup:tt_demo][clientId:19f18ac5-0d76-feef-6def-a0683cf63994] forward invoke :{"action":"get_tt","category":"pc_profile_recommend","group":"tt_demo","min_behot_time":"1636703275","refresh_count":"2","url":"https://www.toutiao.com/api/pc/list/feed?channel_id=0"} to client:19f18ac5-0d76-feef-6def-a0683cf63994
[2022-07-09 14:42:12,477 [sekiro-worker-3-34]  INFO Sekiro:?]  [sekiroGroup:tt_demo][clientId:19f18ac5-0d76-feef-6def-a0683cf63994][action:get_tt] forward invoke seq:6 request:{"action":"get_tt","category":"pc_profile_recommend","group":"tt_demo","min_behot_time":"1636703275","refresh_count":"2","url":"https://www.toutiao.com/api/pc/list/feed?channel_id=0"}
[2022-07-09 14:42:48,882 [group-thread-tt_demo]  INFO Sekiro:?]  [sekiroGroup:tt_demo][clientId:aaad7c10-e281-b437-983e-d35407485c2a] forward invoke :{"action":"get_tt","category":"pc_profile_recommend","group":"tt_demo","min_behot_time":"1636703275","refresh_count":"2","url":"https://www.toutiao.com/api/pc/list/feed?channel_id=0"} to client:aaad7c10-e281-b437-983e-d35407485c2a
[2022-07-09 14:42:48,882 [sekiro-worker-3-33]  INFO Sekiro:?]  [sekiroGroup:tt_demo][clientId:aaad7c10-e281-b437-983e-d35407485c2a][action:get_tt] forward invoke seq:6 request:{"action":"get_tt","category":"pc_profile_recommend","group":"tt_demo","min_behot_time":"1636703275","refresh_count":"2","url":"https://www.toutiao.com/api/pc/list/feed?channel_id=0"}
[2022-07-09 14:42:57,558 [group-thread-tt_demo]  INFO Sekiro:?]  [sekiroGroup:tt_demo][clientId:523abc1c-cf63-2e27-4fee-1d8fe135bdeb] forward invoke :{"action":"get_tt","category":"pc_profile_recommend","group":"tt_demo","min_behot_time":"1636703275","refresh_count":"2","url":"https://www.toutiao.com/api/pc/list/feed?channel_id=0"} to client:523abc1c-cf63-2e27-4fee-1d8fe135bdeb
[2022-07-09 14:42:57,558 [sekiro-worker-3-32]  INFO Sekiro:?]  [sekiroGroup:tt_demo][clientId:523abc1c-cf63-2e27-4fee-1d8fe135bdeb][action:get_tt] forward invoke seq:6 request:{"action":"get_tt","category":"pc_profile_recommend","group":"tt_demo","min_behot_time":"1636703275","refresh_count":"2","url":"https://www.toutiao.com/api/pc/list/feed?channel_id=0"}
[2022-07-09 14:44:13,527 [sekiro-worker-3-14]  INFO Sekiro:?]  [sekiroGroup:tt_demo][clientId:45155231-6f05-8451-d046-d211e7cd18d1] client register
[2022-07-09 14:45:13,526 [sekiro-worker-3-15]  INFO Sekiro:?]  [sekiroGroup:tt_demo][clientId:86a01e35-ccb2-e12e-2876-161343bab36e] client register
[2022-07-09 14:45:27,731 [group-thread-tt_demo]  INFO Sekiro:?]  [sekiroGroup:tt_demo][clientId:86a01e35-ccb2-e12e-2876-161343bab36e] forward invoke :{"action":"get_tt","category":"pc_profile_recommend","group":"tt_demo","min_behot_time":"1636703275","refresh_count":"2","url":"https://www.toutiao.com/api/pc/list/feed?channel_id=0"} to client:86a01e35-ccb2-e12e-2876-161343bab36e
[2022-07-09 14:45:27,731 [sekiro-worker-3-15]  INFO Sekiro:?]  [sekiroGroup:tt_demo][clientId:86a01e35-ccb2-e12e-2876-161343bab36e][action:get_tt] forward invoke seq:2 request:{"action":"get_tt","category":"pc_profile_recommend","group":"tt_demo","min_behot_time":"1636703275","refresh_count":"2","url":"https://www.toutiao.com/api/pc/list/feed?channel_id=0"}
[2022-07-09 14:46:06,985 [group-thread-tt_demo]  INFO Sekiro:?]  [sekiroGroup:tt_demo][clientId:45155231-6f05-8451-d046-d211e7cd18d1] forward invoke :{"action":"get_tt","category":"pc_profile_recommend","group":"tt_demo","min_behot_time":"1636703275","refresh_count":"2","url":"https://www.toutiao.com/api/pc/list/feed?channel_id=0"} to client:45155231-6f05-8451-d046-d211e7cd18d1
[2022-07-09 14:46:06,985 [sekiro-worker-3-14]  INFO Sekiro:?]  [sekiroGroup:tt_demo][clientId:45155231-6f05-8451-d046-d211e7cd18d1][action:get_tt] forward invoke seq:2 request:{"action":"get_tt","category":"pc_profile_recommend","group":"tt_demo","min_behot_time":"1636703275","refresh_count":"2","url":"https://www.toutiao.com/api/pc/list/feed?channel_id=0"}
[2022-07-09 14:46:13,514 [sekiro-worker-3-18]  INFO Sekiro:?]  [sekiroGroup:tt_demo][clientId:b07de3f9-9e7d-68a2-cc88-f9f4acd1ad0f] client register
[2022-07-09 14:46:36,956 [group-thread-tt_demo]  INFO Sekiro:?]  [sekiroGroup:tt_demo][clientId:b07de3f9-9e7d-68a2-cc88-f9f4acd1ad0f] forward invoke :{"action":"get_tt","category":"pc_profile_recommend","group":"tt_demo","min_behot_time":"1636703275","refresh_count":"2","url":"https://www.toutiao.com/api/pc/list/feed?channel_id=0"} to client:b07de3f9-9e7d-68a2-cc88-f9f4acd1ad0f
[2022-07-09 14:46:36,956 [sekiro-worker-3-18]  INFO Sekiro:?]  [sekiroGroup:tt_demo][clientId:b07de3f9-9e7d-68a2-cc88-f9f4acd1ad0f][action:get_tt] forward invoke seq:2 request:{"action":"get_tt","category":"pc_profile_recommend","group":"tt_demo","min_behot_time":"1636703275","refresh_count":"2","url":"https://www.toutiao.com/api/pc/list/feed?channel_id=0"}
[2022-07-09 14:46:44,972 [group-thread-tt_demo]  INFO Sekiro:?]  [sekiroGroup:tt_demo][clientId:19f18ac5-0d76-feef-6def-a0683cf63994] client disconnect
[2022-07-09 14:46:44,975 [group-thread-tt_demo]  INFO Sekiro:?]  [sekiroGroup:tt_demo][clientId:86a01e35-ccb2-e12e-2876-161343bab36e] client disconnect
[2022-07-09 14:46:44,975 [group-thread-tt_demo]  INFO Sekiro:?]  [sekiroGroup:tt_demo][clientId:523abc1c-cf63-2e27-4fee-1d8fe135bdeb] client disconnect
[2022-07-09 14:46:44,978 [group-thread-tt_demo]  INFO Sekiro:?]  [sekiroGroup:tt_demo][clientId:aaad7c10-e281-b437-983e-d35407485c2a] client disconnect
[2022-07-09 14:46:44,978 [group-thread-tt_demo]  INFO Sekiro:?]  [sekiroGroup:tt_demo][clientId:b07de3f9-9e7d-68a2-cc88-f9f4acd1ad0f] client disconnect
[2022-07-09 14:46:44,980 [group-thread-tt_demo]  INFO Sekiro:?]  [sekiroGroup:tt_demo][clientId:45155231-6f05-8451-d046-d211e7cd18d1] client disconnect
[2022-07-09 14:46:55,570 [group-thread-tt_demo]  WARN Sekiro:?]  [sekiroGroup:tt_demo][clientId:group:tt_demo:system-fake] pool queue empty
